<html>
<head>
<title>TestNG:  Test</title>
<link href="../testng.css" rel="stylesheet" type="text/css" />
<link href="../my-testng.css" rel="stylesheet" type="text/css" />

<style type="text/css">
.log { display: none;} 
.stack-trace { display: none;} 
</style>
<script type="text/javascript">
<!--
function flip(e) {
  current = e.style.display;
  if (current == 'block') {
    e.style.display = 'none';
    return 0;
  }
  else {
    e.style.display = 'block';
    return 1;
  }
}

function toggleBox(szDivId, elem, msg1, msg2)
{
  var res = -1;  if (document.getElementById) {
    res = flip(document.getElementById(szDivId));
  }
  else if (document.all) {
    // this is the way old msie versions work
    res = flip(document.all[szDivId]);
  }
  if(elem) {
    if(res == 0) elem.innerHTML = msg1; else elem.innerHTML = msg2;
  }

}

function toggleAllBoxes() {
  if (document.getElementsByTagName) {
    d = document.getElementsByTagName('div');
    for (i = 0; i < d.length; i++) {
      if (d[i].className == 'log') {
        flip(d[i]);
      }
    }
  }
}

// -->
</script>

</head>
<body>
<h2 align='center'>Test</h2><table border='1' align="center">
<tr>
<td>Tests passed/Failed/Skipped:</td><td>50/11/40</td>
</tr><tr>
<td>Started on:</td><td>Fri May 05 10:45:57 IST 2023</td>
</tr>
<tr><td>Total time:</td><td>1053 seconds (1053614 ms)</td>
</tr><tr>
<td>Included groups:</td><td></td>
</tr><tr>
<td>Excluded groups:</td><td></td>
</tr>
</table><p/>
<small><i>(Hover the method name to see the test class name)</i></small><p/>
<table width='100%' border='1' class='invocation-failed'>
<tr><td colspan='4' align='center'><b>FAILED TESTS</b></td></tr>
<tr><td><b>Test method</b></td>
<td width="30%"><b>Exception</b></td>
<td width="10%"><b>Time (seconds)</b></td>
<td><b>Instance</b></td>
</tr>
<tr>
<td title='com.playexch.sportsbook.SoccerBackUnmatchedTC.backBetPlace()'><b>backBetPlace</b><br>Test class: com.playexch.sportsbook.SoccerBackUnmatchedTC</td>
<td><div><pre>org.openqa.selenium.NoSuchElementException: no such element: Unable to locate element: {&quot;method&quot;:&quot;xpath&quot;,&quot;selector&quot;:&quot;(//input[@type=&apos;text&apos;])[5]&quot;}
  (Session info: chrome=112.0.5615.137)
For documentation on this error, please visit: https://selenium.dev/exceptions/#no_such_element
Build info: version: &apos;4.1.1&apos;, revision: &apos;e8fcc2cecf&apos;
System info: host: &apos;Admins-MacBook-Air.local&apos;, ip: &apos;fe80:0:0:0:8ab:ca66:83f9:db2%en0&apos;, os.name: &apos;Mac OS X&apos;, os.arch: &apos;x86_64&apos;, os.version: &apos;13.2.1&apos;, java.version: &apos;17.0.5&apos;
Driver info: org.openqa.selenium.chrome.ChromeDriver
Command: [2a0ed74fae97557192455f0522a5586a, findElement {using=xpath, value=(//input[@type=&apos;text&apos;])[5]}]
Capabilities {acceptInsecureCerts: false, browserName: chrome, browserVersion: 112.0.5615.137, chrome: {chromedriverVersion: 112.0.5615.49 (bd2a7bcb881c..., userDataDir: /var/folders/_l/cndz3rc16s7...}, goog:chromeOptions: {debuggerAddress: localhost:49686}, javascriptEnabled: true, networkConnectionEnabled: false, pageLoadStrategy: normal, platform: MAC, platformName: MAC, proxy: Proxy(), se:cdp: ws://localhost:49686/devtoo..., se:cdpVersion: 112.0.5615.137, setWindowRect: true, strictFileInteractability: false, timeouts: {implicit: 0, pageLoad: 300000, script: 30000}, unhandledPromptBehavior: dismiss and notify, webauthn:extension:credBlob: true, webauthn:extension:largeBlob: true, webauthn:extension:minPinLength: true, webauthn:extension:prf: true, webauthn:virtualAuthenticators: true}
Session ID: 2a0ed74fae97557192455f0522a5586a
	at org.openqa.selenium.remote.codec.w3c.W3CHttpResponseCodec.createException(W3CHttpResponseCodec.java:200)
	at org.openqa.selenium.remote.codec.w3c.W3CHttpResponseCodec.decode(W3CHttpResponseCodec.java:133)
	at org.openqa.selenium.remote.codec.w3c.W3CHttpResponseCodec.decode(W3CHttpResponseCodec.java:53)
	at org.openqa.selenium.remote.HttpCommandExecutor.execute(HttpCommandExecutor.java:184)
	at org.openqa.selenium.remote.service.DriverCommandExecutor.invokeExecute(DriverCommandExecutor.java:167)
	at org.openqa.selenium.remote.service.DriverCommandExecutor.execute(DriverCommandExecutor.java:142)
	at org.openqa.selenium.remote.RemoteWebDriver.execute(RemoteWebDriver.java:543)
	at org.openqa.selenium.remote.ElementLocation$ElementFinder$2.findElement(ElementLocation.java:162)
	at org.openqa.selenium.remote.ElementLocation.findElement(ElementLocation.java:60)
	at org.openqa.selenium.remote.RemoteWebDriver.findElement(RemoteWebDriver.java:367)
	at org.openqa.selenium.remote.RemoteWebDriver.findElement(RemoteWebDriver.java:359)
	at org.openqa.selenium.support.pagefactory.DefaultElementLocator.findElement(DefaultElementLocator.java:70)
	at org.openqa.selenium.support.pagefactory.internal.LocatingElementHandler.invoke(LocatingElementHandler.java:39)
	at jdk.proxy2/jdk.proxy2.$Proxy22.sendKeys(Unknown Source)
	at com.playexch.module.PlayexchSoccerPage.getPlayexchStakeValue(PlayexchSoccerPage.java:205)
	at com.playexch.sportsbook.SoccerBackUnmatchedTC.backBetPlace(SoccerBackUnmatchedTC.java:68)
	at java.base/java.util.ArrayList.forEach(ArrayList.java:1511)
... Removed 31 stack frames</pre></div><a href='#' onClick='toggleBox("stack-trace965121190", this, "Click to show all stack frames", "Click to hide stack frames")'>Click to show all stack frames</a>
<div class='stack-trace' id='stack-trace965121190'><pre>org.openqa.selenium.NoSuchElementException: no such element: Unable to locate element: {&quot;method&quot;:&quot;xpath&quot;,&quot;selector&quot;:&quot;(//input[@type=&apos;text&apos;])[5]&quot;}
  (Session info: chrome=112.0.5615.137)
For documentation on this error, please visit: https://selenium.dev/exceptions/#no_such_element
Build info: version: &apos;4.1.1&apos;, revision: &apos;e8fcc2cecf&apos;
System info: host: &apos;Admins-MacBook-Air.local&apos;, ip: &apos;fe80:0:0:0:8ab:ca66:83f9:db2%en0&apos;, os.name: &apos;Mac OS X&apos;, os.arch: &apos;x86_64&apos;, os.version: &apos;13.2.1&apos;, java.version: &apos;17.0.5&apos;
Driver info: org.openqa.selenium.chrome.ChromeDriver
Command: [2a0ed74fae97557192455f0522a5586a, findElement {using=xpath, value=(//input[@type=&apos;text&apos;])[5]}]
Capabilities {acceptInsecureCerts: false, browserName: chrome, browserVersion: 112.0.5615.137, chrome: {chromedriverVersion: 112.0.5615.49 (bd2a7bcb881c..., userDataDir: /var/folders/_l/cndz3rc16s7...}, goog:chromeOptions: {debuggerAddress: localhost:49686}, javascriptEnabled: true, networkConnectionEnabled: false, pageLoadStrategy: normal, platform: MAC, platformName: MAC, proxy: Proxy(), se:cdp: ws://localhost:49686/devtoo..., se:cdpVersion: 112.0.5615.137, setWindowRect: true, strictFileInteractability: false, timeouts: {implicit: 0, pageLoad: 300000, script: 30000}, unhandledPromptBehavior: dismiss and notify, webauthn:extension:credBlob: true, webauthn:extension:largeBlob: true, webauthn:extension:minPinLength: true, webauthn:extension:prf: true, webauthn:virtualAuthenticators: true}
Session ID: 2a0ed74fae97557192455f0522a5586a
	at jdk.internal.reflect.GeneratedConstructorAccessor24.newInstance(Unknown Source)
	at java.base/jdk.internal.reflect.DelegatingConstructorAccessorImpl.newInstance(DelegatingConstructorAccessorImpl.java:45)
	at java.base/java.lang.reflect.Constructor.newInstanceWithCaller(Constructor.java:499)
	at java.base/java.lang.reflect.Constructor.newInstance(Constructor.java:480)
	at org.openqa.selenium.remote.codec.w3c.W3CHttpResponseCodec.createException(W3CHttpResponseCodec.java:200)
	at org.openqa.selenium.remote.codec.w3c.W3CHttpResponseCodec.decode(W3CHttpResponseCodec.java:133)
	at org.openqa.selenium.remote.codec.w3c.W3CHttpResponseCodec.decode(W3CHttpResponseCodec.java:53)
	at org.openqa.selenium.remote.HttpCommandExecutor.execute(HttpCommandExecutor.java:184)
	at org.openqa.selenium.remote.service.DriverCommandExecutor.invokeExecute(DriverCommandExecutor.java:167)
	at org.openqa.selenium.remote.service.DriverCommandExecutor.execute(DriverCommandExecutor.java:142)
	at org.openqa.selenium.remote.RemoteWebDriver.execute(RemoteWebDriver.java:543)
	at org.openqa.selenium.remote.ElementLocation$ElementFinder$2.findElement(ElementLocation.java:162)
	at org.openqa.selenium.remote.ElementLocation.findElement(ElementLocation.java:60)
	at org.openqa.selenium.remote.RemoteWebDriver.findElement(RemoteWebDriver.java:367)
	at org.openqa.selenium.remote.RemoteWebDriver.findElement(RemoteWebDriver.java:359)
	at org.openqa.selenium.support.pagefactory.DefaultElementLocator.findElement(DefaultElementLocator.java:70)
	at org.openqa.selenium.support.pagefactory.internal.LocatingElementHandler.invoke(LocatingElementHandler.java:39)
	at jdk.proxy2/jdk.proxy2.$Proxy22.sendKeys(Unknown Source)
	at com.playexch.module.PlayexchSoccerPage.getPlayexchStakeValue(PlayexchSoccerPage.java:205)
	at com.playexch.sportsbook.SoccerBackUnmatchedTC.backBetPlace(SoccerBackUnmatchedTC.java:68)
	at java.base/jdk.internal.reflect.NativeMethodAccessorImpl.invoke0(Native Method)
	at java.base/jdk.internal.reflect.NativeMethodAccessorImpl.invoke(NativeMethodAccessorImpl.java:77)
	at java.base/jdk.internal.reflect.DelegatingMethodAccessorImpl.invoke(DelegatingMethodAccessorImpl.java:43)
	at java.base/java.lang.reflect.Method.invoke(Method.java:568)
	at org.testng.internal.invokers.MethodInvocationHelper.invokeMethod(MethodInvocationHelper.java:135)
	at org.testng.internal.invokers.TestInvoker.invokeMethod(TestInvoker.java:673)
	at org.testng.internal.invokers.TestInvoker.invokeTestMethod(TestInvoker.java:220)
	at org.testng.internal.invokers.MethodRunner.runInSequence(MethodRunner.java:50)
	at org.testng.internal.invokers.TestInvoker$MethodInvocationAgent.invoke(TestInvoker.java:945)
	at org.testng.internal.invokers.TestInvoker.invokeTestMethods(TestInvoker.java:193)
	at org.testng.internal.invokers.TestMethodWorker.invokeTestMethods(TestMethodWorker.java:146)
	at org.testng.internal.invokers.TestMethodWorker.run(TestMethodWorker.java:128)
	at java.base/java.util.ArrayList.forEach(ArrayList.java:1511)
	at org.testng.TestRunner.privateRun(TestRunner.java:808)
	at org.testng.TestRunner.run(TestRunner.java:603)
	at org.testng.SuiteRunner.runTest(SuiteRunner.java:429)
	at org.testng.SuiteRunner.runSequentially(SuiteRunner.java:423)
	at org.testng.SuiteRunner.privateRun(SuiteRunner.java:383)
	at org.testng.SuiteRunner.run(SuiteRunner.java:326)
	at org.testng.SuiteRunnerWorker.runSuite(SuiteRunnerWorker.java:52)
	at org.testng.SuiteRunnerWorker.run(SuiteRunnerWorker.java:95)
	at org.testng.TestNG.runSuitesSequentially(TestNG.java:1249)
	at org.testng.TestNG.runSuitesLocally(TestNG.java:1169)
	at org.testng.TestNG.runSuites(TestNG.java:1092)
	at org.testng.TestNG.run(TestNG.java:1060)
	at org.testng.remote.AbstractRemoteTestNG.run(AbstractRemoteTestNG.java:115)
	at org.testng.remote.RemoteTestNG.initAndRun(RemoteTestNG.java:251)
	at org.testng.remote.RemoteTestNG.main(RemoteTestNG.java:77)
</pre></div></td>
<td>41</td>
<td>com.playexch.sportsbook.SoccerBackUnmatchedTC@8458f04</td></tr>
<tr>
<td title='com.playexch.sportsbook.TennisLayUnmatchedTC.layBetPlace()'><b>layBetPlace</b><br>Test class: com.playexch.sportsbook.TennisLayUnmatchedTC</td>
<td><div><pre>org.openqa.selenium.NoSuchElementException: no such element: Unable to locate element: {&quot;method&quot;:&quot;xpath&quot;,&quot;selector&quot;:&quot;(//div[@class=&apos;v-input__slot&apos;]//button)[1]&quot;}
  (Session info: chrome=112.0.5615.137)
For documentation on this error, please visit: https://selenium.dev/exceptions/#no_such_element
Build info: version: &apos;4.1.1&apos;, revision: &apos;e8fcc2cecf&apos;
System info: host: &apos;Admins-MacBook-Air.local&apos;, ip: &apos;fe80:0:0:0:8ab:ca66:83f9:db2%en0&apos;, os.name: &apos;Mac OS X&apos;, os.arch: &apos;x86_64&apos;, os.version: &apos;13.2.1&apos;, java.version: &apos;17.0.5&apos;
Driver info: org.openqa.selenium.chrome.ChromeDriver
Command: [2a0ed74fae97557192455f0522a5586a, findElement {using=xpath, value=(//div[@class=&apos;v-input__slot&apos;]//button)[1]}]
Capabilities {acceptInsecureCerts: false, browserName: chrome, browserVersion: 112.0.5615.137, chrome: {chromedriverVersion: 112.0.5615.49 (bd2a7bcb881c..., userDataDir: /var/folders/_l/cndz3rc16s7...}, goog:chromeOptions: {debuggerAddress: localhost:49686}, javascriptEnabled: true, networkConnectionEnabled: false, pageLoadStrategy: normal, platform: MAC, platformName: MAC, proxy: Proxy(), se:cdp: ws://localhost:49686/devtoo..., se:cdpVersion: 112.0.5615.137, setWindowRect: true, strictFileInteractability: false, timeouts: {implicit: 0, pageLoad: 300000, script: 30000}, unhandledPromptBehavior: dismiss and notify, webauthn:extension:credBlob: true, webauthn:extension:largeBlob: true, webauthn:extension:minPinLength: true, webauthn:extension:prf: true, webauthn:virtualAuthenticators: true}
Session ID: 2a0ed74fae97557192455f0522a5586a
	at org.openqa.selenium.remote.codec.w3c.W3CHttpResponseCodec.createException(W3CHttpResponseCodec.java:200)
	at org.openqa.selenium.remote.codec.w3c.W3CHttpResponseCodec.decode(W3CHttpResponseCodec.java:133)
	at org.openqa.selenium.remote.codec.w3c.W3CHttpResponseCodec.decode(W3CHttpResponseCodec.java:53)
	at org.openqa.selenium.remote.HttpCommandExecutor.execute(HttpCommandExecutor.java:184)
	at org.openqa.selenium.remote.service.DriverCommandExecutor.invokeExecute(DriverCommandExecutor.java:167)
	at org.openqa.selenium.remote.service.DriverCommandExecutor.execute(DriverCommandExecutor.java:142)
	at org.openqa.selenium.remote.RemoteWebDriver.execute(RemoteWebDriver.java:543)
	at org.openqa.selenium.remote.ElementLocation$ElementFinder$2.findElement(ElementLocation.java:162)
	at org.openqa.selenium.remote.ElementLocation.findElement(ElementLocation.java:60)
	at org.openqa.selenium.remote.RemoteWebDriver.findElement(RemoteWebDriver.java:367)
	at org.openqa.selenium.remote.RemoteWebDriver.findElement(RemoteWebDriver.java:359)
	at org.openqa.selenium.support.pagefactory.DefaultElementLocator.findElement(DefaultElementLocator.java:70)
	at org.openqa.selenium.support.pagefactory.internal.LocatingElementHandler.invoke(LocatingElementHandler.java:39)
	at jdk.proxy2/jdk.proxy2.$Proxy22.click(Unknown Source)
	at com.playexch.module.PlayexchTennisPage.setPlayexchFOddsValue(PlayexchTennisPage.java:204)
	at com.playexch.sportsbook.TennisLayUnmatchedTC.layBetPlace(TennisLayUnmatchedTC.java:65)
	at java.base/java.util.ArrayList.forEach(ArrayList.java:1511)
... Removed 31 stack frames</pre></div><a href='#' onClick='toggleBox("stack-trace1425169218", this, "Click to show all stack frames", "Click to hide stack frames")'>Click to show all stack frames</a>
<div class='stack-trace' id='stack-trace1425169218'><pre>org.openqa.selenium.NoSuchElementException: no such element: Unable to locate element: {&quot;method&quot;:&quot;xpath&quot;,&quot;selector&quot;:&quot;(//div[@class=&apos;v-input__slot&apos;]//button)[1]&quot;}
  (Session info: chrome=112.0.5615.137)
For documentation on this error, please visit: https://selenium.dev/exceptions/#no_such_element
Build info: version: &apos;4.1.1&apos;, revision: &apos;e8fcc2cecf&apos;
System info: host: &apos;Admins-MacBook-Air.local&apos;, ip: &apos;fe80:0:0:0:8ab:ca66:83f9:db2%en0&apos;, os.name: &apos;Mac OS X&apos;, os.arch: &apos;x86_64&apos;, os.version: &apos;13.2.1&apos;, java.version: &apos;17.0.5&apos;
Driver info: org.openqa.selenium.chrome.ChromeDriver
Command: [2a0ed74fae97557192455f0522a5586a, findElement {using=xpath, value=(//div[@class=&apos;v-input__slot&apos;]//button)[1]}]
Capabilities {acceptInsecureCerts: false, browserName: chrome, browserVersion: 112.0.5615.137, chrome: {chromedriverVersion: 112.0.5615.49 (bd2a7bcb881c..., userDataDir: /var/folders/_l/cndz3rc16s7...}, goog:chromeOptions: {debuggerAddress: localhost:49686}, javascriptEnabled: true, networkConnectionEnabled: false, pageLoadStrategy: normal, platform: MAC, platformName: MAC, proxy: Proxy(), se:cdp: ws://localhost:49686/devtoo..., se:cdpVersion: 112.0.5615.137, setWindowRect: true, strictFileInteractability: false, timeouts: {implicit: 0, pageLoad: 300000, script: 30000}, unhandledPromptBehavior: dismiss and notify, webauthn:extension:credBlob: true, webauthn:extension:largeBlob: true, webauthn:extension:minPinLength: true, webauthn:extension:prf: true, webauthn:virtualAuthenticators: true}
Session ID: 2a0ed74fae97557192455f0522a5586a
	at jdk.internal.reflect.GeneratedConstructorAccessor24.newInstance(Unknown Source)
	at java.base/jdk.internal.reflect.DelegatingConstructorAccessorImpl.newInstance(DelegatingConstructorAccessorImpl.java:45)
	at java.base/java.lang.reflect.Constructor.newInstanceWithCaller(Constructor.java:499)
	at java.base/java.lang.reflect.Constructor.newInstance(Constructor.java:480)
	at org.openqa.selenium.remote.codec.w3c.W3CHttpResponseCodec.createException(W3CHttpResponseCodec.java:200)
	at org.openqa.selenium.remote.codec.w3c.W3CHttpResponseCodec.decode(W3CHttpResponseCodec.java:133)
	at org.openqa.selenium.remote.codec.w3c.W3CHttpResponseCodec.decode(W3CHttpResponseCodec.java:53)
	at org.openqa.selenium.remote.HttpCommandExecutor.execute(HttpCommandExecutor.java:184)
	at org.openqa.selenium.remote.service.DriverCommandExecutor.invokeExecute(DriverCommandExecutor.java:167)
	at org.openqa.selenium.remote.service.DriverCommandExecutor.execute(DriverCommandExecutor.java:142)
	at org.openqa.selenium.remote.RemoteWebDriver.execute(RemoteWebDriver.java:543)
	at org.openqa.selenium.remote.ElementLocation$ElementFinder$2.findElement(ElementLocation.java:162)
	at org.openqa.selenium.remote.ElementLocation.findElement(ElementLocation.java:60)
	at org.openqa.selenium.remote.RemoteWebDriver.findElement(RemoteWebDriver.java:367)
	at org.openqa.selenium.remote.RemoteWebDriver.findElement(RemoteWebDriver.java:359)
	at org.openqa.selenium.support.pagefactory.DefaultElementLocator.findElement(DefaultElementLocator.java:70)
	at org.openqa.selenium.support.pagefactory.internal.LocatingElementHandler.invoke(LocatingElementHandler.java:39)
	at jdk.proxy2/jdk.proxy2.$Proxy22.click(Unknown Source)
	at com.playexch.module.PlayexchTennisPage.setPlayexchFOddsValue(PlayexchTennisPage.java:204)
	at com.playexch.sportsbook.TennisLayUnmatchedTC.layBetPlace(TennisLayUnmatchedTC.java:65)
	at java.base/jdk.internal.reflect.NativeMethodAccessorImpl.invoke0(Native Method)
	at java.base/jdk.internal.reflect.NativeMethodAccessorImpl.invoke(NativeMethodAccessorImpl.java:77)
	at java.base/jdk.internal.reflect.DelegatingMethodAccessorImpl.invoke(DelegatingMethodAccessorImpl.java:43)
	at java.base/java.lang.reflect.Method.invoke(Method.java:568)
	at org.testng.internal.invokers.MethodInvocationHelper.invokeMethod(MethodInvocationHelper.java:135)
	at org.testng.internal.invokers.TestInvoker.invokeMethod(TestInvoker.java:673)
	at org.testng.internal.invokers.TestInvoker.invokeTestMethod(TestInvoker.java:220)
	at org.testng.internal.invokers.MethodRunner.runInSequence(MethodRunner.java:50)
	at org.testng.internal.invokers.TestInvoker$MethodInvocationAgent.invoke(TestInvoker.java:945)
	at org.testng.internal.invokers.TestInvoker.invokeTestMethods(TestInvoker.java:193)
	at org.testng.internal.invokers.TestMethodWorker.invokeTestMethods(TestMethodWorker.java:146)
	at org.testng.internal.invokers.TestMethodWorker.run(TestMethodWorker.java:128)
	at java.base/java.util.ArrayList.forEach(ArrayList.java:1511)
	at org.testng.TestRunner.privateRun(TestRunner.java:808)
	at org.testng.TestRunner.run(TestRunner.java:603)
	at org.testng.SuiteRunner.runTest(SuiteRunner.java:429)
	at org.testng.SuiteRunner.runSequentially(SuiteRunner.java:423)
	at org.testng.SuiteRunner.privateRun(SuiteRunner.java:383)
	at org.testng.SuiteRunner.run(SuiteRunner.java:326)
	at org.testng.SuiteRunnerWorker.runSuite(SuiteRunnerWorker.java:52)
	at org.testng.SuiteRunnerWorker.run(SuiteRunnerWorker.java:95)
	at org.testng.TestNG.runSuitesSequentially(TestNG.java:1249)
	at org.testng.TestNG.runSuitesLocally(TestNG.java:1169)
	at org.testng.TestNG.runSuites(TestNG.java:1092)
	at org.testng.TestNG.run(TestNG.java:1060)
	at org.testng.remote.AbstractRemoteTestNG.run(AbstractRemoteTestNG.java:115)
	at org.testng.remote.RemoteTestNG.initAndRun(RemoteTestNG.java:251)
	at org.testng.remote.RemoteTestNG.main(RemoteTestNG.java:77)
</pre></div></td>
<td>52</td>
<td>com.playexch.sportsbook.TennisLayUnmatchedTC@48075da3</td></tr>
<tr>
<td title='com.playexch.testclass.LoginTestCases.validUsername_InavalidPassword()'><b>validUsername_InavalidPassword</b><br>Test class: com.playexch.testclass.LoginTestCases</td>
<td><div><pre>java.lang.AssertionError: expected:&lt;Invalid Credentials. Please contact upline&gt; but was:&lt;Logged in successfully&gt;
	at com.playexch.testclass.LoginTestCases.verifyLogin(LoginTestCases.java:102)
	at com.playexch.testclass.LoginTestCases.validUsername_InavalidPassword(LoginTestCases.java:32)
	at java.base/java.util.ArrayList.forEach(ArrayList.java:1511)
... Removed 29 stack frames</pre></div><a href='#' onClick='toggleBox("stack-trace854977732", this, "Click to show all stack frames", "Click to hide stack frames")'>Click to show all stack frames</a>
<div class='stack-trace' id='stack-trace854977732'><pre>java.lang.AssertionError: expected:&lt;Invalid Credentials. Please contact upline&gt; but was:&lt;Logged in successfully&gt;
	at org.testng.AssertJUnit.assertEquals(AssertJUnit.java:115)
	at org.testng.AssertJUnit.assertEquals(AssertJUnit.java:125)
	at com.playexch.testclass.LoginTestCases.verifyLogin(LoginTestCases.java:102)
	at com.playexch.testclass.LoginTestCases.validUsername_InavalidPassword(LoginTestCases.java:32)
	at java.base/jdk.internal.reflect.NativeMethodAccessorImpl.invoke0(Native Method)
	at java.base/jdk.internal.reflect.NativeMethodAccessorImpl.invoke(NativeMethodAccessorImpl.java:77)
	at java.base/jdk.internal.reflect.DelegatingMethodAccessorImpl.invoke(DelegatingMethodAccessorImpl.java:43)
	at java.base/java.lang.reflect.Method.invoke(Method.java:568)
	at org.testng.internal.invokers.MethodInvocationHelper.invokeMethod(MethodInvocationHelper.java:135)
	at org.testng.internal.invokers.TestInvoker.invokeMethod(TestInvoker.java:673)
	at org.testng.internal.invokers.TestInvoker.invokeTestMethod(TestInvoker.java:220)
	at org.testng.internal.invokers.MethodRunner.runInSequence(MethodRunner.java:50)
	at org.testng.internal.invokers.TestInvoker$MethodInvocationAgent.invoke(TestInvoker.java:945)
	at org.testng.internal.invokers.TestInvoker.invokeTestMethods(TestInvoker.java:193)
	at org.testng.internal.invokers.TestMethodWorker.invokeTestMethods(TestMethodWorker.java:146)
	at org.testng.internal.invokers.TestMethodWorker.run(TestMethodWorker.java:128)
	at java.base/java.util.ArrayList.forEach(ArrayList.java:1511)
	at org.testng.TestRunner.privateRun(TestRunner.java:808)
	at org.testng.TestRunner.run(TestRunner.java:603)
	at org.testng.SuiteRunner.runTest(SuiteRunner.java:429)
	at org.testng.SuiteRunner.runSequentially(SuiteRunner.java:423)
	at org.testng.SuiteRunner.privateRun(SuiteRunner.java:383)
	at org.testng.SuiteRunner.run(SuiteRunner.java:326)
	at org.testng.SuiteRunnerWorker.runSuite(SuiteRunnerWorker.java:52)
	at org.testng.SuiteRunnerWorker.run(SuiteRunnerWorker.java:95)
	at org.testng.TestNG.runSuitesSequentially(TestNG.java:1249)
	at org.testng.TestNG.runSuitesLocally(TestNG.java:1169)
	at org.testng.TestNG.runSuites(TestNG.java:1092)
	at org.testng.TestNG.run(TestNG.java:1060)
	at org.testng.remote.AbstractRemoteTestNG.run(AbstractRemoteTestNG.java:115)
	at org.testng.remote.RemoteTestNG.initAndRun(RemoteTestNG.java:251)
	at org.testng.remote.RemoteTestNG.main(RemoteTestNG.java:77)
</pre></div></td>
<td>28</td>
<td>com.playexch.testclass.LoginTestCases@15043a2f</td></tr>
<tr>
<td title='com.playexch.sportsbook.TennisLayMatchedTC.layBetPlace()'><b>layBetPlace</b><br>Test class: com.playexch.sportsbook.TennisLayMatchedTC</td>
<td><div><pre>org.openqa.selenium.NoSuchElementException: no such element: Unable to locate element: {&quot;method&quot;:&quot;xpath&quot;,&quot;selector&quot;:&quot;(//input[@type=&apos;text&apos;])[5]&quot;}
  (Session info: chrome=112.0.5615.137)
For documentation on this error, please visit: https://selenium.dev/exceptions/#no_such_element
Build info: version: &apos;4.1.1&apos;, revision: &apos;e8fcc2cecf&apos;
System info: host: &apos;Admins-MacBook-Air.local&apos;, ip: &apos;fe80:0:0:0:8ab:ca66:83f9:db2%en0&apos;, os.name: &apos;Mac OS X&apos;, os.arch: &apos;x86_64&apos;, os.version: &apos;13.2.1&apos;, java.version: &apos;17.0.5&apos;
Driver info: org.openqa.selenium.chrome.ChromeDriver
Command: [2a0ed74fae97557192455f0522a5586a, findElement {using=xpath, value=(//input[@type=&apos;text&apos;])[5]}]
Capabilities {acceptInsecureCerts: false, browserName: chrome, browserVersion: 112.0.5615.137, chrome: {chromedriverVersion: 112.0.5615.49 (bd2a7bcb881c..., userDataDir: /var/folders/_l/cndz3rc16s7...}, goog:chromeOptions: {debuggerAddress: localhost:49686}, javascriptEnabled: true, networkConnectionEnabled: false, pageLoadStrategy: normal, platform: MAC, platformName: MAC, proxy: Proxy(), se:cdp: ws://localhost:49686/devtoo..., se:cdpVersion: 112.0.5615.137, setWindowRect: true, strictFileInteractability: false, timeouts: {implicit: 0, pageLoad: 300000, script: 30000}, unhandledPromptBehavior: dismiss and notify, webauthn:extension:credBlob: true, webauthn:extension:largeBlob: true, webauthn:extension:minPinLength: true, webauthn:extension:prf: true, webauthn:virtualAuthenticators: true}
Session ID: 2a0ed74fae97557192455f0522a5586a
	at org.openqa.selenium.remote.codec.w3c.W3CHttpResponseCodec.createException(W3CHttpResponseCodec.java:200)
	at org.openqa.selenium.remote.codec.w3c.W3CHttpResponseCodec.decode(W3CHttpResponseCodec.java:133)
	at org.openqa.selenium.remote.codec.w3c.W3CHttpResponseCodec.decode(W3CHttpResponseCodec.java:53)
	at org.openqa.selenium.remote.HttpCommandExecutor.execute(HttpCommandExecutor.java:184)
	at org.openqa.selenium.remote.service.DriverCommandExecutor.invokeExecute(DriverCommandExecutor.java:167)
	at org.openqa.selenium.remote.service.DriverCommandExecutor.execute(DriverCommandExecutor.java:142)
	at org.openqa.selenium.remote.RemoteWebDriver.execute(RemoteWebDriver.java:543)
	at org.openqa.selenium.remote.ElementLocation$ElementFinder$2.findElement(ElementLocation.java:162)
	at org.openqa.selenium.remote.ElementLocation.findElement(ElementLocation.java:60)
	at org.openqa.selenium.remote.RemoteWebDriver.findElement(RemoteWebDriver.java:367)
	at org.openqa.selenium.remote.RemoteWebDriver.findElement(RemoteWebDriver.java:359)
	at org.openqa.selenium.support.pagefactory.DefaultElementLocator.findElement(DefaultElementLocator.java:70)
	at org.openqa.selenium.support.pagefactory.internal.LocatingElementHandler.invoke(LocatingElementHandler.java:39)
	at jdk.proxy2/jdk.proxy2.$Proxy22.sendKeys(Unknown Source)
	at com.playexch.module.PlayexchTennisPage.getPlayexchStakeValue(PlayexchTennisPage.java:209)
	at com.playexch.sportsbook.TennisLayMatchedTC.layBetPlace(TennisLayMatchedTC.java:65)
	at java.base/java.util.ArrayList.forEach(ArrayList.java:1511)
... Removed 31 stack frames</pre></div><a href='#' onClick='toggleBox("stack-trace1810368041", this, "Click to show all stack frames", "Click to hide stack frames")'>Click to show all stack frames</a>
<div class='stack-trace' id='stack-trace1810368041'><pre>org.openqa.selenium.NoSuchElementException: no such element: Unable to locate element: {&quot;method&quot;:&quot;xpath&quot;,&quot;selector&quot;:&quot;(//input[@type=&apos;text&apos;])[5]&quot;}
  (Session info: chrome=112.0.5615.137)
For documentation on this error, please visit: https://selenium.dev/exceptions/#no_such_element
Build info: version: &apos;4.1.1&apos;, revision: &apos;e8fcc2cecf&apos;
System info: host: &apos;Admins-MacBook-Air.local&apos;, ip: &apos;fe80:0:0:0:8ab:ca66:83f9:db2%en0&apos;, os.name: &apos;Mac OS X&apos;, os.arch: &apos;x86_64&apos;, os.version: &apos;13.2.1&apos;, java.version: &apos;17.0.5&apos;
Driver info: org.openqa.selenium.chrome.ChromeDriver
Command: [2a0ed74fae97557192455f0522a5586a, findElement {using=xpath, value=(//input[@type=&apos;text&apos;])[5]}]
Capabilities {acceptInsecureCerts: false, browserName: chrome, browserVersion: 112.0.5615.137, chrome: {chromedriverVersion: 112.0.5615.49 (bd2a7bcb881c..., userDataDir: /var/folders/_l/cndz3rc16s7...}, goog:chromeOptions: {debuggerAddress: localhost:49686}, javascriptEnabled: true, networkConnectionEnabled: false, pageLoadStrategy: normal, platform: MAC, platformName: MAC, proxy: Proxy(), se:cdp: ws://localhost:49686/devtoo..., se:cdpVersion: 112.0.5615.137, setWindowRect: true, strictFileInteractability: false, timeouts: {implicit: 0, pageLoad: 300000, script: 30000}, unhandledPromptBehavior: dismiss and notify, webauthn:extension:credBlob: true, webauthn:extension:largeBlob: true, webauthn:extension:minPinLength: true, webauthn:extension:prf: true, webauthn:virtualAuthenticators: true}
Session ID: 2a0ed74fae97557192455f0522a5586a
	at jdk.internal.reflect.GeneratedConstructorAccessor24.newInstance(Unknown Source)
	at java.base/jdk.internal.reflect.DelegatingConstructorAccessorImpl.newInstance(DelegatingConstructorAccessorImpl.java:45)
	at java.base/java.lang.reflect.Constructor.newInstanceWithCaller(Constructor.java:499)
	at java.base/java.lang.reflect.Constructor.newInstance(Constructor.java:480)
	at org.openqa.selenium.remote.codec.w3c.W3CHttpResponseCodec.createException(W3CHttpResponseCodec.java:200)
	at org.openqa.selenium.remote.codec.w3c.W3CHttpResponseCodec.decode(W3CHttpResponseCodec.java:133)
	at org.openqa.selenium.remote.codec.w3c.W3CHttpResponseCodec.decode(W3CHttpResponseCodec.java:53)
	at org.openqa.selenium.remote.HttpCommandExecutor.execute(HttpCommandExecutor.java:184)
	at org.openqa.selenium.remote.service.DriverCommandExecutor.invokeExecute(DriverCommandExecutor.java:167)
	at org.openqa.selenium.remote.service.DriverCommandExecutor.execute(DriverCommandExecutor.java:142)
	at org.openqa.selenium.remote.RemoteWebDriver.execute(RemoteWebDriver.java:543)
	at org.openqa.selenium.remote.ElementLocation$ElementFinder$2.findElement(ElementLocation.java:162)
	at org.openqa.selenium.remote.ElementLocation.findElement(ElementLocation.java:60)
	at org.openqa.selenium.remote.RemoteWebDriver.findElement(RemoteWebDriver.java:367)
	at org.openqa.selenium.remote.RemoteWebDriver.findElement(RemoteWebDriver.java:359)
	at org.openqa.selenium.support.pagefactory.DefaultElementLocator.findElement(DefaultElementLocator.java:70)
	at org.openqa.selenium.support.pagefactory.internal.LocatingElementHandler.invoke(LocatingElementHandler.java:39)
	at jdk.proxy2/jdk.proxy2.$Proxy22.sendKeys(Unknown Source)
	at com.playexch.module.PlayexchTennisPage.getPlayexchStakeValue(PlayexchTennisPage.java:209)
	at com.playexch.sportsbook.TennisLayMatchedTC.layBetPlace(TennisLayMatchedTC.java:65)
	at java.base/jdk.internal.reflect.NativeMethodAccessorImpl.invoke0(Native Method)
	at java.base/jdk.internal.reflect.NativeMethodAccessorImpl.invoke(NativeMethodAccessorImpl.java:77)
	at java.base/jdk.internal.reflect.DelegatingMethodAccessorImpl.invoke(DelegatingMethodAccessorImpl.java:43)
	at java.base/java.lang.reflect.Method.invoke(Method.java:568)
	at org.testng.internal.invokers.MethodInvocationHelper.invokeMethod(MethodInvocationHelper.java:135)
	at org.testng.internal.invokers.TestInvoker.invokeMethod(TestInvoker.java:673)
	at org.testng.internal.invokers.TestInvoker.invokeTestMethod(TestInvoker.java:220)
	at org.testng.internal.invokers.MethodRunner.runInSequence(MethodRunner.java:50)
	at org.testng.internal.invokers.TestInvoker$MethodInvocationAgent.invoke(TestInvoker.java:945)
	at org.testng.internal.invokers.TestInvoker.invokeTestMethods(TestInvoker.java:193)
	at org.testng.internal.invokers.TestMethodWorker.invokeTestMethods(TestMethodWorker.java:146)
	at org.testng.internal.invokers.TestMethodWorker.run(TestMethodWorker.java:128)
	at java.base/java.util.ArrayList.forEach(ArrayList.java:1511)
	at org.testng.TestRunner.privateRun(TestRunner.java:808)
	at org.testng.TestRunner.run(TestRunner.java:603)
	at org.testng.SuiteRunner.runTest(SuiteRunner.java:429)
	at org.testng.SuiteRunner.runSequentially(SuiteRunner.java:423)
	at org.testng.SuiteRunner.privateRun(SuiteRunner.java:383)
	at org.testng.SuiteRunner.run(SuiteRunner.java:326)
	at org.testng.SuiteRunnerWorker.runSuite(SuiteRunnerWorker.java:52)
	at org.testng.SuiteRunnerWorker.run(SuiteRunnerWorker.java:95)
	at org.testng.TestNG.runSuitesSequentially(TestNG.java:1249)
	at org.testng.TestNG.runSuitesLocally(TestNG.java:1169)
	at org.testng.TestNG.runSuites(TestNG.java:1092)
	at org.testng.TestNG.run(TestNG.java:1060)
	at org.testng.remote.AbstractRemoteTestNG.run(AbstractRemoteTestNG.java:115)
	at org.testng.remote.RemoteTestNG.initAndRun(RemoteTestNG.java:251)
	at org.testng.remote.RemoteTestNG.main(RemoteTestNG.java:77)
</pre></div></td>
<td>52</td>
<td>com.playexch.sportsbook.TennisLayMatchedTC@5e2c3d18</td></tr>
<tr>
<td title='com.playexch.sportsbook.SoccerLayMatchedTC.layBetPlace()'><b>layBetPlace</b><br>Test class: com.playexch.sportsbook.SoccerLayMatchedTC</td>
<td><div><pre>org.openqa.selenium.NoSuchElementException: no such element: Unable to locate element: {&quot;method&quot;:&quot;xpath&quot;,&quot;selector&quot;:&quot;(//input[@type=&apos;text&apos;])[5]&quot;}
  (Session info: chrome=112.0.5615.137)
For documentation on this error, please visit: https://selenium.dev/exceptions/#no_such_element
Build info: version: &apos;4.1.1&apos;, revision: &apos;e8fcc2cecf&apos;
System info: host: &apos;Admins-MacBook-Air.local&apos;, ip: &apos;fe80:0:0:0:8ab:ca66:83f9:db2%en0&apos;, os.name: &apos;Mac OS X&apos;, os.arch: &apos;x86_64&apos;, os.version: &apos;13.2.1&apos;, java.version: &apos;17.0.5&apos;
Driver info: org.openqa.selenium.chrome.ChromeDriver
Command: [2a0ed74fae97557192455f0522a5586a, findElement {using=xpath, value=(//input[@type=&apos;text&apos;])[5]}]
Capabilities {acceptInsecureCerts: false, browserName: chrome, browserVersion: 112.0.5615.137, chrome: {chromedriverVersion: 112.0.5615.49 (bd2a7bcb881c..., userDataDir: /var/folders/_l/cndz3rc16s7...}, goog:chromeOptions: {debuggerAddress: localhost:49686}, javascriptEnabled: true, networkConnectionEnabled: false, pageLoadStrategy: normal, platform: MAC, platformName: MAC, proxy: Proxy(), se:cdp: ws://localhost:49686/devtoo..., se:cdpVersion: 112.0.5615.137, setWindowRect: true, strictFileInteractability: false, timeouts: {implicit: 0, pageLoad: 300000, script: 30000}, unhandledPromptBehavior: dismiss and notify, webauthn:extension:credBlob: true, webauthn:extension:largeBlob: true, webauthn:extension:minPinLength: true, webauthn:extension:prf: true, webauthn:virtualAuthenticators: true}
Session ID: 2a0ed74fae97557192455f0522a5586a
	at org.openqa.selenium.remote.codec.w3c.W3CHttpResponseCodec.createException(W3CHttpResponseCodec.java:200)
	at org.openqa.selenium.remote.codec.w3c.W3CHttpResponseCodec.decode(W3CHttpResponseCodec.java:133)
	at org.openqa.selenium.remote.codec.w3c.W3CHttpResponseCodec.decode(W3CHttpResponseCodec.java:53)
	at org.openqa.selenium.remote.HttpCommandExecutor.execute(HttpCommandExecutor.java:184)
	at org.openqa.selenium.remote.service.DriverCommandExecutor.invokeExecute(DriverCommandExecutor.java:167)
	at org.openqa.selenium.remote.service.DriverCommandExecutor.execute(DriverCommandExecutor.java:142)
	at org.openqa.selenium.remote.RemoteWebDriver.execute(RemoteWebDriver.java:543)
	at org.openqa.selenium.remote.ElementLocation$ElementFinder$2.findElement(ElementLocation.java:162)
	at org.openqa.selenium.remote.ElementLocation.findElement(ElementLocation.java:60)
	at org.openqa.selenium.remote.RemoteWebDriver.findElement(RemoteWebDriver.java:367)
	at org.openqa.selenium.remote.RemoteWebDriver.findElement(RemoteWebDriver.java:359)
	at org.openqa.selenium.support.pagefactory.DefaultElementLocator.findElement(DefaultElementLocator.java:70)
	at org.openqa.selenium.support.pagefactory.internal.LocatingElementHandler.invoke(LocatingElementHandler.java:39)
	at jdk.proxy2/jdk.proxy2.$Proxy22.sendKeys(Unknown Source)
	at com.playexch.module.PlayexchSoccerPage.getPlayexchStakeValue(PlayexchSoccerPage.java:205)
	at com.playexch.sportsbook.SoccerLayMatchedTC.layBetPlace(SoccerLayMatchedTC.java:67)
	at java.base/java.util.ArrayList.forEach(ArrayList.java:1511)
... Removed 31 stack frames</pre></div><a href='#' onClick='toggleBox("stack-trace1414097965", this, "Click to show all stack frames", "Click to hide stack frames")'>Click to show all stack frames</a>
<div class='stack-trace' id='stack-trace1414097965'><pre>org.openqa.selenium.NoSuchElementException: no such element: Unable to locate element: {&quot;method&quot;:&quot;xpath&quot;,&quot;selector&quot;:&quot;(//input[@type=&apos;text&apos;])[5]&quot;}
  (Session info: chrome=112.0.5615.137)
For documentation on this error, please visit: https://selenium.dev/exceptions/#no_such_element
Build info: version: &apos;4.1.1&apos;, revision: &apos;e8fcc2cecf&apos;
System info: host: &apos;Admins-MacBook-Air.local&apos;, ip: &apos;fe80:0:0:0:8ab:ca66:83f9:db2%en0&apos;, os.name: &apos;Mac OS X&apos;, os.arch: &apos;x86_64&apos;, os.version: &apos;13.2.1&apos;, java.version: &apos;17.0.5&apos;
Driver info: org.openqa.selenium.chrome.ChromeDriver
Command: [2a0ed74fae97557192455f0522a5586a, findElement {using=xpath, value=(//input[@type=&apos;text&apos;])[5]}]
Capabilities {acceptInsecureCerts: false, browserName: chrome, browserVersion: 112.0.5615.137, chrome: {chromedriverVersion: 112.0.5615.49 (bd2a7bcb881c..., userDataDir: /var/folders/_l/cndz3rc16s7...}, goog:chromeOptions: {debuggerAddress: localhost:49686}, javascriptEnabled: true, networkConnectionEnabled: false, pageLoadStrategy: normal, platform: MAC, platformName: MAC, proxy: Proxy(), se:cdp: ws://localhost:49686/devtoo..., se:cdpVersion: 112.0.5615.137, setWindowRect: true, strictFileInteractability: false, timeouts: {implicit: 0, pageLoad: 300000, script: 30000}, unhandledPromptBehavior: dismiss and notify, webauthn:extension:credBlob: true, webauthn:extension:largeBlob: true, webauthn:extension:minPinLength: true, webauthn:extension:prf: true, webauthn:virtualAuthenticators: true}
Session ID: 2a0ed74fae97557192455f0522a5586a
	at jdk.internal.reflect.GeneratedConstructorAccessor24.newInstance(Unknown Source)
	at java.base/jdk.internal.reflect.DelegatingConstructorAccessorImpl.newInstance(DelegatingConstructorAccessorImpl.java:45)
	at java.base/java.lang.reflect.Constructor.newInstanceWithCaller(Constructor.java:499)
	at java.base/java.lang.reflect.Constructor.newInstance(Constructor.java:480)
	at org.openqa.selenium.remote.codec.w3c.W3CHttpResponseCodec.createException(W3CHttpResponseCodec.java:200)
	at org.openqa.selenium.remote.codec.w3c.W3CHttpResponseCodec.decode(W3CHttpResponseCodec.java:133)
	at org.openqa.selenium.remote.codec.w3c.W3CHttpResponseCodec.decode(W3CHttpResponseCodec.java:53)
	at org.openqa.selenium.remote.HttpCommandExecutor.execute(HttpCommandExecutor.java:184)
	at org.openqa.selenium.remote.service.DriverCommandExecutor.invokeExecute(DriverCommandExecutor.java:167)
	at org.openqa.selenium.remote.service.DriverCommandExecutor.execute(DriverCommandExecutor.java:142)
	at org.openqa.selenium.remote.RemoteWebDriver.execute(RemoteWebDriver.java:543)
	at org.openqa.selenium.remote.ElementLocation$ElementFinder$2.findElement(ElementLocation.java:162)
	at org.openqa.selenium.remote.ElementLocation.findElement(ElementLocation.java:60)
	at org.openqa.selenium.remote.RemoteWebDriver.findElement(RemoteWebDriver.java:367)
	at org.openqa.selenium.remote.RemoteWebDriver.findElement(RemoteWebDriver.java:359)
	at org.openqa.selenium.support.pagefactory.DefaultElementLocator.findElement(DefaultElementLocator.java:70)
	at org.openqa.selenium.support.pagefactory.internal.LocatingElementHandler.invoke(LocatingElementHandler.java:39)
	at jdk.proxy2/jdk.proxy2.$Proxy22.sendKeys(Unknown Source)
	at com.playexch.module.PlayexchSoccerPage.getPlayexchStakeValue(PlayexchSoccerPage.java:205)
	at com.playexch.sportsbook.SoccerLayMatchedTC.layBetPlace(SoccerLayMatchedTC.java:67)
	at java.base/jdk.internal.reflect.NativeMethodAccessorImpl.invoke0(Native Method)
	at java.base/jdk.internal.reflect.NativeMethodAccessorImpl.invoke(NativeMethodAccessorImpl.java:77)
	at java.base/jdk.internal.reflect.DelegatingMethodAccessorImpl.invoke(DelegatingMethodAccessorImpl.java:43)
	at java.base/java.lang.reflect.Method.invoke(Method.java:568)
	at org.testng.internal.invokers.MethodInvocationHelper.invokeMethod(MethodInvocationHelper.java:135)
	at org.testng.internal.invokers.TestInvoker.invokeMethod(TestInvoker.java:673)
	at org.testng.internal.invokers.TestInvoker.invokeTestMethod(TestInvoker.java:220)
	at org.testng.internal.invokers.MethodRunner.runInSequence(MethodRunner.java:50)
	at org.testng.internal.invokers.TestInvoker$MethodInvocationAgent.invoke(TestInvoker.java:945)
	at org.testng.internal.invokers.TestInvoker.invokeTestMethods(TestInvoker.java:193)
	at org.testng.internal.invokers.TestMethodWorker.invokeTestMethods(TestMethodWorker.java:146)
	at org.testng.internal.invokers.TestMethodWorker.run(TestMethodWorker.java:128)
	at java.base/java.util.ArrayList.forEach(ArrayList.java:1511)
	at org.testng.TestRunner.privateRun(TestRunner.java:808)
	at org.testng.TestRunner.run(TestRunner.java:603)
	at org.testng.SuiteRunner.runTest(SuiteRunner.java:429)
	at org.testng.SuiteRunner.runSequentially(SuiteRunner.java:423)
	at org.testng.SuiteRunner.privateRun(SuiteRunner.java:383)
	at org.testng.SuiteRunner.run(SuiteRunner.java:326)
	at org.testng.SuiteRunnerWorker.runSuite(SuiteRunnerWorker.java:52)
	at org.testng.SuiteRunnerWorker.run(SuiteRunnerWorker.java:95)
	at org.testng.TestNG.runSuitesSequentially(TestNG.java:1249)
	at org.testng.TestNG.runSuitesLocally(TestNG.java:1169)
	at org.testng.TestNG.runSuites(TestNG.java:1092)
	at org.testng.TestNG.run(TestNG.java:1060)
	at org.testng.remote.AbstractRemoteTestNG.run(AbstractRemoteTestNG.java:115)
	at org.testng.remote.RemoteTestNG.initAndRun(RemoteTestNG.java:251)
	at org.testng.remote.RemoteTestNG.main(RemoteTestNG.java:77)
</pre></div></td>
<td>52</td>
<td>com.playexch.sportsbook.SoccerLayMatchedTC@606e4010</td></tr>
<tr>
<td title='com.playexch.testclass.LoginTestCases.invalidUsername_ValidPassword()'><b>invalidUsername_ValidPassword</b><br>Test class: com.playexch.testclass.LoginTestCases</td>
<td><div><pre>java.lang.AssertionError: expected:&lt;Invalid credentials&gt; but was:&lt;Logged in successfully&gt;
	at com.playexch.testclass.LoginTestCases.verifyLogin(LoginTestCases.java:102)
	at com.playexch.testclass.LoginTestCases.invalidUsername_ValidPassword(LoginTestCases.java:54)
	at java.base/java.util.ArrayList.forEach(ArrayList.java:1511)
... Removed 29 stack frames</pre></div><a href='#' onClick='toggleBox("stack-trace745642964", this, "Click to show all stack frames", "Click to hide stack frames")'>Click to show all stack frames</a>
<div class='stack-trace' id='stack-trace745642964'><pre>java.lang.AssertionError: expected:&lt;Invalid credentials&gt; but was:&lt;Logged in successfully&gt;
	at org.testng.AssertJUnit.assertEquals(AssertJUnit.java:115)
	at org.testng.AssertJUnit.assertEquals(AssertJUnit.java:125)
	at com.playexch.testclass.LoginTestCases.verifyLogin(LoginTestCases.java:102)
	at com.playexch.testclass.LoginTestCases.invalidUsername_ValidPassword(LoginTestCases.java:54)
	at java.base/jdk.internal.reflect.NativeMethodAccessorImpl.invoke0(Native Method)
	at java.base/jdk.internal.reflect.NativeMethodAccessorImpl.invoke(NativeMethodAccessorImpl.java:77)
	at java.base/jdk.internal.reflect.DelegatingMethodAccessorImpl.invoke(DelegatingMethodAccessorImpl.java:43)
	at java.base/java.lang.reflect.Method.invoke(Method.java:568)
	at org.testng.internal.invokers.MethodInvocationHelper.invokeMethod(MethodInvocationHelper.java:135)
	at org.testng.internal.invokers.TestInvoker.invokeMethod(TestInvoker.java:673)
	at org.testng.internal.invokers.TestInvoker.invokeTestMethod(TestInvoker.java:220)
	at org.testng.internal.invokers.MethodRunner.runInSequence(MethodRunner.java:50)
	at org.testng.internal.invokers.TestInvoker$MethodInvocationAgent.invoke(TestInvoker.java:945)
	at org.testng.internal.invokers.TestInvoker.invokeTestMethods(TestInvoker.java:193)
	at org.testng.internal.invokers.TestMethodWorker.invokeTestMethods(TestMethodWorker.java:146)
	at org.testng.internal.invokers.TestMethodWorker.run(TestMethodWorker.java:128)
	at java.base/java.util.ArrayList.forEach(ArrayList.java:1511)
	at org.testng.TestRunner.privateRun(TestRunner.java:808)
	at org.testng.TestRunner.run(TestRunner.java:603)
	at org.testng.SuiteRunner.runTest(SuiteRunner.java:429)
	at org.testng.SuiteRunner.runSequentially(SuiteRunner.java:423)
	at org.testng.SuiteRunner.privateRun(SuiteRunner.java:383)
	at org.testng.SuiteRunner.run(SuiteRunner.java:326)
	at org.testng.SuiteRunnerWorker.runSuite(SuiteRunnerWorker.java:52)
	at org.testng.SuiteRunnerWorker.run(SuiteRunnerWorker.java:95)
	at org.testng.TestNG.runSuitesSequentially(TestNG.java:1249)
	at org.testng.TestNG.runSuitesLocally(TestNG.java:1169)
	at org.testng.TestNG.runSuites(TestNG.java:1092)
	at org.testng.TestNG.run(TestNG.java:1060)
	at org.testng.remote.AbstractRemoteTestNG.run(AbstractRemoteTestNG.java:115)
	at org.testng.remote.RemoteTestNG.initAndRun(RemoteTestNG.java:251)
	at org.testng.remote.RemoteTestNG.main(RemoteTestNG.java:77)
</pre></div></td>
<td>23</td>
<td>com.playexch.testclass.LoginTestCases@15043a2f</td></tr>
<tr>
<td title='com.playexch.sportsbook.SoccerBackMatchedTC.backBetPlace()'><b>backBetPlace</b><br>Test class: com.playexch.sportsbook.SoccerBackMatchedTC</td>
<td><div><pre>org.openqa.selenium.NoSuchElementException: no such element: Unable to locate element: {&quot;method&quot;:&quot;xpath&quot;,&quot;selector&quot;:&quot;(//input[@type=&apos;text&apos;])[5]&quot;}
  (Session info: chrome=112.0.5615.137)
For documentation on this error, please visit: https://selenium.dev/exceptions/#no_such_element
Build info: version: &apos;4.1.1&apos;, revision: &apos;e8fcc2cecf&apos;
System info: host: &apos;Admins-MacBook-Air.local&apos;, ip: &apos;fe80:0:0:0:8ab:ca66:83f9:db2%en0&apos;, os.name: &apos;Mac OS X&apos;, os.arch: &apos;x86_64&apos;, os.version: &apos;13.2.1&apos;, java.version: &apos;17.0.5&apos;
Driver info: org.openqa.selenium.chrome.ChromeDriver
Command: [2a0ed74fae97557192455f0522a5586a, findElement {using=xpath, value=(//input[@type=&apos;text&apos;])[5]}]
Capabilities {acceptInsecureCerts: false, browserName: chrome, browserVersion: 112.0.5615.137, chrome: {chromedriverVersion: 112.0.5615.49 (bd2a7bcb881c..., userDataDir: /var/folders/_l/cndz3rc16s7...}, goog:chromeOptions: {debuggerAddress: localhost:49686}, javascriptEnabled: true, networkConnectionEnabled: false, pageLoadStrategy: normal, platform: MAC, platformName: MAC, proxy: Proxy(), se:cdp: ws://localhost:49686/devtoo..., se:cdpVersion: 112.0.5615.137, setWindowRect: true, strictFileInteractability: false, timeouts: {implicit: 0, pageLoad: 300000, script: 30000}, unhandledPromptBehavior: dismiss and notify, webauthn:extension:credBlob: true, webauthn:extension:largeBlob: true, webauthn:extension:minPinLength: true, webauthn:extension:prf: true, webauthn:virtualAuthenticators: true}
Session ID: 2a0ed74fae97557192455f0522a5586a
	at org.openqa.selenium.remote.codec.w3c.W3CHttpResponseCodec.createException(W3CHttpResponseCodec.java:200)
	at org.openqa.selenium.remote.codec.w3c.W3CHttpResponseCodec.decode(W3CHttpResponseCodec.java:133)
	at org.openqa.selenium.remote.codec.w3c.W3CHttpResponseCodec.decode(W3CHttpResponseCodec.java:53)
	at org.openqa.selenium.remote.HttpCommandExecutor.execute(HttpCommandExecutor.java:184)
	at org.openqa.selenium.remote.service.DriverCommandExecutor.invokeExecute(DriverCommandExecutor.java:167)
	at org.openqa.selenium.remote.service.DriverCommandExecutor.execute(DriverCommandExecutor.java:142)
	at org.openqa.selenium.remote.RemoteWebDriver.execute(RemoteWebDriver.java:543)
	at org.openqa.selenium.remote.ElementLocation$ElementFinder$2.findElement(ElementLocation.java:162)
	at org.openqa.selenium.remote.ElementLocation.findElement(ElementLocation.java:60)
	at org.openqa.selenium.remote.RemoteWebDriver.findElement(RemoteWebDriver.java:367)
	at org.openqa.selenium.remote.RemoteWebDriver.findElement(RemoteWebDriver.java:359)
	at org.openqa.selenium.support.pagefactory.DefaultElementLocator.findElement(DefaultElementLocator.java:70)
	at org.openqa.selenium.support.pagefactory.internal.LocatingElementHandler.invoke(LocatingElementHandler.java:39)
	at jdk.proxy2/jdk.proxy2.$Proxy22.sendKeys(Unknown Source)
	at com.playexch.module.PlayexchSoccerPage.getPlayexchStakeValue(PlayexchSoccerPage.java:205)
	at com.playexch.sportsbook.SoccerBackMatchedTC.backBetPlace(SoccerBackMatchedTC.java:67)
	at java.base/java.util.ArrayList.forEach(ArrayList.java:1511)
... Removed 31 stack frames</pre></div><a href='#' onClick='toggleBox("stack-trace503485607", this, "Click to show all stack frames", "Click to hide stack frames")'>Click to show all stack frames</a>
<div class='stack-trace' id='stack-trace503485607'><pre>org.openqa.selenium.NoSuchElementException: no such element: Unable to locate element: {&quot;method&quot;:&quot;xpath&quot;,&quot;selector&quot;:&quot;(//input[@type=&apos;text&apos;])[5]&quot;}
  (Session info: chrome=112.0.5615.137)
For documentation on this error, please visit: https://selenium.dev/exceptions/#no_such_element
Build info: version: &apos;4.1.1&apos;, revision: &apos;e8fcc2cecf&apos;
System info: host: &apos;Admins-MacBook-Air.local&apos;, ip: &apos;fe80:0:0:0:8ab:ca66:83f9:db2%en0&apos;, os.name: &apos;Mac OS X&apos;, os.arch: &apos;x86_64&apos;, os.version: &apos;13.2.1&apos;, java.version: &apos;17.0.5&apos;
Driver info: org.openqa.selenium.chrome.ChromeDriver
Command: [2a0ed74fae97557192455f0522a5586a, findElement {using=xpath, value=(//input[@type=&apos;text&apos;])[5]}]
Capabilities {acceptInsecureCerts: false, browserName: chrome, browserVersion: 112.0.5615.137, chrome: {chromedriverVersion: 112.0.5615.49 (bd2a7bcb881c..., userDataDir: /var/folders/_l/cndz3rc16s7...}, goog:chromeOptions: {debuggerAddress: localhost:49686}, javascriptEnabled: true, networkConnectionEnabled: false, pageLoadStrategy: normal, platform: MAC, platformName: MAC, proxy: Proxy(), se:cdp: ws://localhost:49686/devtoo..., se:cdpVersion: 112.0.5615.137, setWindowRect: true, strictFileInteractability: false, timeouts: {implicit: 0, pageLoad: 300000, script: 30000}, unhandledPromptBehavior: dismiss and notify, webauthn:extension:credBlob: true, webauthn:extension:largeBlob: true, webauthn:extension:minPinLength: true, webauthn:extension:prf: true, webauthn:virtualAuthenticators: true}
Session ID: 2a0ed74fae97557192455f0522a5586a
	at jdk.internal.reflect.GeneratedConstructorAccessor24.newInstance(Unknown Source)
	at java.base/jdk.internal.reflect.DelegatingConstructorAccessorImpl.newInstance(DelegatingConstructorAccessorImpl.java:45)
	at java.base/java.lang.reflect.Constructor.newInstanceWithCaller(Constructor.java:499)
	at java.base/java.lang.reflect.Constructor.newInstance(Constructor.java:480)
	at org.openqa.selenium.remote.codec.w3c.W3CHttpResponseCodec.createException(W3CHttpResponseCodec.java:200)
	at org.openqa.selenium.remote.codec.w3c.W3CHttpResponseCodec.decode(W3CHttpResponseCodec.java:133)
	at org.openqa.selenium.remote.codec.w3c.W3CHttpResponseCodec.decode(W3CHttpResponseCodec.java:53)
	at org.openqa.selenium.remote.HttpCommandExecutor.execute(HttpCommandExecutor.java:184)
	at org.openqa.selenium.remote.service.DriverCommandExecutor.invokeExecute(DriverCommandExecutor.java:167)
	at org.openqa.selenium.remote.service.DriverCommandExecutor.execute(DriverCommandExecutor.java:142)
	at org.openqa.selenium.remote.RemoteWebDriver.execute(RemoteWebDriver.java:543)
	at org.openqa.selenium.remote.ElementLocation$ElementFinder$2.findElement(ElementLocation.java:162)
	at org.openqa.selenium.remote.ElementLocation.findElement(ElementLocation.java:60)
	at org.openqa.selenium.remote.RemoteWebDriver.findElement(RemoteWebDriver.java:367)
	at org.openqa.selenium.remote.RemoteWebDriver.findElement(RemoteWebDriver.java:359)
	at org.openqa.selenium.support.pagefactory.DefaultElementLocator.findElement(DefaultElementLocator.java:70)
	at org.openqa.selenium.support.pagefactory.internal.LocatingElementHandler.invoke(LocatingElementHandler.java:39)
	at jdk.proxy2/jdk.proxy2.$Proxy22.sendKeys(Unknown Source)
	at com.playexch.module.PlayexchSoccerPage.getPlayexchStakeValue(PlayexchSoccerPage.java:205)
	at com.playexch.sportsbook.SoccerBackMatchedTC.backBetPlace(SoccerBackMatchedTC.java:67)
	at java.base/jdk.internal.reflect.NativeMethodAccessorImpl.invoke0(Native Method)
	at java.base/jdk.internal.reflect.NativeMethodAccessorImpl.invoke(NativeMethodAccessorImpl.java:77)
	at java.base/jdk.internal.reflect.DelegatingMethodAccessorImpl.invoke(DelegatingMethodAccessorImpl.java:43)
	at java.base/java.lang.reflect.Method.invoke(Method.java:568)
	at org.testng.internal.invokers.MethodInvocationHelper.invokeMethod(MethodInvocationHelper.java:135)
	at org.testng.internal.invokers.TestInvoker.invokeMethod(TestInvoker.java:673)
	at org.testng.internal.invokers.TestInvoker.invokeTestMethod(TestInvoker.java:220)
	at org.testng.internal.invokers.MethodRunner.runInSequence(MethodRunner.java:50)
	at org.testng.internal.invokers.TestInvoker$MethodInvocationAgent.invoke(TestInvoker.java:945)
	at org.testng.internal.invokers.TestInvoker.invokeTestMethods(TestInvoker.java:193)
	at org.testng.internal.invokers.TestMethodWorker.invokeTestMethods(TestMethodWorker.java:146)
	at org.testng.internal.invokers.TestMethodWorker.run(TestMethodWorker.java:128)
	at java.base/java.util.ArrayList.forEach(ArrayList.java:1511)
	at org.testng.TestRunner.privateRun(TestRunner.java:808)
	at org.testng.TestRunner.run(TestRunner.java:603)
	at org.testng.SuiteRunner.runTest(SuiteRunner.java:429)
	at org.testng.SuiteRunner.runSequentially(SuiteRunner.java:423)
	at org.testng.SuiteRunner.privateRun(SuiteRunner.java:383)
	at org.testng.SuiteRunner.run(SuiteRunner.java:326)
	at org.testng.SuiteRunnerWorker.runSuite(SuiteRunnerWorker.java:52)
	at org.testng.SuiteRunnerWorker.run(SuiteRunnerWorker.java:95)
	at org.testng.TestNG.runSuitesSequentially(TestNG.java:1249)
	at org.testng.TestNG.runSuitesLocally(TestNG.java:1169)
	at org.testng.TestNG.runSuites(TestNG.java:1092)
	at org.testng.TestNG.run(TestNG.java:1060)
	at org.testng.remote.AbstractRemoteTestNG.run(AbstractRemoteTestNG.java:115)
	at org.testng.remote.RemoteTestNG.initAndRun(RemoteTestNG.java:251)
	at org.testng.remote.RemoteTestNG.main(RemoteTestNG.java:77)
</pre></div></td>
<td>52</td>
<td>com.playexch.sportsbook.SoccerBackMatchedTC@909217e</td></tr>
<tr>
<td title='com.playexch.sportsbook.SoccerLayUnmatchedTC.layBetPlace()'><b>layBetPlace</b><br>Test class: com.playexch.sportsbook.SoccerLayUnmatchedTC</td>
<td><div><pre>org.openqa.selenium.NoSuchElementException: no such element: Unable to locate element: {&quot;method&quot;:&quot;xpath&quot;,&quot;selector&quot;:&quot;(//div[@class=&apos;v-input__slot&apos;]//button)[1]&quot;}
  (Session info: chrome=112.0.5615.137)
For documentation on this error, please visit: https://selenium.dev/exceptions/#no_such_element
Build info: version: &apos;4.1.1&apos;, revision: &apos;e8fcc2cecf&apos;
System info: host: &apos;Admins-MacBook-Air.local&apos;, ip: &apos;fe80:0:0:0:8ab:ca66:83f9:db2%en0&apos;, os.name: &apos;Mac OS X&apos;, os.arch: &apos;x86_64&apos;, os.version: &apos;13.2.1&apos;, java.version: &apos;17.0.5&apos;
Driver info: org.openqa.selenium.chrome.ChromeDriver
Command: [2a0ed74fae97557192455f0522a5586a, findElement {using=xpath, value=(//div[@class=&apos;v-input__slot&apos;]//button)[1]}]
Capabilities {acceptInsecureCerts: false, browserName: chrome, browserVersion: 112.0.5615.137, chrome: {chromedriverVersion: 112.0.5615.49 (bd2a7bcb881c..., userDataDir: /var/folders/_l/cndz3rc16s7...}, goog:chromeOptions: {debuggerAddress: localhost:49686}, javascriptEnabled: true, networkConnectionEnabled: false, pageLoadStrategy: normal, platform: MAC, platformName: MAC, proxy: Proxy(), se:cdp: ws://localhost:49686/devtoo..., se:cdpVersion: 112.0.5615.137, setWindowRect: true, strictFileInteractability: false, timeouts: {implicit: 0, pageLoad: 300000, script: 30000}, unhandledPromptBehavior: dismiss and notify, webauthn:extension:credBlob: true, webauthn:extension:largeBlob: true, webauthn:extension:minPinLength: true, webauthn:extension:prf: true, webauthn:virtualAuthenticators: true}
Session ID: 2a0ed74fae97557192455f0522a5586a
	at org.openqa.selenium.remote.codec.w3c.W3CHttpResponseCodec.createException(W3CHttpResponseCodec.java:200)
	at org.openqa.selenium.remote.codec.w3c.W3CHttpResponseCodec.decode(W3CHttpResponseCodec.java:133)
	at org.openqa.selenium.remote.codec.w3c.W3CHttpResponseCodec.decode(W3CHttpResponseCodec.java:53)
	at org.openqa.selenium.remote.HttpCommandExecutor.execute(HttpCommandExecutor.java:184)
	at org.openqa.selenium.remote.service.DriverCommandExecutor.invokeExecute(DriverCommandExecutor.java:167)
	at org.openqa.selenium.remote.service.DriverCommandExecutor.execute(DriverCommandExecutor.java:142)
	at org.openqa.selenium.remote.RemoteWebDriver.execute(RemoteWebDriver.java:543)
	at org.openqa.selenium.remote.ElementLocation$ElementFinder$2.findElement(ElementLocation.java:162)
	at org.openqa.selenium.remote.ElementLocation.findElement(ElementLocation.java:60)
	at org.openqa.selenium.remote.RemoteWebDriver.findElement(RemoteWebDriver.java:367)
	at org.openqa.selenium.remote.RemoteWebDriver.findElement(RemoteWebDriver.java:359)
	at org.openqa.selenium.support.pagefactory.DefaultElementLocator.findElement(DefaultElementLocator.java:70)
	at org.openqa.selenium.support.pagefactory.internal.LocatingElementHandler.invoke(LocatingElementHandler.java:39)
	at jdk.proxy2/jdk.proxy2.$Proxy22.click(Unknown Source)
	at com.playexch.module.PlayexchSoccerPage.getPlayexchFOddsValue(PlayexchSoccerPage.java:200)
	at com.playexch.sportsbook.SoccerLayUnmatchedTC.layBetPlace(SoccerLayUnmatchedTC.java:69)
	at java.base/java.util.ArrayList.forEach(ArrayList.java:1511)
... Removed 31 stack frames</pre></div><a href='#' onClick='toggleBox("stack-trace1082537984", this, "Click to show all stack frames", "Click to hide stack frames")'>Click to show all stack frames</a>
<div class='stack-trace' id='stack-trace1082537984'><pre>org.openqa.selenium.NoSuchElementException: no such element: Unable to locate element: {&quot;method&quot;:&quot;xpath&quot;,&quot;selector&quot;:&quot;(//div[@class=&apos;v-input__slot&apos;]//button)[1]&quot;}
  (Session info: chrome=112.0.5615.137)
For documentation on this error, please visit: https://selenium.dev/exceptions/#no_such_element
Build info: version: &apos;4.1.1&apos;, revision: &apos;e8fcc2cecf&apos;
System info: host: &apos;Admins-MacBook-Air.local&apos;, ip: &apos;fe80:0:0:0:8ab:ca66:83f9:db2%en0&apos;, os.name: &apos;Mac OS X&apos;, os.arch: &apos;x86_64&apos;, os.version: &apos;13.2.1&apos;, java.version: &apos;17.0.5&apos;
Driver info: org.openqa.selenium.chrome.ChromeDriver
Command: [2a0ed74fae97557192455f0522a5586a, findElement {using=xpath, value=(//div[@class=&apos;v-input__slot&apos;]//button)[1]}]
Capabilities {acceptInsecureCerts: false, browserName: chrome, browserVersion: 112.0.5615.137, chrome: {chromedriverVersion: 112.0.5615.49 (bd2a7bcb881c..., userDataDir: /var/folders/_l/cndz3rc16s7...}, goog:chromeOptions: {debuggerAddress: localhost:49686}, javascriptEnabled: true, networkConnectionEnabled: false, pageLoadStrategy: normal, platform: MAC, platformName: MAC, proxy: Proxy(), se:cdp: ws://localhost:49686/devtoo..., se:cdpVersion: 112.0.5615.137, setWindowRect: true, strictFileInteractability: false, timeouts: {implicit: 0, pageLoad: 300000, script: 30000}, unhandledPromptBehavior: dismiss and notify, webauthn:extension:credBlob: true, webauthn:extension:largeBlob: true, webauthn:extension:minPinLength: true, webauthn:extension:prf: true, webauthn:virtualAuthenticators: true}
Session ID: 2a0ed74fae97557192455f0522a5586a
	at jdk.internal.reflect.GeneratedConstructorAccessor24.newInstance(Unknown Source)
	at java.base/jdk.internal.reflect.DelegatingConstructorAccessorImpl.newInstance(DelegatingConstructorAccessorImpl.java:45)
	at java.base/java.lang.reflect.Constructor.newInstanceWithCaller(Constructor.java:499)
	at java.base/java.lang.reflect.Constructor.newInstance(Constructor.java:480)
	at org.openqa.selenium.remote.codec.w3c.W3CHttpResponseCodec.createException(W3CHttpResponseCodec.java:200)
	at org.openqa.selenium.remote.codec.w3c.W3CHttpResponseCodec.decode(W3CHttpResponseCodec.java:133)
	at org.openqa.selenium.remote.codec.w3c.W3CHttpResponseCodec.decode(W3CHttpResponseCodec.java:53)
	at org.openqa.selenium.remote.HttpCommandExecutor.execute(HttpCommandExecutor.java:184)
	at org.openqa.selenium.remote.service.DriverCommandExecutor.invokeExecute(DriverCommandExecutor.java:167)
	at org.openqa.selenium.remote.service.DriverCommandExecutor.execute(DriverCommandExecutor.java:142)
	at org.openqa.selenium.remote.RemoteWebDriver.execute(RemoteWebDriver.java:543)
	at org.openqa.selenium.remote.ElementLocation$ElementFinder$2.findElement(ElementLocation.java:162)
	at org.openqa.selenium.remote.ElementLocation.findElement(ElementLocation.java:60)
	at org.openqa.selenium.remote.RemoteWebDriver.findElement(RemoteWebDriver.java:367)
	at org.openqa.selenium.remote.RemoteWebDriver.findElement(RemoteWebDriver.java:359)
	at org.openqa.selenium.support.pagefactory.DefaultElementLocator.findElement(DefaultElementLocator.java:70)
	at org.openqa.selenium.support.pagefactory.internal.LocatingElementHandler.invoke(LocatingElementHandler.java:39)
	at jdk.proxy2/jdk.proxy2.$Proxy22.click(Unknown Source)
	at com.playexch.module.PlayexchSoccerPage.getPlayexchFOddsValue(PlayexchSoccerPage.java:200)
	at com.playexch.sportsbook.SoccerLayUnmatchedTC.layBetPlace(SoccerLayUnmatchedTC.java:69)
	at java.base/jdk.internal.reflect.NativeMethodAccessorImpl.invoke0(Native Method)
	at java.base/jdk.internal.reflect.NativeMethodAccessorImpl.invoke(NativeMethodAccessorImpl.java:77)
	at java.base/jdk.internal.reflect.DelegatingMethodAccessorImpl.invoke(DelegatingMethodAccessorImpl.java:43)
	at java.base/java.lang.reflect.Method.invoke(Method.java:568)
	at org.testng.internal.invokers.MethodInvocationHelper.invokeMethod(MethodInvocationHelper.java:135)
	at org.testng.internal.invokers.TestInvoker.invokeMethod(TestInvoker.java:673)
	at org.testng.internal.invokers.TestInvoker.invokeTestMethod(TestInvoker.java:220)
	at org.testng.internal.invokers.MethodRunner.runInSequence(MethodRunner.java:50)
	at org.testng.internal.invokers.TestInvoker$MethodInvocationAgent.invoke(TestInvoker.java:945)
	at org.testng.internal.invokers.TestInvoker.invokeTestMethods(TestInvoker.java:193)
	at org.testng.internal.invokers.TestMethodWorker.invokeTestMethods(TestMethodWorker.java:146)
	at org.testng.internal.invokers.TestMethodWorker.run(TestMethodWorker.java:128)
	at java.base/java.util.ArrayList.forEach(ArrayList.java:1511)
	at org.testng.TestRunner.privateRun(TestRunner.java:808)
	at org.testng.TestRunner.run(TestRunner.java:603)
	at org.testng.SuiteRunner.runTest(SuiteRunner.java:429)
	at org.testng.SuiteRunner.runSequentially(SuiteRunner.java:423)
	at org.testng.SuiteRunner.privateRun(SuiteRunner.java:383)
	at org.testng.SuiteRunner.run(SuiteRunner.java:326)
	at org.testng.SuiteRunnerWorker.runSuite(SuiteRunnerWorker.java:52)
	at org.testng.SuiteRunnerWorker.run(SuiteRunnerWorker.java:95)
	at org.testng.TestNG.runSuitesSequentially(TestNG.java:1249)
	at org.testng.TestNG.runSuitesLocally(TestNG.java:1169)
	at org.testng.TestNG.runSuites(TestNG.java:1092)
	at org.testng.TestNG.run(TestNG.java:1060)
	at org.testng.remote.AbstractRemoteTestNG.run(AbstractRemoteTestNG.java:115)
	at org.testng.remote.RemoteTestNG.initAndRun(RemoteTestNG.java:251)
	at org.testng.remote.RemoteTestNG.main(RemoteTestNG.java:77)
</pre></div></td>
<td>42</td>
<td>com.playexch.sportsbook.SoccerLayUnmatchedTC@18271936</td></tr>
<tr>
<td title='com.playexch.sportsbook.TennisBackMatchedTC.backBetPlace()'><b>backBetPlace</b><br>Test class: com.playexch.sportsbook.TennisBackMatchedTC</td>
<td><div><pre>org.openqa.selenium.NoSuchElementException: no such element: Unable to locate element: {&quot;method&quot;:&quot;xpath&quot;,&quot;selector&quot;:&quot;(//input[@type=&apos;text&apos;])[5]&quot;}
  (Session info: chrome=112.0.5615.137)
For documentation on this error, please visit: https://selenium.dev/exceptions/#no_such_element
Build info: version: &apos;4.1.1&apos;, revision: &apos;e8fcc2cecf&apos;
System info: host: &apos;Admins-MacBook-Air.local&apos;, ip: &apos;fe80:0:0:0:8ab:ca66:83f9:db2%en0&apos;, os.name: &apos;Mac OS X&apos;, os.arch: &apos;x86_64&apos;, os.version: &apos;13.2.1&apos;, java.version: &apos;17.0.5&apos;
Driver info: org.openqa.selenium.chrome.ChromeDriver
Command: [2a0ed74fae97557192455f0522a5586a, findElement {using=xpath, value=(//input[@type=&apos;text&apos;])[5]}]
Capabilities {acceptInsecureCerts: false, browserName: chrome, browserVersion: 112.0.5615.137, chrome: {chromedriverVersion: 112.0.5615.49 (bd2a7bcb881c..., userDataDir: /var/folders/_l/cndz3rc16s7...}, goog:chromeOptions: {debuggerAddress: localhost:49686}, javascriptEnabled: true, networkConnectionEnabled: false, pageLoadStrategy: normal, platform: MAC, platformName: MAC, proxy: Proxy(), se:cdp: ws://localhost:49686/devtoo..., se:cdpVersion: 112.0.5615.137, setWindowRect: true, strictFileInteractability: false, timeouts: {implicit: 0, pageLoad: 300000, script: 30000}, unhandledPromptBehavior: dismiss and notify, webauthn:extension:credBlob: true, webauthn:extension:largeBlob: true, webauthn:extension:minPinLength: true, webauthn:extension:prf: true, webauthn:virtualAuthenticators: true}
Session ID: 2a0ed74fae97557192455f0522a5586a
	at org.openqa.selenium.remote.codec.w3c.W3CHttpResponseCodec.createException(W3CHttpResponseCodec.java:200)
	at org.openqa.selenium.remote.codec.w3c.W3CHttpResponseCodec.decode(W3CHttpResponseCodec.java:133)
	at org.openqa.selenium.remote.codec.w3c.W3CHttpResponseCodec.decode(W3CHttpResponseCodec.java:53)
	at org.openqa.selenium.remote.HttpCommandExecutor.execute(HttpCommandExecutor.java:184)
	at org.openqa.selenium.remote.service.DriverCommandExecutor.invokeExecute(DriverCommandExecutor.java:167)
	at org.openqa.selenium.remote.service.DriverCommandExecutor.execute(DriverCommandExecutor.java:142)
	at org.openqa.selenium.remote.RemoteWebDriver.execute(RemoteWebDriver.java:543)
	at org.openqa.selenium.remote.ElementLocation$ElementFinder$2.findElement(ElementLocation.java:162)
	at org.openqa.selenium.remote.ElementLocation.findElement(ElementLocation.java:60)
	at org.openqa.selenium.remote.RemoteWebDriver.findElement(RemoteWebDriver.java:367)
	at org.openqa.selenium.remote.RemoteWebDriver.findElement(RemoteWebDriver.java:359)
	at org.openqa.selenium.support.pagefactory.DefaultElementLocator.findElement(DefaultElementLocator.java:70)
	at org.openqa.selenium.support.pagefactory.internal.LocatingElementHandler.invoke(LocatingElementHandler.java:39)
	at jdk.proxy2/jdk.proxy2.$Proxy22.sendKeys(Unknown Source)
	at com.playexch.module.PlayexchTennisPage.getPlayexchStakeValue(PlayexchTennisPage.java:209)
	at com.playexch.sportsbook.TennisBackMatchedTC.backBetPlace(TennisBackMatchedTC.java:65)
	at java.base/java.util.ArrayList.forEach(ArrayList.java:1511)
... Removed 31 stack frames</pre></div><a href='#' onClick='toggleBox("stack-trace1319386445", this, "Click to show all stack frames", "Click to hide stack frames")'>Click to show all stack frames</a>
<div class='stack-trace' id='stack-trace1319386445'><pre>org.openqa.selenium.NoSuchElementException: no such element: Unable to locate element: {&quot;method&quot;:&quot;xpath&quot;,&quot;selector&quot;:&quot;(//input[@type=&apos;text&apos;])[5]&quot;}
  (Session info: chrome=112.0.5615.137)
For documentation on this error, please visit: https://selenium.dev/exceptions/#no_such_element
Build info: version: &apos;4.1.1&apos;, revision: &apos;e8fcc2cecf&apos;
System info: host: &apos;Admins-MacBook-Air.local&apos;, ip: &apos;fe80:0:0:0:8ab:ca66:83f9:db2%en0&apos;, os.name: &apos;Mac OS X&apos;, os.arch: &apos;x86_64&apos;, os.version: &apos;13.2.1&apos;, java.version: &apos;17.0.5&apos;
Driver info: org.openqa.selenium.chrome.ChromeDriver
Command: [2a0ed74fae97557192455f0522a5586a, findElement {using=xpath, value=(//input[@type=&apos;text&apos;])[5]}]
Capabilities {acceptInsecureCerts: false, browserName: chrome, browserVersion: 112.0.5615.137, chrome: {chromedriverVersion: 112.0.5615.49 (bd2a7bcb881c..., userDataDir: /var/folders/_l/cndz3rc16s7...}, goog:chromeOptions: {debuggerAddress: localhost:49686}, javascriptEnabled: true, networkConnectionEnabled: false, pageLoadStrategy: normal, platform: MAC, platformName: MAC, proxy: Proxy(), se:cdp: ws://localhost:49686/devtoo..., se:cdpVersion: 112.0.5615.137, setWindowRect: true, strictFileInteractability: false, timeouts: {implicit: 0, pageLoad: 300000, script: 30000}, unhandledPromptBehavior: dismiss and notify, webauthn:extension:credBlob: true, webauthn:extension:largeBlob: true, webauthn:extension:minPinLength: true, webauthn:extension:prf: true, webauthn:virtualAuthenticators: true}
Session ID: 2a0ed74fae97557192455f0522a5586a
	at jdk.internal.reflect.GeneratedConstructorAccessor24.newInstance(Unknown Source)
	at java.base/jdk.internal.reflect.DelegatingConstructorAccessorImpl.newInstance(DelegatingConstructorAccessorImpl.java:45)
	at java.base/java.lang.reflect.Constructor.newInstanceWithCaller(Constructor.java:499)
	at java.base/java.lang.reflect.Constructor.newInstance(Constructor.java:480)
	at org.openqa.selenium.remote.codec.w3c.W3CHttpResponseCodec.createException(W3CHttpResponseCodec.java:200)
	at org.openqa.selenium.remote.codec.w3c.W3CHttpResponseCodec.decode(W3CHttpResponseCodec.java:133)
	at org.openqa.selenium.remote.codec.w3c.W3CHttpResponseCodec.decode(W3CHttpResponseCodec.java:53)
	at org.openqa.selenium.remote.HttpCommandExecutor.execute(HttpCommandExecutor.java:184)
	at org.openqa.selenium.remote.service.DriverCommandExecutor.invokeExecute(DriverCommandExecutor.java:167)
	at org.openqa.selenium.remote.service.DriverCommandExecutor.execute(DriverCommandExecutor.java:142)
	at org.openqa.selenium.remote.RemoteWebDriver.execute(RemoteWebDriver.java:543)
	at org.openqa.selenium.remote.ElementLocation$ElementFinder$2.findElement(ElementLocation.java:162)
	at org.openqa.selenium.remote.ElementLocation.findElement(ElementLocation.java:60)
	at org.openqa.selenium.remote.RemoteWebDriver.findElement(RemoteWebDriver.java:367)
	at org.openqa.selenium.remote.RemoteWebDriver.findElement(RemoteWebDriver.java:359)
	at org.openqa.selenium.support.pagefactory.DefaultElementLocator.findElement(DefaultElementLocator.java:70)
	at org.openqa.selenium.support.pagefactory.internal.LocatingElementHandler.invoke(LocatingElementHandler.java:39)
	at jdk.proxy2/jdk.proxy2.$Proxy22.sendKeys(Unknown Source)
	at com.playexch.module.PlayexchTennisPage.getPlayexchStakeValue(PlayexchTennisPage.java:209)
	at com.playexch.sportsbook.TennisBackMatchedTC.backBetPlace(TennisBackMatchedTC.java:65)
	at java.base/jdk.internal.reflect.NativeMethodAccessorImpl.invoke0(Native Method)
	at java.base/jdk.internal.reflect.NativeMethodAccessorImpl.invoke(NativeMethodAccessorImpl.java:77)
	at java.base/jdk.internal.reflect.DelegatingMethodAccessorImpl.invoke(DelegatingMethodAccessorImpl.java:43)
	at java.base/java.lang.reflect.Method.invoke(Method.java:568)
	at org.testng.internal.invokers.MethodInvocationHelper.invokeMethod(MethodInvocationHelper.java:135)
	at org.testng.internal.invokers.TestInvoker.invokeMethod(TestInvoker.java:673)
	at org.testng.internal.invokers.TestInvoker.invokeTestMethod(TestInvoker.java:220)
	at org.testng.internal.invokers.MethodRunner.runInSequence(MethodRunner.java:50)
	at org.testng.internal.invokers.TestInvoker$MethodInvocationAgent.invoke(TestInvoker.java:945)
	at org.testng.internal.invokers.TestInvoker.invokeTestMethods(TestInvoker.java:193)
	at org.testng.internal.invokers.TestMethodWorker.invokeTestMethods(TestMethodWorker.java:146)
	at org.testng.internal.invokers.TestMethodWorker.run(TestMethodWorker.java:128)
	at java.base/java.util.ArrayList.forEach(ArrayList.java:1511)
	at org.testng.TestRunner.privateRun(TestRunner.java:808)
	at org.testng.TestRunner.run(TestRunner.java:603)
	at org.testng.SuiteRunner.runTest(SuiteRunner.java:429)
	at org.testng.SuiteRunner.runSequentially(SuiteRunner.java:423)
	at org.testng.SuiteRunner.privateRun(SuiteRunner.java:383)
	at org.testng.SuiteRunner.run(SuiteRunner.java:326)
	at org.testng.SuiteRunnerWorker.runSuite(SuiteRunnerWorker.java:52)
	at org.testng.SuiteRunnerWorker.run(SuiteRunnerWorker.java:95)
	at org.testng.TestNG.runSuitesSequentially(TestNG.java:1249)
	at org.testng.TestNG.runSuitesLocally(TestNG.java:1169)
	at org.testng.TestNG.runSuites(TestNG.java:1092)
	at org.testng.TestNG.run(TestNG.java:1060)
	at org.testng.remote.AbstractRemoteTestNG.run(AbstractRemoteTestNG.java:115)
	at org.testng.remote.RemoteTestNG.initAndRun(RemoteTestNG.java:251)
	at org.testng.remote.RemoteTestNG.main(RemoteTestNG.java:77)
</pre></div></td>
<td>52</td>
<td>com.playexch.sportsbook.TennisBackMatchedTC@7a35b0f5</td></tr>
<tr>
<td title='com.playexch.testclass.LoginTestCases.invalidUsername_InavalidPassword()'><b>invalidUsername_InavalidPassword</b><br>Test class: com.playexch.testclass.LoginTestCases</td>
<td><div><pre>java.lang.AssertionError: expected:&lt;Invalid credentials&gt; but was:&lt;Logged in successfully&gt;
	at com.playexch.testclass.LoginTestCases.verifyLogin(LoginTestCases.java:102)
	at com.playexch.testclass.LoginTestCases.invalidUsername_InavalidPassword(LoginTestCases.java:43)
	at java.base/java.util.ArrayList.forEach(ArrayList.java:1511)
... Removed 29 stack frames</pre></div><a href='#' onClick='toggleBox("stack-trace575779772", this, "Click to show all stack frames", "Click to hide stack frames")'>Click to show all stack frames</a>
<div class='stack-trace' id='stack-trace575779772'><pre>java.lang.AssertionError: expected:&lt;Invalid credentials&gt; but was:&lt;Logged in successfully&gt;
	at org.testng.AssertJUnit.assertEquals(AssertJUnit.java:115)
	at org.testng.AssertJUnit.assertEquals(AssertJUnit.java:125)
	at com.playexch.testclass.LoginTestCases.verifyLogin(LoginTestCases.java:102)
	at com.playexch.testclass.LoginTestCases.invalidUsername_InavalidPassword(LoginTestCases.java:43)
	at java.base/jdk.internal.reflect.NativeMethodAccessorImpl.invoke0(Native Method)
	at java.base/jdk.internal.reflect.NativeMethodAccessorImpl.invoke(NativeMethodAccessorImpl.java:77)
	at java.base/jdk.internal.reflect.DelegatingMethodAccessorImpl.invoke(DelegatingMethodAccessorImpl.java:43)
	at java.base/java.lang.reflect.Method.invoke(Method.java:568)
	at org.testng.internal.invokers.MethodInvocationHelper.invokeMethod(MethodInvocationHelper.java:135)
	at org.testng.internal.invokers.TestInvoker.invokeMethod(TestInvoker.java:673)
	at org.testng.internal.invokers.TestInvoker.invokeTestMethod(TestInvoker.java:220)
	at org.testng.internal.invokers.MethodRunner.runInSequence(MethodRunner.java:50)
	at org.testng.internal.invokers.TestInvoker$MethodInvocationAgent.invoke(TestInvoker.java:945)
	at org.testng.internal.invokers.TestInvoker.invokeTestMethods(TestInvoker.java:193)
	at org.testng.internal.invokers.TestMethodWorker.invokeTestMethods(TestMethodWorker.java:146)
	at org.testng.internal.invokers.TestMethodWorker.run(TestMethodWorker.java:128)
	at java.base/java.util.ArrayList.forEach(ArrayList.java:1511)
	at org.testng.TestRunner.privateRun(TestRunner.java:808)
	at org.testng.TestRunner.run(TestRunner.java:603)
	at org.testng.SuiteRunner.runTest(SuiteRunner.java:429)
	at org.testng.SuiteRunner.runSequentially(SuiteRunner.java:423)
	at org.testng.SuiteRunner.privateRun(SuiteRunner.java:383)
	at org.testng.SuiteRunner.run(SuiteRunner.java:326)
	at org.testng.SuiteRunnerWorker.runSuite(SuiteRunnerWorker.java:52)
	at org.testng.SuiteRunnerWorker.run(SuiteRunnerWorker.java:95)
	at org.testng.TestNG.runSuitesSequentially(TestNG.java:1249)
	at org.testng.TestNG.runSuitesLocally(TestNG.java:1169)
	at org.testng.TestNG.runSuites(TestNG.java:1092)
	at org.testng.TestNG.run(TestNG.java:1060)
	at org.testng.remote.AbstractRemoteTestNG.run(AbstractRemoteTestNG.java:115)
	at org.testng.remote.RemoteTestNG.initAndRun(RemoteTestNG.java:251)
	at org.testng.remote.RemoteTestNG.main(RemoteTestNG.java:77)
</pre></div></td>
<td>24</td>
<td>com.playexch.testclass.LoginTestCases@15043a2f</td></tr>
<tr>
<td title='com.playexch.sportsbook.TennisBackUnmatchedTC.backBetPlace()'><b>backBetPlace</b><br>Test class: com.playexch.sportsbook.TennisBackUnmatchedTC</td>
<td><div><pre>org.openqa.selenium.NoSuchElementException: no such element: Unable to locate element: {&quot;method&quot;:&quot;xpath&quot;,&quot;selector&quot;:&quot;(//input[@type=&apos;text&apos;])[5]&quot;}
  (Session info: chrome=112.0.5615.137)
For documentation on this error, please visit: https://selenium.dev/exceptions/#no_such_element
Build info: version: &apos;4.1.1&apos;, revision: &apos;e8fcc2cecf&apos;
System info: host: &apos;Admins-MacBook-Air.local&apos;, ip: &apos;fe80:0:0:0:8ab:ca66:83f9:db2%en0&apos;, os.name: &apos;Mac OS X&apos;, os.arch: &apos;x86_64&apos;, os.version: &apos;13.2.1&apos;, java.version: &apos;17.0.5&apos;
Driver info: org.openqa.selenium.chrome.ChromeDriver
Command: [2a0ed74fae97557192455f0522a5586a, findElement {using=xpath, value=(//input[@type=&apos;text&apos;])[5]}]
Capabilities {acceptInsecureCerts: false, browserName: chrome, browserVersion: 112.0.5615.137, chrome: {chromedriverVersion: 112.0.5615.49 (bd2a7bcb881c..., userDataDir: /var/folders/_l/cndz3rc16s7...}, goog:chromeOptions: {debuggerAddress: localhost:49686}, javascriptEnabled: true, networkConnectionEnabled: false, pageLoadStrategy: normal, platform: MAC, platformName: MAC, proxy: Proxy(), se:cdp: ws://localhost:49686/devtoo..., se:cdpVersion: 112.0.5615.137, setWindowRect: true, strictFileInteractability: false, timeouts: {implicit: 0, pageLoad: 300000, script: 30000}, unhandledPromptBehavior: dismiss and notify, webauthn:extension:credBlob: true, webauthn:extension:largeBlob: true, webauthn:extension:minPinLength: true, webauthn:extension:prf: true, webauthn:virtualAuthenticators: true}
Session ID: 2a0ed74fae97557192455f0522a5586a
	at org.openqa.selenium.remote.codec.w3c.W3CHttpResponseCodec.createException(W3CHttpResponseCodec.java:200)
	at org.openqa.selenium.remote.codec.w3c.W3CHttpResponseCodec.decode(W3CHttpResponseCodec.java:133)
	at org.openqa.selenium.remote.codec.w3c.W3CHttpResponseCodec.decode(W3CHttpResponseCodec.java:53)
	at org.openqa.selenium.remote.HttpCommandExecutor.execute(HttpCommandExecutor.java:184)
	at org.openqa.selenium.remote.service.DriverCommandExecutor.invokeExecute(DriverCommandExecutor.java:167)
	at org.openqa.selenium.remote.service.DriverCommandExecutor.execute(DriverCommandExecutor.java:142)
	at org.openqa.selenium.remote.RemoteWebDriver.execute(RemoteWebDriver.java:543)
	at org.openqa.selenium.remote.ElementLocation$ElementFinder$2.findElement(ElementLocation.java:162)
	at org.openqa.selenium.remote.ElementLocation.findElement(ElementLocation.java:60)
	at org.openqa.selenium.remote.RemoteWebDriver.findElement(RemoteWebDriver.java:367)
	at org.openqa.selenium.remote.RemoteWebDriver.findElement(RemoteWebDriver.java:359)
	at org.openqa.selenium.support.pagefactory.DefaultElementLocator.findElement(DefaultElementLocator.java:70)
	at org.openqa.selenium.support.pagefactory.internal.LocatingElementHandler.invoke(LocatingElementHandler.java:39)
	at jdk.proxy2/jdk.proxy2.$Proxy22.sendKeys(Unknown Source)
	at com.playexch.module.PlayexchTennisPage.getPlayexchStakeValue(PlayexchTennisPage.java:209)
	at com.playexch.sportsbook.TennisBackUnmatchedTC.backBetPlace(TennisBackUnmatchedTC.java:66)
	at java.base/java.util.ArrayList.forEach(ArrayList.java:1511)
... Removed 31 stack frames</pre></div><a href='#' onClick='toggleBox("stack-trace1289292854", this, "Click to show all stack frames", "Click to hide stack frames")'>Click to show all stack frames</a>
<div class='stack-trace' id='stack-trace1289292854'><pre>org.openqa.selenium.NoSuchElementException: no such element: Unable to locate element: {&quot;method&quot;:&quot;xpath&quot;,&quot;selector&quot;:&quot;(//input[@type=&apos;text&apos;])[5]&quot;}
  (Session info: chrome=112.0.5615.137)
For documentation on this error, please visit: https://selenium.dev/exceptions/#no_such_element
Build info: version: &apos;4.1.1&apos;, revision: &apos;e8fcc2cecf&apos;
System info: host: &apos;Admins-MacBook-Air.local&apos;, ip: &apos;fe80:0:0:0:8ab:ca66:83f9:db2%en0&apos;, os.name: &apos;Mac OS X&apos;, os.arch: &apos;x86_64&apos;, os.version: &apos;13.2.1&apos;, java.version: &apos;17.0.5&apos;
Driver info: org.openqa.selenium.chrome.ChromeDriver
Command: [2a0ed74fae97557192455f0522a5586a, findElement {using=xpath, value=(//input[@type=&apos;text&apos;])[5]}]
Capabilities {acceptInsecureCerts: false, browserName: chrome, browserVersion: 112.0.5615.137, chrome: {chromedriverVersion: 112.0.5615.49 (bd2a7bcb881c..., userDataDir: /var/folders/_l/cndz3rc16s7...}, goog:chromeOptions: {debuggerAddress: localhost:49686}, javascriptEnabled: true, networkConnectionEnabled: false, pageLoadStrategy: normal, platform: MAC, platformName: MAC, proxy: Proxy(), se:cdp: ws://localhost:49686/devtoo..., se:cdpVersion: 112.0.5615.137, setWindowRect: true, strictFileInteractability: false, timeouts: {implicit: 0, pageLoad: 300000, script: 30000}, unhandledPromptBehavior: dismiss and notify, webauthn:extension:credBlob: true, webauthn:extension:largeBlob: true, webauthn:extension:minPinLength: true, webauthn:extension:prf: true, webauthn:virtualAuthenticators: true}
Session ID: 2a0ed74fae97557192455f0522a5586a
	at jdk.internal.reflect.GeneratedConstructorAccessor24.newInstance(Unknown Source)
	at java.base/jdk.internal.reflect.DelegatingConstructorAccessorImpl.newInstance(DelegatingConstructorAccessorImpl.java:45)
	at java.base/java.lang.reflect.Constructor.newInstanceWithCaller(Constructor.java:499)
	at java.base/java.lang.reflect.Constructor.newInstance(Constructor.java:480)
	at org.openqa.selenium.remote.codec.w3c.W3CHttpResponseCodec.createException(W3CHttpResponseCodec.java:200)
	at org.openqa.selenium.remote.codec.w3c.W3CHttpResponseCodec.decode(W3CHttpResponseCodec.java:133)
	at org.openqa.selenium.remote.codec.w3c.W3CHttpResponseCodec.decode(W3CHttpResponseCodec.java:53)
	at org.openqa.selenium.remote.HttpCommandExecutor.execute(HttpCommandExecutor.java:184)
	at org.openqa.selenium.remote.service.DriverCommandExecutor.invokeExecute(DriverCommandExecutor.java:167)
	at org.openqa.selenium.remote.service.DriverCommandExecutor.execute(DriverCommandExecutor.java:142)
	at org.openqa.selenium.remote.RemoteWebDriver.execute(RemoteWebDriver.java:543)
	at org.openqa.selenium.remote.ElementLocation$ElementFinder$2.findElement(ElementLocation.java:162)
	at org.openqa.selenium.remote.ElementLocation.findElement(ElementLocation.java:60)
	at org.openqa.selenium.remote.RemoteWebDriver.findElement(RemoteWebDriver.java:367)
	at org.openqa.selenium.remote.RemoteWebDriver.findElement(RemoteWebDriver.java:359)
	at org.openqa.selenium.support.pagefactory.DefaultElementLocator.findElement(DefaultElementLocator.java:70)
	at org.openqa.selenium.support.pagefactory.internal.LocatingElementHandler.invoke(LocatingElementHandler.java:39)
	at jdk.proxy2/jdk.proxy2.$Proxy22.sendKeys(Unknown Source)
	at com.playexch.module.PlayexchTennisPage.getPlayexchStakeValue(PlayexchTennisPage.java:209)
	at com.playexch.sportsbook.TennisBackUnmatchedTC.backBetPlace(TennisBackUnmatchedTC.java:66)
	at java.base/jdk.internal.reflect.NativeMethodAccessorImpl.invoke0(Native Method)
	at java.base/jdk.internal.reflect.NativeMethodAccessorImpl.invoke(NativeMethodAccessorImpl.java:77)
	at java.base/jdk.internal.reflect.DelegatingMethodAccessorImpl.invoke(DelegatingMethodAccessorImpl.java:43)
	at java.base/java.lang.reflect.Method.invoke(Method.java:568)
	at org.testng.internal.invokers.MethodInvocationHelper.invokeMethod(MethodInvocationHelper.java:135)
	at org.testng.internal.invokers.TestInvoker.invokeMethod(TestInvoker.java:673)
	at org.testng.internal.invokers.TestInvoker.invokeTestMethod(TestInvoker.java:220)
	at org.testng.internal.invokers.MethodRunner.runInSequence(MethodRunner.java:50)
	at org.testng.internal.invokers.TestInvoker$MethodInvocationAgent.invoke(TestInvoker.java:945)
	at org.testng.internal.invokers.TestInvoker.invokeTestMethods(TestInvoker.java:193)
	at org.testng.internal.invokers.TestMethodWorker.invokeTestMethods(TestMethodWorker.java:146)
	at org.testng.internal.invokers.TestMethodWorker.run(TestMethodWorker.java:128)
	at java.base/java.util.ArrayList.forEach(ArrayList.java:1511)
	at org.testng.TestRunner.privateRun(TestRunner.java:808)
	at org.testng.TestRunner.run(TestRunner.java:603)
	at org.testng.SuiteRunner.runTest(SuiteRunner.java:429)
	at org.testng.SuiteRunner.runSequentially(SuiteRunner.java:423)
	at org.testng.SuiteRunner.privateRun(SuiteRunner.java:383)
	at org.testng.SuiteRunner.run(SuiteRunner.java:326)
	at org.testng.SuiteRunnerWorker.runSuite(SuiteRunnerWorker.java:52)
	at org.testng.SuiteRunnerWorker.run(SuiteRunnerWorker.java:95)
	at org.testng.TestNG.runSuitesSequentially(TestNG.java:1249)
	at org.testng.TestNG.runSuitesLocally(TestNG.java:1169)
	at org.testng.TestNG.runSuites(TestNG.java:1092)
	at org.testng.TestNG.run(TestNG.java:1060)
	at org.testng.remote.AbstractRemoteTestNG.run(AbstractRemoteTestNG.java:115)
	at org.testng.remote.RemoteTestNG.initAndRun(RemoteTestNG.java:251)
	at org.testng.remote.RemoteTestNG.main(RemoteTestNG.java:77)
</pre></div></td>
<td>52</td>
<td>com.playexch.sportsbook.TennisBackUnmatchedTC@68c9133c</td></tr>
</table><p>
<table width='100%' border='1' class='invocation-passed'>
<tr><td colspan='4' align='center'><b>PASSED TESTS</b></td></tr>
<tr><td><b>Test method</b></td>
<td width="30%"><b>Exception</b></td>
<td width="10%"><b>Time (seconds)</b></td>
<td><b>Instance</b></td>
</tr>
<tr>
<td title='com.playexch.sportsbook.CricketBackUnmatchedTC.verifyBetPlacedUnmatched()'><b>verifyBetPlacedUnmatched</b><br>Test class: com.playexch.sportsbook.CricketBackUnmatchedTC</td>
<td></td>
<td>13</td>
<td>com.playexch.sportsbook.CricketBackUnmatchedTC@5f049ea1</td></tr>
<tr>
<td title='com.playexch.sportsbook.TennisLayMatchedTC.logOutToWeb()'><b>logOutToWeb</b><br>Test class: com.playexch.sportsbook.TennisLayMatchedTC</td>
<td></td>
<td>0</td>
<td>com.playexch.sportsbook.TennisLayMatchedTC@5e2c3d18</td></tr>
<tr>
<td title='com.playexch.sportsbook.CricketLayUnmatchedTC.verifyNetExposure()'><b>verifyNetExposure</b><br>Test class: com.playexch.sportsbook.CricketLayUnmatchedTC</td>
<td></td>
<td>0</td>
<td>com.playexch.sportsbook.CricketLayUnmatchedTC@72035809</td></tr>
<tr>
<td title='com.playexch.sportsbook.SoccerLayMatchedTC.getProfileInfoBeforePlaceBet()'><b>getProfileInfoBeforePlaceBet</b><br>Test class: com.playexch.sportsbook.SoccerLayMatchedTC</td>
<td></td>
<td>3</td>
<td>com.playexch.sportsbook.SoccerLayMatchedTC@606e4010</td></tr>
<tr>
<td title='com.playexch.sportsbook.TennisLayMatchedTC.verifyMatchesAvailable()'><b>verifyMatchesAvailable</b><br>Test class: com.playexch.sportsbook.TennisLayMatchedTC</td>
<td></td>
<td>20</td>
<td>com.playexch.sportsbook.TennisLayMatchedTC@5e2c3d18</td></tr>
<tr>
<td title='com.playexch.sportsbook.SoccerBackUnmatchedTC.verifyMatchesAvailable()'><b>verifyMatchesAvailable</b><br>Test class: com.playexch.sportsbook.SoccerBackUnmatchedTC</td>
<td></td>
<td>20</td>
<td>com.playexch.sportsbook.SoccerBackUnmatchedTC@8458f04</td></tr>
<tr>
<td title='com.playexch.sportsbook.CricketLayMatchedTC.verifyMatchesAvailable()'><b>verifyMatchesAvailable</b><br>Test class: com.playexch.sportsbook.CricketLayMatchedTC</td>
<td></td>
<td>20</td>
<td>com.playexch.sportsbook.CricketLayMatchedTC@5afa3c9</td></tr>
<tr>
<td title='com.playexch.sportsbook.SoccerLayUnmatchedTC.verifyMatchesAvailable()'><b>verifyMatchesAvailable</b><br>Test class: com.playexch.sportsbook.SoccerLayUnmatchedTC</td>
<td></td>
<td>20</td>
<td>com.playexch.sportsbook.SoccerLayUnmatchedTC@18271936</td></tr>
<tr>
<td title='com.playexch.sportsbook.TennisLayUnmatchedTC.verifyMatchesAvailable()'><b>verifyMatchesAvailable</b><br>Test class: com.playexch.sportsbook.TennisLayUnmatchedTC</td>
<td></td>
<td>20</td>
<td>com.playexch.sportsbook.TennisLayUnmatchedTC@48075da3</td></tr>
<tr>
<td title='com.playexch.sportsbook.CricketBackMatchedTC.verifyBetPlacedUnmatched()'><b>verifyBetPlacedUnmatched</b><br>Test class: com.playexch.sportsbook.CricketBackMatchedTC</td>
<td></td>
<td>20</td>
<td>com.playexch.sportsbook.CricketBackMatchedTC@3f191845</td></tr>
<tr>
<td title='com.playexch.sportsbook.SoccerLayUnmatchedTC.getProfileInfoBeforePlaceBet()'><b>getProfileInfoBeforePlaceBet</b><br>Test class: com.playexch.sportsbook.SoccerLayUnmatchedTC</td>
<td></td>
<td>3</td>
<td>com.playexch.sportsbook.SoccerLayUnmatchedTC@18271936</td></tr>
<tr>
<td title='com.playexch.sportsbook.CricketBackUnmatchedTC.verifyNetExposure()'><b>verifyNetExposure</b><br>Test class: com.playexch.sportsbook.CricketBackUnmatchedTC</td>
<td></td>
<td>0</td>
<td>com.playexch.sportsbook.CricketBackUnmatchedTC@5f049ea1</td></tr>
<tr>
<td title='com.playexch.sportsbook.CricketBackUnmatchedTC.getProfileInfoAfterCancelUnmatched()'><b>getProfileInfoAfterCancelUnmatched</b><br>Test class: com.playexch.sportsbook.CricketBackUnmatchedTC</td>
<td></td>
<td>13</td>
<td>com.playexch.sportsbook.CricketBackUnmatchedTC@5f049ea1</td></tr>
<tr>
<td title='com.playexch.sportsbook.CricketBackMatchedTC.verifyBetPlacedMatched()'><b>verifyBetPlacedMatched</b><br>Test class: com.playexch.sportsbook.CricketBackMatchedTC</td>
<td></td>
<td>10</td>
<td>com.playexch.sportsbook.CricketBackMatchedTC@3f191845</td></tr>
<tr>
<td title='com.playexch.sportsbook.CricketLayUnmatchedTC.getProfileInfoAfterPlaceBet()'><b>getProfileInfoAfterPlaceBet</b><br>Test class: com.playexch.sportsbook.CricketLayUnmatchedTC</td>
<td></td>
<td>3</td>
<td>com.playexch.sportsbook.CricketLayUnmatchedTC@72035809</td></tr>
<tr>
<td title='com.playexch.sportsbook.TennisBackUnmatchedTC.getProfileInfoBeforePlaceBet()'><b>getProfileInfoBeforePlaceBet</b><br>Test class: com.playexch.sportsbook.TennisBackUnmatchedTC</td>
<td></td>
<td>3</td>
<td>com.playexch.sportsbook.TennisBackUnmatchedTC@68c9133c</td></tr>
<tr>
<td title='com.playexch.sportsbook.CricketLayUnmatchedTC.verifyMatchesAvailable()'><b>verifyMatchesAvailable</b><br>Test class: com.playexch.sportsbook.CricketLayUnmatchedTC</td>
<td></td>
<td>20</td>
<td>com.playexch.sportsbook.CricketLayUnmatchedTC@72035809</td></tr>
<tr>
<td title='com.playexch.sportsbook.CricketBackMatchedTC.getProfileInfoBeforePlaceBet()'><b>getProfileInfoBeforePlaceBet</b><br>Test class: com.playexch.sportsbook.CricketBackMatchedTC</td>
<td></td>
<td>3</td>
<td>com.playexch.sportsbook.CricketBackMatchedTC@3f191845</td></tr>
<tr>
<td title='com.playexch.sportsbook.CricketBackUnmatchedTC.allMyBetsPlaced()'><b>allMyBetsPlaced</b><br>Test class: com.playexch.sportsbook.CricketBackUnmatchedTC</td>
<td></td>
<td>10</td>
<td>com.playexch.sportsbook.CricketBackUnmatchedTC@5f049ea1</td></tr>
<tr>
<td title='com.playexch.sportsbook.CricketLayMatchedTC.verifyBetPlacedMatched()'><b>verifyBetPlacedMatched</b><br>Test class: com.playexch.sportsbook.CricketLayMatchedTC</td>
<td></td>
<td>10</td>
<td>com.playexch.sportsbook.CricketLayMatchedTC@5afa3c9</td></tr>
<tr>
<td title='com.playexch.sportsbook.SoccerLayMatchedTC.verifyMatchesAvailable()'><b>verifyMatchesAvailable</b><br>Test class: com.playexch.sportsbook.SoccerLayMatchedTC</td>
<td></td>
<td>20</td>
<td>com.playexch.sportsbook.SoccerLayMatchedTC@606e4010</td></tr>
<tr>
<td title='com.playexch.sportsbook.CricketLayUnmatchedTC.getProfileInfoBeforePlaceBet()'><b>getProfileInfoBeforePlaceBet</b><br>Test class: com.playexch.sportsbook.CricketLayUnmatchedTC</td>
<td></td>
<td>3</td>
<td>com.playexch.sportsbook.CricketLayUnmatchedTC@72035809</td></tr>
<tr>
<td title='com.playexch.sportsbook.CricketBackUnmatchedTC.getProfileInfoAfterPlaceBet()'><b>getProfileInfoAfterPlaceBet</b><br>Test class: com.playexch.sportsbook.CricketBackUnmatchedTC</td>
<td></td>
<td>3</td>
<td>com.playexch.sportsbook.CricketBackUnmatchedTC@5f049ea1</td></tr>
<tr>
<td title='com.playexch.sportsbook.CricketLayMatchedTC.allMyBetsPlaced()'><b>allMyBetsPlaced</b><br>Test class: com.playexch.sportsbook.CricketLayMatchedTC</td>
<td></td>
<td>10</td>
<td>com.playexch.sportsbook.CricketLayMatchedTC@5afa3c9</td></tr>
<tr>
<td title='com.playexch.sportsbook.CricketLayMatchedTC.verifyBetPlacedUnmatched()'><b>verifyBetPlacedUnmatched</b><br>Test class: com.playexch.sportsbook.CricketLayMatchedTC</td>
<td></td>
<td>20</td>
<td>com.playexch.sportsbook.CricketLayMatchedTC@5afa3c9</td></tr>
<tr>
<td title='com.playexch.sportsbook.TennisLayUnmatchedTC.getProfileInfoBeforePlaceBet()'><b>getProfileInfoBeforePlaceBet</b><br>Test class: com.playexch.sportsbook.TennisLayUnmatchedTC</td>
<td></td>
<td>3</td>
<td>com.playexch.sportsbook.TennisLayUnmatchedTC@48075da3</td></tr>
<tr>
<td title='com.playexch.sportsbook.CricketLayUnmatchedTC.getProfileInfoAfterCancelUnmatched()'><b>getProfileInfoAfterCancelUnmatched</b><br>Test class: com.playexch.sportsbook.CricketLayUnmatchedTC</td>
<td></td>
<td>13</td>
<td>com.playexch.sportsbook.CricketLayUnmatchedTC@72035809</td></tr>
<tr>
<td title='com.playexch.sportsbook.CricketBackMatchedTC.verifyMatchesAvailable()'><b>verifyMatchesAvailable</b><br>Test class: com.playexch.sportsbook.CricketBackMatchedTC</td>
<td></td>
<td>21</td>
<td>com.playexch.sportsbook.CricketBackMatchedTC@3f191845</td></tr>
<tr>
<td title='com.playexch.sportsbook.CricketBackUnmatchedTC.getProfileInfoBeforePlaceBet()'><b>getProfileInfoBeforePlaceBet</b><br>Test class: com.playexch.sportsbook.CricketBackUnmatchedTC</td>
<td></td>
<td>3</td>
<td>com.playexch.sportsbook.CricketBackUnmatchedTC@5f049ea1</td></tr>
<tr>
<td title='com.playexch.sportsbook.CricketLayMatchedTC.getProfileInfoBeforePlaceBet()'><b>getProfileInfoBeforePlaceBet</b><br>Test class: com.playexch.sportsbook.CricketLayMatchedTC</td>
<td></td>
<td>3</td>
<td>com.playexch.sportsbook.CricketLayMatchedTC@5afa3c9</td></tr>
<tr>
<td title='com.playexch.sportsbook.CricketBackMatchedTC.verifyNetExposure()'><b>verifyNetExposure</b><br>Test class: com.playexch.sportsbook.CricketBackMatchedTC</td>
<td></td>
<td>0</td>
<td>com.playexch.sportsbook.CricketBackMatchedTC@3f191845</td></tr>
<tr>
<td title='com.playexch.sportsbook.CricketLayMatchedTC.getProfileInfoAfterPlaceBet()'><b>getProfileInfoAfterPlaceBet</b><br>Test class: com.playexch.sportsbook.CricketLayMatchedTC</td>
<td></td>
<td>3</td>
<td>com.playexch.sportsbook.CricketLayMatchedTC@5afa3c9</td></tr>
<tr>
<td title='com.playexch.sportsbook.CricketLayMatchedTC.verifyNetExposure()'><b>verifyNetExposure</b><br>Test class: com.playexch.sportsbook.CricketLayMatchedTC</td>
<td></td>
<td>0</td>
<td>com.playexch.sportsbook.CricketLayMatchedTC@5afa3c9</td></tr>
<tr>
<td title='com.playexch.sportsbook.SoccerBackUnmatchedTC.getProfileInfoBeforePlaceBet()'><b>getProfileInfoBeforePlaceBet</b><br>Test class: com.playexch.sportsbook.SoccerBackUnmatchedTC</td>
<td></td>
<td>3</td>
<td>com.playexch.sportsbook.SoccerBackUnmatchedTC@8458f04</td></tr>
<tr>
<td title='com.playexch.sportsbook.CricketLayUnmatchedTC.allMyBetsPlaced()'><b>allMyBetsPlaced</b><br>Test class: com.playexch.sportsbook.CricketLayUnmatchedTC</td>
<td></td>
<td>10</td>
<td>com.playexch.sportsbook.CricketLayUnmatchedTC@72035809</td></tr>
<tr>
<td title='com.playexch.sportsbook.TennisBackMatchedTC.getProfileInfoBeforePlaceBet()'><b>getProfileInfoBeforePlaceBet</b><br>Test class: com.playexch.sportsbook.TennisBackMatchedTC</td>
<td></td>
<td>3</td>
<td>com.playexch.sportsbook.TennisBackMatchedTC@7a35b0f5</td></tr>
<tr>
<td title='com.playexch.sportsbook.CricketBackMatchedTC.allMyBetsPlaced()'><b>allMyBetsPlaced</b><br>Test class: com.playexch.sportsbook.CricketBackMatchedTC</td>
<td></td>
<td>10</td>
<td>com.playexch.sportsbook.CricketBackMatchedTC@3f191845</td></tr>
<tr>
<td title='com.playexch.sportsbook.CricketBackMatchedTC.getProfileInfoAfterPlaceBet()'><b>getProfileInfoAfterPlaceBet</b><br>Test class: com.playexch.sportsbook.CricketBackMatchedTC</td>
<td></td>
<td>3</td>
<td>com.playexch.sportsbook.CricketBackMatchedTC@3f191845</td></tr>
<tr>
<td title='com.playexch.sportsbook.CricketLayMatchedTC.layBetPlace()'><b>layBetPlace</b><br>Test class: com.playexch.sportsbook.CricketLayMatchedTC</td>
<td></td>
<td>20</td>
<td>com.playexch.sportsbook.CricketLayMatchedTC@5afa3c9</td></tr>
<tr>
<td title='com.playexch.sportsbook.SoccerBackMatchedTC.verifyMatchesAvailable()'><b>verifyMatchesAvailable</b><br>Test class: com.playexch.sportsbook.SoccerBackMatchedTC</td>
<td></td>
<td>20</td>
<td>com.playexch.sportsbook.SoccerBackMatchedTC@909217e</td></tr>
<tr>
<td title='com.playexch.sportsbook.TennisLayMatchedTC.getProfileInfoBeforePlaceBet()'><b>getProfileInfoBeforePlaceBet</b><br>Test class: com.playexch.sportsbook.TennisLayMatchedTC</td>
<td></td>
<td>3</td>
<td>com.playexch.sportsbook.TennisLayMatchedTC@5e2c3d18</td></tr>
<tr>
<td title='com.playexch.sportsbook.TennisBackMatchedTC.verifyMatchesAvailable()'><b>verifyMatchesAvailable</b><br>Test class: com.playexch.sportsbook.TennisBackMatchedTC</td>
<td></td>
<td>20</td>
<td>com.playexch.sportsbook.TennisBackMatchedTC@7a35b0f5</td></tr>
<tr>
<td title='com.playexch.sportsbook.CricketBackUnmatchedTC.verifyMatchesAvailable()'><b>verifyMatchesAvailable</b><br>Test class: com.playexch.sportsbook.CricketBackUnmatchedTC</td>
<td></td>
<td>20</td>
<td>com.playexch.sportsbook.CricketBackUnmatchedTC@5f049ea1</td></tr>
<tr>
<td title='com.playexch.sportsbook.CricketBackMatchedTC.backBetPlace()'><b>backBetPlace</b><br>Test class: com.playexch.sportsbook.CricketBackMatchedTC</td>
<td></td>
<td>21</td>
<td>com.playexch.sportsbook.CricketBackMatchedTC@3f191845</td></tr>
<tr>
<td title='com.playexch.testclass.LoginTestCases.validUsername_Password()'><b>validUsername_Password</b><br>Test class: com.playexch.testclass.LoginTestCases</td>
<td></td>
<td>31</td>
<td>com.playexch.testclass.LoginTestCases@15043a2f</td></tr>
<tr>
<td title='com.playexch.sportsbook.CricketLayUnmatchedTC.layBetPlace()'><b>layBetPlace</b><br>Test class: com.playexch.sportsbook.CricketLayUnmatchedTC</td>
<td></td>
<td>21</td>
<td>com.playexch.sportsbook.CricketLayUnmatchedTC@72035809</td></tr>
<tr>
<td title='com.playexch.sportsbook.TennisBackUnmatchedTC.verifyMatchesAvailable()'><b>verifyMatchesAvailable</b><br>Test class: com.playexch.sportsbook.TennisBackUnmatchedTC</td>
<td></td>
<td>20</td>
<td>com.playexch.sportsbook.TennisBackUnmatchedTC@68c9133c</td></tr>
<tr>
<td title='com.playexch.sportsbook.SoccerBackMatchedTC.getProfileInfoBeforePlaceBet()'><b>getProfileInfoBeforePlaceBet</b><br>Test class: com.playexch.sportsbook.SoccerBackMatchedTC</td>
<td></td>
<td>3</td>
<td>com.playexch.sportsbook.SoccerBackMatchedTC@909217e</td></tr>
<tr>
<td title='com.playexch.sportsbook.CricketBackUnmatchedTC.backBetPlace()'><b>backBetPlace</b><br>Test class: com.playexch.sportsbook.CricketBackUnmatchedTC</td>
<td></td>
<td>21</td>
<td>com.playexch.sportsbook.CricketBackUnmatchedTC@5f049ea1</td></tr>
<tr>
<td title='com.playexch.sportsbook.CricketLayUnmatchedTC.verifyBetPlacedUnmatched()'><b>verifyBetPlacedUnmatched</b><br>Test class: com.playexch.sportsbook.CricketLayUnmatchedTC</td>
<td></td>
<td>13</td>
<td>com.playexch.sportsbook.CricketLayUnmatchedTC@72035809</td></tr>
</table><p>
<table width='100%' border='1' class='invocation-skipped'>
<tr><td colspan='4' align='center'><b>SKIPPED TESTS</b></td></tr>
<tr><td><b>Test method</b></td>
<td width="30%"><b>Exception</b></td>
<td width="10%"><b>Time (seconds)</b></td>
<td><b>Instance</b></td>
</tr>
<tr>
<td title='com.playexch.sportsbook.SoccerBackMatchedTC.verifyBetPlacedUnmatched()'><b>verifyBetPlacedUnmatched</b><br>Test class: com.playexch.sportsbook.SoccerBackMatchedTC</td>
<td><div><pre>java.lang.Throwable: Method com.playexch.sportsbook.SoccerBackMatchedTC.verifyBetPlacedUnmatched() on instance com.playexch.sportsbook.SoccerBackMatchedTC@909217e depends on not successfully finished methods 
[com.playexch.sportsbook.SoccerBackMatchedTC.verifyMatchesAvailable() on instance com.playexch.sportsbook.SoccerBackMatchedTC@909217e
com.playexch.sportsbook.SoccerBackMatchedTC.backBetPlace() on instance com.playexch.sportsbook.SoccerBackMatchedTC@909217e]
	at java.base/java.util.ArrayList.forEach(ArrayList.java:1511)
... Removed 18 stack frames</pre></div><a href='#' onClick='toggleBox("stack-trace426014054", this, "Click to show all stack frames", "Click to hide stack frames")'>Click to show all stack frames</a>
<div class='stack-trace' id='stack-trace426014054'><pre>java.lang.Throwable: Method com.playexch.sportsbook.SoccerBackMatchedTC.verifyBetPlacedUnmatched() on instance com.playexch.sportsbook.SoccerBackMatchedTC@909217e depends on not successfully finished methods 
[com.playexch.sportsbook.SoccerBackMatchedTC.verifyMatchesAvailable() on instance com.playexch.sportsbook.SoccerBackMatchedTC@909217e
com.playexch.sportsbook.SoccerBackMatchedTC.backBetPlace() on instance com.playexch.sportsbook.SoccerBackMatchedTC@909217e]
	at org.testng.internal.invokers.TestInvoker.invokeTestMethods(TestInvoker.java:149)
	at org.testng.internal.invokers.TestMethodWorker.invokeTestMethods(TestMethodWorker.java:146)
	at org.testng.internal.invokers.TestMethodWorker.run(TestMethodWorker.java:128)
	at java.base/java.util.ArrayList.forEach(ArrayList.java:1511)
	at org.testng.TestRunner.privateRun(TestRunner.java:808)
	at org.testng.TestRunner.run(TestRunner.java:603)
	at org.testng.SuiteRunner.runTest(SuiteRunner.java:429)
	at org.testng.SuiteRunner.runSequentially(SuiteRunner.java:423)
	at org.testng.SuiteRunner.privateRun(SuiteRunner.java:383)
	at org.testng.SuiteRunner.run(SuiteRunner.java:326)
	at org.testng.SuiteRunnerWorker.runSuite(SuiteRunnerWorker.java:52)
	at org.testng.SuiteRunnerWorker.run(SuiteRunnerWorker.java:95)
	at org.testng.TestNG.runSuitesSequentially(TestNG.java:1249)
	at org.testng.TestNG.runSuitesLocally(TestNG.java:1169)
	at org.testng.TestNG.runSuites(TestNG.java:1092)
	at org.testng.TestNG.run(TestNG.java:1060)
	at org.testng.remote.AbstractRemoteTestNG.run(AbstractRemoteTestNG.java:115)
	at org.testng.remote.RemoteTestNG.initAndRun(RemoteTestNG.java:251)
	at org.testng.remote.RemoteTestNG.main(RemoteTestNG.java:77)
</pre></div></td>
<td>0</td>
<td>com.playexch.sportsbook.SoccerBackMatchedTC@909217e</td></tr>
<tr>
<td title='com.playexch.sportsbook.TennisBackMatchedTC.getProfileInfoAfterPlaceBet()'><b>getProfileInfoAfterPlaceBet</b><br>Test class: com.playexch.sportsbook.TennisBackMatchedTC</td>
<td><div><pre>java.lang.Throwable: Method com.playexch.sportsbook.TennisBackMatchedTC.getProfileInfoAfterPlaceBet() on instance com.playexch.sportsbook.TennisBackMatchedTC@7a35b0f5 depends on not successfully finished methods 
[com.playexch.sportsbook.TennisBackMatchedTC.verifyMatchesAvailable() on instance com.playexch.sportsbook.TennisBackMatchedTC@7a35b0f5
com.playexch.sportsbook.TennisBackMatchedTC.backBetPlace() on instance com.playexch.sportsbook.TennisBackMatchedTC@7a35b0f5]
	at java.base/java.util.ArrayList.forEach(ArrayList.java:1511)
... Removed 18 stack frames</pre></div><a href='#' onClick='toggleBox("stack-trace1813608092", this, "Click to show all stack frames", "Click to hide stack frames")'>Click to show all stack frames</a>
<div class='stack-trace' id='stack-trace1813608092'><pre>java.lang.Throwable: Method com.playexch.sportsbook.TennisBackMatchedTC.getProfileInfoAfterPlaceBet() on instance com.playexch.sportsbook.TennisBackMatchedTC@7a35b0f5 depends on not successfully finished methods 
[com.playexch.sportsbook.TennisBackMatchedTC.verifyMatchesAvailable() on instance com.playexch.sportsbook.TennisBackMatchedTC@7a35b0f5
com.playexch.sportsbook.TennisBackMatchedTC.backBetPlace() on instance com.playexch.sportsbook.TennisBackMatchedTC@7a35b0f5]
	at org.testng.internal.invokers.TestInvoker.invokeTestMethods(TestInvoker.java:149)
	at org.testng.internal.invokers.TestMethodWorker.invokeTestMethods(TestMethodWorker.java:146)
	at org.testng.internal.invokers.TestMethodWorker.run(TestMethodWorker.java:128)
	at java.base/java.util.ArrayList.forEach(ArrayList.java:1511)
	at org.testng.TestRunner.privateRun(TestRunner.java:808)
	at org.testng.TestRunner.run(TestRunner.java:603)
	at org.testng.SuiteRunner.runTest(SuiteRunner.java:429)
	at org.testng.SuiteRunner.runSequentially(SuiteRunner.java:423)
	at org.testng.SuiteRunner.privateRun(SuiteRunner.java:383)
	at org.testng.SuiteRunner.run(SuiteRunner.java:326)
	at org.testng.SuiteRunnerWorker.runSuite(SuiteRunnerWorker.java:52)
	at org.testng.SuiteRunnerWorker.run(SuiteRunnerWorker.java:95)
	at org.testng.TestNG.runSuitesSequentially(TestNG.java:1249)
	at org.testng.TestNG.runSuitesLocally(TestNG.java:1169)
	at org.testng.TestNG.runSuites(TestNG.java:1092)
	at org.testng.TestNG.run(TestNG.java:1060)
	at org.testng.remote.AbstractRemoteTestNG.run(AbstractRemoteTestNG.java:115)
	at org.testng.remote.RemoteTestNG.initAndRun(RemoteTestNG.java:251)
	at org.testng.remote.RemoteTestNG.main(RemoteTestNG.java:77)
</pre></div></td>
<td>0</td>
<td>com.playexch.sportsbook.TennisBackMatchedTC@7a35b0f5</td></tr>
<tr>
<td title='com.playexch.sportsbook.TennisLayMatchedTC.verifyNetExposure()'><b>verifyNetExposure</b><br>Test class: com.playexch.sportsbook.TennisLayMatchedTC</td>
<td><div><pre>java.lang.Throwable: Method com.playexch.sportsbook.TennisLayMatchedTC.verifyNetExposure() on instance com.playexch.sportsbook.TennisLayMatchedTC@5e2c3d18 depends on not successfully finished methods 
[com.playexch.sportsbook.TennisLayMatchedTC.verifyMatchesAvailable() on instance com.playexch.sportsbook.TennisLayMatchedTC@5e2c3d18
com.playexch.sportsbook.TennisLayMatchedTC.layBetPlace() on instance com.playexch.sportsbook.TennisLayMatchedTC@5e2c3d18]
	at java.base/java.util.ArrayList.forEach(ArrayList.java:1511)
... Removed 18 stack frames</pre></div><a href='#' onClick='toggleBox("stack-trace1262966594", this, "Click to show all stack frames", "Click to hide stack frames")'>Click to show all stack frames</a>
<div class='stack-trace' id='stack-trace1262966594'><pre>java.lang.Throwable: Method com.playexch.sportsbook.TennisLayMatchedTC.verifyNetExposure() on instance com.playexch.sportsbook.TennisLayMatchedTC@5e2c3d18 depends on not successfully finished methods 
[com.playexch.sportsbook.TennisLayMatchedTC.verifyMatchesAvailable() on instance com.playexch.sportsbook.TennisLayMatchedTC@5e2c3d18
com.playexch.sportsbook.TennisLayMatchedTC.layBetPlace() on instance com.playexch.sportsbook.TennisLayMatchedTC@5e2c3d18]
	at org.testng.internal.invokers.TestInvoker.invokeTestMethods(TestInvoker.java:149)
	at org.testng.internal.invokers.TestMethodWorker.invokeTestMethods(TestMethodWorker.java:146)
	at org.testng.internal.invokers.TestMethodWorker.run(TestMethodWorker.java:128)
	at java.base/java.util.ArrayList.forEach(ArrayList.java:1511)
	at org.testng.TestRunner.privateRun(TestRunner.java:808)
	at org.testng.TestRunner.run(TestRunner.java:603)
	at org.testng.SuiteRunner.runTest(SuiteRunner.java:429)
	at org.testng.SuiteRunner.runSequentially(SuiteRunner.java:423)
	at org.testng.SuiteRunner.privateRun(SuiteRunner.java:383)
	at org.testng.SuiteRunner.run(SuiteRunner.java:326)
	at org.testng.SuiteRunnerWorker.runSuite(SuiteRunnerWorker.java:52)
	at org.testng.SuiteRunnerWorker.run(SuiteRunnerWorker.java:95)
	at org.testng.TestNG.runSuitesSequentially(TestNG.java:1249)
	at org.testng.TestNG.runSuitesLocally(TestNG.java:1169)
	at org.testng.TestNG.runSuites(TestNG.java:1092)
	at org.testng.TestNG.run(TestNG.java:1060)
	at org.testng.remote.AbstractRemoteTestNG.run(AbstractRemoteTestNG.java:115)
	at org.testng.remote.RemoteTestNG.initAndRun(RemoteTestNG.java:251)
	at org.testng.remote.RemoteTestNG.main(RemoteTestNG.java:77)
</pre></div></td>
<td>0</td>
<td>com.playexch.sportsbook.TennisLayMatchedTC@5e2c3d18</td></tr>
<tr>
<td title='com.playexch.sportsbook.SoccerBackMatchedTC.getProfileInfoAfterPlaceBet()'><b>getProfileInfoAfterPlaceBet</b><br>Test class: com.playexch.sportsbook.SoccerBackMatchedTC</td>
<td><div><pre>java.lang.Throwable: Method com.playexch.sportsbook.SoccerBackMatchedTC.getProfileInfoAfterPlaceBet() on instance com.playexch.sportsbook.SoccerBackMatchedTC@909217e depends on not successfully finished methods 
[com.playexch.sportsbook.SoccerBackMatchedTC.verifyMatchesAvailable() on instance com.playexch.sportsbook.SoccerBackMatchedTC@909217e
com.playexch.sportsbook.SoccerBackMatchedTC.backBetPlace() on instance com.playexch.sportsbook.SoccerBackMatchedTC@909217e]
	at java.base/java.util.ArrayList.forEach(ArrayList.java:1511)
... Removed 18 stack frames</pre></div><a href='#' onClick='toggleBox("stack-trace590720754", this, "Click to show all stack frames", "Click to hide stack frames")'>Click to show all stack frames</a>
<div class='stack-trace' id='stack-trace590720754'><pre>java.lang.Throwable: Method com.playexch.sportsbook.SoccerBackMatchedTC.getProfileInfoAfterPlaceBet() on instance com.playexch.sportsbook.SoccerBackMatchedTC@909217e depends on not successfully finished methods 
[com.playexch.sportsbook.SoccerBackMatchedTC.verifyMatchesAvailable() on instance com.playexch.sportsbook.SoccerBackMatchedTC@909217e
com.playexch.sportsbook.SoccerBackMatchedTC.backBetPlace() on instance com.playexch.sportsbook.SoccerBackMatchedTC@909217e]
	at org.testng.internal.invokers.TestInvoker.invokeTestMethods(TestInvoker.java:149)
	at org.testng.internal.invokers.TestMethodWorker.invokeTestMethods(TestMethodWorker.java:146)
	at org.testng.internal.invokers.TestMethodWorker.run(TestMethodWorker.java:128)
	at java.base/java.util.ArrayList.forEach(ArrayList.java:1511)
	at org.testng.TestRunner.privateRun(TestRunner.java:808)
	at org.testng.TestRunner.run(TestRunner.java:603)
	at org.testng.SuiteRunner.runTest(SuiteRunner.java:429)
	at org.testng.SuiteRunner.runSequentially(SuiteRunner.java:423)
	at org.testng.SuiteRunner.privateRun(SuiteRunner.java:383)
	at org.testng.SuiteRunner.run(SuiteRunner.java:326)
	at org.testng.SuiteRunnerWorker.runSuite(SuiteRunnerWorker.java:52)
	at org.testng.SuiteRunnerWorker.run(SuiteRunnerWorker.java:95)
	at org.testng.TestNG.runSuitesSequentially(TestNG.java:1249)
	at org.testng.TestNG.runSuitesLocally(TestNG.java:1169)
	at org.testng.TestNG.runSuites(TestNG.java:1092)
	at org.testng.TestNG.run(TestNG.java:1060)
	at org.testng.remote.AbstractRemoteTestNG.run(AbstractRemoteTestNG.java:115)
	at org.testng.remote.RemoteTestNG.initAndRun(RemoteTestNG.java:251)
	at org.testng.remote.RemoteTestNG.main(RemoteTestNG.java:77)
</pre></div></td>
<td>0</td>
<td>com.playexch.sportsbook.SoccerBackMatchedTC@909217e</td></tr>
<tr>
<td title='com.playexch.sportsbook.TennisBackMatchedTC.verifyBetPlacedUnmatched()'><b>verifyBetPlacedUnmatched</b><br>Test class: com.playexch.sportsbook.TennisBackMatchedTC</td>
<td><div><pre>java.lang.Throwable: Method com.playexch.sportsbook.TennisBackMatchedTC.verifyBetPlacedUnmatched() on instance com.playexch.sportsbook.TennisBackMatchedTC@7a35b0f5 depends on not successfully finished methods 
[com.playexch.sportsbook.TennisBackMatchedTC.verifyMatchesAvailable() on instance com.playexch.sportsbook.TennisBackMatchedTC@7a35b0f5
com.playexch.sportsbook.TennisBackMatchedTC.backBetPlace() on instance com.playexch.sportsbook.TennisBackMatchedTC@7a35b0f5]
	at java.base/java.util.ArrayList.forEach(ArrayList.java:1511)
... Removed 18 stack frames</pre></div><a href='#' onClick='toggleBox("stack-trace408553489", this, "Click to show all stack frames", "Click to hide stack frames")'>Click to show all stack frames</a>
<div class='stack-trace' id='stack-trace408553489'><pre>java.lang.Throwable: Method com.playexch.sportsbook.TennisBackMatchedTC.verifyBetPlacedUnmatched() on instance com.playexch.sportsbook.TennisBackMatchedTC@7a35b0f5 depends on not successfully finished methods 
[com.playexch.sportsbook.TennisBackMatchedTC.verifyMatchesAvailable() on instance com.playexch.sportsbook.TennisBackMatchedTC@7a35b0f5
com.playexch.sportsbook.TennisBackMatchedTC.backBetPlace() on instance com.playexch.sportsbook.TennisBackMatchedTC@7a35b0f5]
	at org.testng.internal.invokers.TestInvoker.invokeTestMethods(TestInvoker.java:149)
	at org.testng.internal.invokers.TestMethodWorker.invokeTestMethods(TestMethodWorker.java:146)
	at org.testng.internal.invokers.TestMethodWorker.run(TestMethodWorker.java:128)
	at java.base/java.util.ArrayList.forEach(ArrayList.java:1511)
	at org.testng.TestRunner.privateRun(TestRunner.java:808)
	at org.testng.TestRunner.run(TestRunner.java:603)
	at org.testng.SuiteRunner.runTest(SuiteRunner.java:429)
	at org.testng.SuiteRunner.runSequentially(SuiteRunner.java:423)
	at org.testng.SuiteRunner.privateRun(SuiteRunner.java:383)
	at org.testng.SuiteRunner.run(SuiteRunner.java:326)
	at org.testng.SuiteRunnerWorker.runSuite(SuiteRunnerWorker.java:52)
	at org.testng.SuiteRunnerWorker.run(SuiteRunnerWorker.java:95)
	at org.testng.TestNG.runSuitesSequentially(TestNG.java:1249)
	at org.testng.TestNG.runSuitesLocally(TestNG.java:1169)
	at org.testng.TestNG.runSuites(TestNG.java:1092)
	at org.testng.TestNG.run(TestNG.java:1060)
	at org.testng.remote.AbstractRemoteTestNG.run(AbstractRemoteTestNG.java:115)
	at org.testng.remote.RemoteTestNG.initAndRun(RemoteTestNG.java:251)
	at org.testng.remote.RemoteTestNG.main(RemoteTestNG.java:77)
</pre></div></td>
<td>0</td>
<td>com.playexch.sportsbook.TennisBackMatchedTC@7a35b0f5</td></tr>
<tr>
<td title='com.playexch.sportsbook.SoccerLayUnmatchedTC.verifyBetPlacedUnmatched()'><b>verifyBetPlacedUnmatched</b><br>Test class: com.playexch.sportsbook.SoccerLayUnmatchedTC</td>
<td><div><pre>java.lang.Throwable: Method com.playexch.sportsbook.SoccerLayUnmatchedTC.verifyBetPlacedUnmatched() on instance com.playexch.sportsbook.SoccerLayUnmatchedTC@18271936 depends on not successfully finished methods 
[com.playexch.sportsbook.SoccerLayUnmatchedTC.verifyMatchesAvailable() on instance com.playexch.sportsbook.SoccerLayUnmatchedTC@18271936
com.playexch.sportsbook.SoccerLayUnmatchedTC.layBetPlace() on instance com.playexch.sportsbook.SoccerLayUnmatchedTC@18271936]
	at java.base/java.util.ArrayList.forEach(ArrayList.java:1511)
... Removed 18 stack frames</pre></div><a href='#' onClick='toggleBox("stack-trace1290940607", this, "Click to show all stack frames", "Click to hide stack frames")'>Click to show all stack frames</a>
<div class='stack-trace' id='stack-trace1290940607'><pre>java.lang.Throwable: Method com.playexch.sportsbook.SoccerLayUnmatchedTC.verifyBetPlacedUnmatched() on instance com.playexch.sportsbook.SoccerLayUnmatchedTC@18271936 depends on not successfully finished methods 
[com.playexch.sportsbook.SoccerLayUnmatchedTC.verifyMatchesAvailable() on instance com.playexch.sportsbook.SoccerLayUnmatchedTC@18271936
com.playexch.sportsbook.SoccerLayUnmatchedTC.layBetPlace() on instance com.playexch.sportsbook.SoccerLayUnmatchedTC@18271936]
	at org.testng.internal.invokers.TestInvoker.invokeTestMethods(TestInvoker.java:149)
	at org.testng.internal.invokers.TestMethodWorker.invokeTestMethods(TestMethodWorker.java:146)
	at org.testng.internal.invokers.TestMethodWorker.run(TestMethodWorker.java:128)
	at java.base/java.util.ArrayList.forEach(ArrayList.java:1511)
	at org.testng.TestRunner.privateRun(TestRunner.java:808)
	at org.testng.TestRunner.run(TestRunner.java:603)
	at org.testng.SuiteRunner.runTest(SuiteRunner.java:429)
	at org.testng.SuiteRunner.runSequentially(SuiteRunner.java:423)
	at org.testng.SuiteRunner.privateRun(SuiteRunner.java:383)
	at org.testng.SuiteRunner.run(SuiteRunner.java:326)
	at org.testng.SuiteRunnerWorker.runSuite(SuiteRunnerWorker.java:52)
	at org.testng.SuiteRunnerWorker.run(SuiteRunnerWorker.java:95)
	at org.testng.TestNG.runSuitesSequentially(TestNG.java:1249)
	at org.testng.TestNG.runSuitesLocally(TestNG.java:1169)
	at org.testng.TestNG.runSuites(TestNG.java:1092)
	at org.testng.TestNG.run(TestNG.java:1060)
	at org.testng.remote.AbstractRemoteTestNG.run(AbstractRemoteTestNG.java:115)
	at org.testng.remote.RemoteTestNG.initAndRun(RemoteTestNG.java:251)
	at org.testng.remote.RemoteTestNG.main(RemoteTestNG.java:77)
</pre></div></td>
<td>0</td>
<td>com.playexch.sportsbook.SoccerLayUnmatchedTC@18271936</td></tr>
<tr>
<td title='com.playexch.sportsbook.SoccerLayUnmatchedTC.verifyNetExposure()'><b>verifyNetExposure</b><br>Test class: com.playexch.sportsbook.SoccerLayUnmatchedTC</td>
<td><div><pre>java.lang.Throwable: Method com.playexch.sportsbook.SoccerLayUnmatchedTC.verifyNetExposure() on instance com.playexch.sportsbook.SoccerLayUnmatchedTC@18271936 depends on not successfully finished methods 
[com.playexch.sportsbook.SoccerLayUnmatchedTC.verifyMatchesAvailable() on instance com.playexch.sportsbook.SoccerLayUnmatchedTC@18271936
com.playexch.sportsbook.SoccerLayUnmatchedTC.layBetPlace() on instance com.playexch.sportsbook.SoccerLayUnmatchedTC@18271936]
	at java.base/java.util.ArrayList.forEach(ArrayList.java:1511)
... Removed 18 stack frames</pre></div><a href='#' onClick='toggleBox("stack-trace1492291772", this, "Click to show all stack frames", "Click to hide stack frames")'>Click to show all stack frames</a>
<div class='stack-trace' id='stack-trace1492291772'><pre>java.lang.Throwable: Method com.playexch.sportsbook.SoccerLayUnmatchedTC.verifyNetExposure() on instance com.playexch.sportsbook.SoccerLayUnmatchedTC@18271936 depends on not successfully finished methods 
[com.playexch.sportsbook.SoccerLayUnmatchedTC.verifyMatchesAvailable() on instance com.playexch.sportsbook.SoccerLayUnmatchedTC@18271936
com.playexch.sportsbook.SoccerLayUnmatchedTC.layBetPlace() on instance com.playexch.sportsbook.SoccerLayUnmatchedTC@18271936]
	at org.testng.internal.invokers.TestInvoker.invokeTestMethods(TestInvoker.java:149)
	at org.testng.internal.invokers.TestMethodWorker.invokeTestMethods(TestMethodWorker.java:146)
	at org.testng.internal.invokers.TestMethodWorker.run(TestMethodWorker.java:128)
	at java.base/java.util.ArrayList.forEach(ArrayList.java:1511)
	at org.testng.TestRunner.privateRun(TestRunner.java:808)
	at org.testng.TestRunner.run(TestRunner.java:603)
	at org.testng.SuiteRunner.runTest(SuiteRunner.java:429)
	at org.testng.SuiteRunner.runSequentially(SuiteRunner.java:423)
	at org.testng.SuiteRunner.privateRun(SuiteRunner.java:383)
	at org.testng.SuiteRunner.run(SuiteRunner.java:326)
	at org.testng.SuiteRunnerWorker.runSuite(SuiteRunnerWorker.java:52)
	at org.testng.SuiteRunnerWorker.run(SuiteRunnerWorker.java:95)
	at org.testng.TestNG.runSuitesSequentially(TestNG.java:1249)
	at org.testng.TestNG.runSuitesLocally(TestNG.java:1169)
	at org.testng.TestNG.runSuites(TestNG.java:1092)
	at org.testng.TestNG.run(TestNG.java:1060)
	at org.testng.remote.AbstractRemoteTestNG.run(AbstractRemoteTestNG.java:115)
	at org.testng.remote.RemoteTestNG.initAndRun(RemoteTestNG.java:251)
	at org.testng.remote.RemoteTestNG.main(RemoteTestNG.java:77)
</pre></div></td>
<td>0</td>
<td>com.playexch.sportsbook.SoccerLayUnmatchedTC@18271936</td></tr>
<tr>
<td title='com.playexch.sportsbook.TennisLayUnmatchedTC.verifyBetPlacedUnmatched()'><b>verifyBetPlacedUnmatched</b><br>Test class: com.playexch.sportsbook.TennisLayUnmatchedTC</td>
<td><div><pre>java.lang.Throwable: Method com.playexch.sportsbook.TennisLayUnmatchedTC.verifyBetPlacedUnmatched() on instance com.playexch.sportsbook.TennisLayUnmatchedTC@48075da3 depends on not successfully finished methods 
[com.playexch.sportsbook.TennisLayUnmatchedTC.verifyMatchesAvailable() on instance com.playexch.sportsbook.TennisLayUnmatchedTC@48075da3
com.playexch.sportsbook.TennisLayUnmatchedTC.layBetPlace() on instance com.playexch.sportsbook.TennisLayUnmatchedTC@48075da3]
	at java.base/java.util.ArrayList.forEach(ArrayList.java:1511)
... Removed 18 stack frames</pre></div><a href='#' onClick='toggleBox("stack-trace1691955350", this, "Click to show all stack frames", "Click to hide stack frames")'>Click to show all stack frames</a>
<div class='stack-trace' id='stack-trace1691955350'><pre>java.lang.Throwable: Method com.playexch.sportsbook.TennisLayUnmatchedTC.verifyBetPlacedUnmatched() on instance com.playexch.sportsbook.TennisLayUnmatchedTC@48075da3 depends on not successfully finished methods 
[com.playexch.sportsbook.TennisLayUnmatchedTC.verifyMatchesAvailable() on instance com.playexch.sportsbook.TennisLayUnmatchedTC@48075da3
com.playexch.sportsbook.TennisLayUnmatchedTC.layBetPlace() on instance com.playexch.sportsbook.TennisLayUnmatchedTC@48075da3]
	at org.testng.internal.invokers.TestInvoker.invokeTestMethods(TestInvoker.java:149)
	at org.testng.internal.invokers.TestMethodWorker.invokeTestMethods(TestMethodWorker.java:146)
	at org.testng.internal.invokers.TestMethodWorker.run(TestMethodWorker.java:128)
	at java.base/java.util.ArrayList.forEach(ArrayList.java:1511)
	at org.testng.TestRunner.privateRun(TestRunner.java:808)
	at org.testng.TestRunner.run(TestRunner.java:603)
	at org.testng.SuiteRunner.runTest(SuiteRunner.java:429)
	at org.testng.SuiteRunner.runSequentially(SuiteRunner.java:423)
	at org.testng.SuiteRunner.privateRun(SuiteRunner.java:383)
	at org.testng.SuiteRunner.run(SuiteRunner.java:326)
	at org.testng.SuiteRunnerWorker.runSuite(SuiteRunnerWorker.java:52)
	at org.testng.SuiteRunnerWorker.run(SuiteRunnerWorker.java:95)
	at org.testng.TestNG.runSuitesSequentially(TestNG.java:1249)
	at org.testng.TestNG.runSuitesLocally(TestNG.java:1169)
	at org.testng.TestNG.runSuites(TestNG.java:1092)
	at org.testng.TestNG.run(TestNG.java:1060)
	at org.testng.remote.AbstractRemoteTestNG.run(AbstractRemoteTestNG.java:115)
	at org.testng.remote.RemoteTestNG.initAndRun(RemoteTestNG.java:251)
	at org.testng.remote.RemoteTestNG.main(RemoteTestNG.java:77)
</pre></div></td>
<td>0</td>
<td>com.playexch.sportsbook.TennisLayUnmatchedTC@48075da3</td></tr>
<tr>
<td title='com.playexch.sportsbook.TennisBackUnmatchedTC.getProfileInfoAfterCancelUnmatched()'><b>getProfileInfoAfterCancelUnmatched</b><br>Test class: com.playexch.sportsbook.TennisBackUnmatchedTC</td>
<td><div><pre>java.lang.Throwable: Method com.playexch.sportsbook.TennisBackUnmatchedTC.getProfileInfoAfterCancelUnmatched() on instance com.playexch.sportsbook.TennisBackUnmatchedTC@68c9133c depends on not successfully finished methods 
[com.playexch.sportsbook.TennisBackUnmatchedTC.verifyMatchesAvailable() on instance com.playexch.sportsbook.TennisBackUnmatchedTC@68c9133c
com.playexch.sportsbook.TennisBackUnmatchedTC.backBetPlace() on instance com.playexch.sportsbook.TennisBackUnmatchedTC@68c9133c]
	at java.base/java.util.ArrayList.forEach(ArrayList.java:1511)
... Removed 18 stack frames</pre></div><a href='#' onClick='toggleBox("stack-trace1922344580", this, "Click to show all stack frames", "Click to hide stack frames")'>Click to show all stack frames</a>
<div class='stack-trace' id='stack-trace1922344580'><pre>java.lang.Throwable: Method com.playexch.sportsbook.TennisBackUnmatchedTC.getProfileInfoAfterCancelUnmatched() on instance com.playexch.sportsbook.TennisBackUnmatchedTC@68c9133c depends on not successfully finished methods 
[com.playexch.sportsbook.TennisBackUnmatchedTC.verifyMatchesAvailable() on instance com.playexch.sportsbook.TennisBackUnmatchedTC@68c9133c
com.playexch.sportsbook.TennisBackUnmatchedTC.backBetPlace() on instance com.playexch.sportsbook.TennisBackUnmatchedTC@68c9133c]
	at org.testng.internal.invokers.TestInvoker.invokeTestMethods(TestInvoker.java:149)
	at org.testng.internal.invokers.TestMethodWorker.invokeTestMethods(TestMethodWorker.java:146)
	at org.testng.internal.invokers.TestMethodWorker.run(TestMethodWorker.java:128)
	at java.base/java.util.ArrayList.forEach(ArrayList.java:1511)
	at org.testng.TestRunner.privateRun(TestRunner.java:808)
	at org.testng.TestRunner.run(TestRunner.java:603)
	at org.testng.SuiteRunner.runTest(SuiteRunner.java:429)
	at org.testng.SuiteRunner.runSequentially(SuiteRunner.java:423)
	at org.testng.SuiteRunner.privateRun(SuiteRunner.java:383)
	at org.testng.SuiteRunner.run(SuiteRunner.java:326)
	at org.testng.SuiteRunnerWorker.runSuite(SuiteRunnerWorker.java:52)
	at org.testng.SuiteRunnerWorker.run(SuiteRunnerWorker.java:95)
	at org.testng.TestNG.runSuitesSequentially(TestNG.java:1249)
	at org.testng.TestNG.runSuitesLocally(TestNG.java:1169)
	at org.testng.TestNG.runSuites(TestNG.java:1092)
	at org.testng.TestNG.run(TestNG.java:1060)
	at org.testng.remote.AbstractRemoteTestNG.run(AbstractRemoteTestNG.java:115)
	at org.testng.remote.RemoteTestNG.initAndRun(RemoteTestNG.java:251)
	at org.testng.remote.RemoteTestNG.main(RemoteTestNG.java:77)
</pre></div></td>
<td>0</td>
<td>com.playexch.sportsbook.TennisBackUnmatchedTC@68c9133c</td></tr>
<tr>
<td title='com.playexch.sportsbook.SoccerBackUnmatchedTC.getProfileInfoAfterCancelUnmatched()'><b>getProfileInfoAfterCancelUnmatched</b><br>Test class: com.playexch.sportsbook.SoccerBackUnmatchedTC</td>
<td><div><pre>java.lang.Throwable: Method com.playexch.sportsbook.SoccerBackUnmatchedTC.getProfileInfoAfterCancelUnmatched() on instance com.playexch.sportsbook.SoccerBackUnmatchedTC@8458f04 depends on not successfully finished methods 
[com.playexch.sportsbook.SoccerBackUnmatchedTC.verifyMatchesAvailable() on instance com.playexch.sportsbook.SoccerBackUnmatchedTC@8458f04
com.playexch.sportsbook.SoccerBackUnmatchedTC.backBetPlace() on instance com.playexch.sportsbook.SoccerBackUnmatchedTC@8458f04]
	at java.base/java.util.ArrayList.forEach(ArrayList.java:1511)
... Removed 18 stack frames</pre></div><a href='#' onClick='toggleBox("stack-trace1039159201", this, "Click to show all stack frames", "Click to hide stack frames")'>Click to show all stack frames</a>
<div class='stack-trace' id='stack-trace1039159201'><pre>java.lang.Throwable: Method com.playexch.sportsbook.SoccerBackUnmatchedTC.getProfileInfoAfterCancelUnmatched() on instance com.playexch.sportsbook.SoccerBackUnmatchedTC@8458f04 depends on not successfully finished methods 
[com.playexch.sportsbook.SoccerBackUnmatchedTC.verifyMatchesAvailable() on instance com.playexch.sportsbook.SoccerBackUnmatchedTC@8458f04
com.playexch.sportsbook.SoccerBackUnmatchedTC.backBetPlace() on instance com.playexch.sportsbook.SoccerBackUnmatchedTC@8458f04]
	at org.testng.internal.invokers.TestInvoker.invokeTestMethods(TestInvoker.java:149)
	at org.testng.internal.invokers.TestMethodWorker.invokeTestMethods(TestMethodWorker.java:146)
	at org.testng.internal.invokers.TestMethodWorker.run(TestMethodWorker.java:128)
	at java.base/java.util.ArrayList.forEach(ArrayList.java:1511)
	at org.testng.TestRunner.privateRun(TestRunner.java:808)
	at org.testng.TestRunner.run(TestRunner.java:603)
	at org.testng.SuiteRunner.runTest(SuiteRunner.java:429)
	at org.testng.SuiteRunner.runSequentially(SuiteRunner.java:423)
	at org.testng.SuiteRunner.privateRun(SuiteRunner.java:383)
	at org.testng.SuiteRunner.run(SuiteRunner.java:326)
	at org.testng.SuiteRunnerWorker.runSuite(SuiteRunnerWorker.java:52)
	at org.testng.SuiteRunnerWorker.run(SuiteRunnerWorker.java:95)
	at org.testng.TestNG.runSuitesSequentially(TestNG.java:1249)
	at org.testng.TestNG.runSuitesLocally(TestNG.java:1169)
	at org.testng.TestNG.runSuites(TestNG.java:1092)
	at org.testng.TestNG.run(TestNG.java:1060)
	at org.testng.remote.AbstractRemoteTestNG.run(AbstractRemoteTestNG.java:115)
	at org.testng.remote.RemoteTestNG.initAndRun(RemoteTestNG.java:251)
	at org.testng.remote.RemoteTestNG.main(RemoteTestNG.java:77)
</pre></div></td>
<td>0</td>
<td>com.playexch.sportsbook.SoccerBackUnmatchedTC@8458f04</td></tr>
<tr>
<td title='com.playexch.sportsbook.SoccerBackMatchedTC.verifyNetExposure()'><b>verifyNetExposure</b><br>Test class: com.playexch.sportsbook.SoccerBackMatchedTC</td>
<td><div><pre>java.lang.Throwable: Method com.playexch.sportsbook.SoccerBackMatchedTC.verifyNetExposure() on instance com.playexch.sportsbook.SoccerBackMatchedTC@909217e depends on not successfully finished methods 
[com.playexch.sportsbook.SoccerBackMatchedTC.verifyMatchesAvailable() on instance com.playexch.sportsbook.SoccerBackMatchedTC@909217e
com.playexch.sportsbook.SoccerBackMatchedTC.backBetPlace() on instance com.playexch.sportsbook.SoccerBackMatchedTC@909217e]
	at java.base/java.util.ArrayList.forEach(ArrayList.java:1511)
... Removed 18 stack frames</pre></div><a href='#' onClick='toggleBox("stack-trace967369466", this, "Click to show all stack frames", "Click to hide stack frames")'>Click to show all stack frames</a>
<div class='stack-trace' id='stack-trace967369466'><pre>java.lang.Throwable: Method com.playexch.sportsbook.SoccerBackMatchedTC.verifyNetExposure() on instance com.playexch.sportsbook.SoccerBackMatchedTC@909217e depends on not successfully finished methods 
[com.playexch.sportsbook.SoccerBackMatchedTC.verifyMatchesAvailable() on instance com.playexch.sportsbook.SoccerBackMatchedTC@909217e
com.playexch.sportsbook.SoccerBackMatchedTC.backBetPlace() on instance com.playexch.sportsbook.SoccerBackMatchedTC@909217e]
	at org.testng.internal.invokers.TestInvoker.invokeTestMethods(TestInvoker.java:149)
	at org.testng.internal.invokers.TestMethodWorker.invokeTestMethods(TestMethodWorker.java:146)
	at org.testng.internal.invokers.TestMethodWorker.run(TestMethodWorker.java:128)
	at java.base/java.util.ArrayList.forEach(ArrayList.java:1511)
	at org.testng.TestRunner.privateRun(TestRunner.java:808)
	at org.testng.TestRunner.run(TestRunner.java:603)
	at org.testng.SuiteRunner.runTest(SuiteRunner.java:429)
	at org.testng.SuiteRunner.runSequentially(SuiteRunner.java:423)
	at org.testng.SuiteRunner.privateRun(SuiteRunner.java:383)
	at org.testng.SuiteRunner.run(SuiteRunner.java:326)
	at org.testng.SuiteRunnerWorker.runSuite(SuiteRunnerWorker.java:52)
	at org.testng.SuiteRunnerWorker.run(SuiteRunnerWorker.java:95)
	at org.testng.TestNG.runSuitesSequentially(TestNG.java:1249)
	at org.testng.TestNG.runSuitesLocally(TestNG.java:1169)
	at org.testng.TestNG.runSuites(TestNG.java:1092)
	at org.testng.TestNG.run(TestNG.java:1060)
	at org.testng.remote.AbstractRemoteTestNG.run(AbstractRemoteTestNG.java:115)
	at org.testng.remote.RemoteTestNG.initAndRun(RemoteTestNG.java:251)
	at org.testng.remote.RemoteTestNG.main(RemoteTestNG.java:77)
</pre></div></td>
<td>0</td>
<td>com.playexch.sportsbook.SoccerBackMatchedTC@909217e</td></tr>
<tr>
<td title='com.playexch.sportsbook.SoccerBackUnmatchedTC.getProfileInfoAfterPlaceBet()'><b>getProfileInfoAfterPlaceBet</b><br>Test class: com.playexch.sportsbook.SoccerBackUnmatchedTC</td>
<td><div><pre>java.lang.Throwable: Method com.playexch.sportsbook.SoccerBackUnmatchedTC.getProfileInfoAfterPlaceBet() on instance com.playexch.sportsbook.SoccerBackUnmatchedTC@8458f04 depends on not successfully finished methods 
[com.playexch.sportsbook.SoccerBackUnmatchedTC.verifyMatchesAvailable() on instance com.playexch.sportsbook.SoccerBackUnmatchedTC@8458f04
com.playexch.sportsbook.SoccerBackUnmatchedTC.backBetPlace() on instance com.playexch.sportsbook.SoccerBackUnmatchedTC@8458f04]
	at java.base/java.util.ArrayList.forEach(ArrayList.java:1511)
... Removed 18 stack frames</pre></div><a href='#' onClick='toggleBox("stack-trace1824259625", this, "Click to show all stack frames", "Click to hide stack frames")'>Click to show all stack frames</a>
<div class='stack-trace' id='stack-trace1824259625'><pre>java.lang.Throwable: Method com.playexch.sportsbook.SoccerBackUnmatchedTC.getProfileInfoAfterPlaceBet() on instance com.playexch.sportsbook.SoccerBackUnmatchedTC@8458f04 depends on not successfully finished methods 
[com.playexch.sportsbook.SoccerBackUnmatchedTC.verifyMatchesAvailable() on instance com.playexch.sportsbook.SoccerBackUnmatchedTC@8458f04
com.playexch.sportsbook.SoccerBackUnmatchedTC.backBetPlace() on instance com.playexch.sportsbook.SoccerBackUnmatchedTC@8458f04]
	at org.testng.internal.invokers.TestInvoker.invokeTestMethods(TestInvoker.java:149)
	at org.testng.internal.invokers.TestMethodWorker.invokeTestMethods(TestMethodWorker.java:146)
	at org.testng.internal.invokers.TestMethodWorker.run(TestMethodWorker.java:128)
	at java.base/java.util.ArrayList.forEach(ArrayList.java:1511)
	at org.testng.TestRunner.privateRun(TestRunner.java:808)
	at org.testng.TestRunner.run(TestRunner.java:603)
	at org.testng.SuiteRunner.runTest(SuiteRunner.java:429)
	at org.testng.SuiteRunner.runSequentially(SuiteRunner.java:423)
	at org.testng.SuiteRunner.privateRun(SuiteRunner.java:383)
	at org.testng.SuiteRunner.run(SuiteRunner.java:326)
	at org.testng.SuiteRunnerWorker.runSuite(SuiteRunnerWorker.java:52)
	at org.testng.SuiteRunnerWorker.run(SuiteRunnerWorker.java:95)
	at org.testng.TestNG.runSuitesSequentially(TestNG.java:1249)
	at org.testng.TestNG.runSuitesLocally(TestNG.java:1169)
	at org.testng.TestNG.runSuites(TestNG.java:1092)
	at org.testng.TestNG.run(TestNG.java:1060)
	at org.testng.remote.AbstractRemoteTestNG.run(AbstractRemoteTestNG.java:115)
	at org.testng.remote.RemoteTestNG.initAndRun(RemoteTestNG.java:251)
	at org.testng.remote.RemoteTestNG.main(RemoteTestNG.java:77)
</pre></div></td>
<td>0</td>
<td>com.playexch.sportsbook.SoccerBackUnmatchedTC@8458f04</td></tr>
<tr>
<td title='com.playexch.sportsbook.TennisLayUnmatchedTC.getProfileInfoAfterCancelUnmatched()'><b>getProfileInfoAfterCancelUnmatched</b><br>Test class: com.playexch.sportsbook.TennisLayUnmatchedTC</td>
<td><div><pre>java.lang.Throwable: Method com.playexch.sportsbook.TennisLayUnmatchedTC.getProfileInfoAfterCancelUnmatched() on instance com.playexch.sportsbook.TennisLayUnmatchedTC@48075da3 depends on not successfully finished methods 
[com.playexch.sportsbook.TennisLayUnmatchedTC.verifyMatchesAvailable() on instance com.playexch.sportsbook.TennisLayUnmatchedTC@48075da3
com.playexch.sportsbook.TennisLayUnmatchedTC.layBetPlace() on instance com.playexch.sportsbook.TennisLayUnmatchedTC@48075da3]
	at java.base/java.util.ArrayList.forEach(ArrayList.java:1511)
... Removed 18 stack frames</pre></div><a href='#' onClick='toggleBox("stack-trace2081098713", this, "Click to show all stack frames", "Click to hide stack frames")'>Click to show all stack frames</a>
<div class='stack-trace' id='stack-trace2081098713'><pre>java.lang.Throwable: Method com.playexch.sportsbook.TennisLayUnmatchedTC.getProfileInfoAfterCancelUnmatched() on instance com.playexch.sportsbook.TennisLayUnmatchedTC@48075da3 depends on not successfully finished methods 
[com.playexch.sportsbook.TennisLayUnmatchedTC.verifyMatchesAvailable() on instance com.playexch.sportsbook.TennisLayUnmatchedTC@48075da3
com.playexch.sportsbook.TennisLayUnmatchedTC.layBetPlace() on instance com.playexch.sportsbook.TennisLayUnmatchedTC@48075da3]
	at org.testng.internal.invokers.TestInvoker.invokeTestMethods(TestInvoker.java:149)
	at org.testng.internal.invokers.TestMethodWorker.invokeTestMethods(TestMethodWorker.java:146)
	at org.testng.internal.invokers.TestMethodWorker.run(TestMethodWorker.java:128)
	at java.base/java.util.ArrayList.forEach(ArrayList.java:1511)
	at org.testng.TestRunner.privateRun(TestRunner.java:808)
	at org.testng.TestRunner.run(TestRunner.java:603)
	at org.testng.SuiteRunner.runTest(SuiteRunner.java:429)
	at org.testng.SuiteRunner.runSequentially(SuiteRunner.java:423)
	at org.testng.SuiteRunner.privateRun(SuiteRunner.java:383)
	at org.testng.SuiteRunner.run(SuiteRunner.java:326)
	at org.testng.SuiteRunnerWorker.runSuite(SuiteRunnerWorker.java:52)
	at org.testng.SuiteRunnerWorker.run(SuiteRunnerWorker.java:95)
	at org.testng.TestNG.runSuitesSequentially(TestNG.java:1249)
	at org.testng.TestNG.runSuitesLocally(TestNG.java:1169)
	at org.testng.TestNG.runSuites(TestNG.java:1092)
	at org.testng.TestNG.run(TestNG.java:1060)
	at org.testng.remote.AbstractRemoteTestNG.run(AbstractRemoteTestNG.java:115)
	at org.testng.remote.RemoteTestNG.initAndRun(RemoteTestNG.java:251)
	at org.testng.remote.RemoteTestNG.main(RemoteTestNG.java:77)
</pre></div></td>
<td>0</td>
<td>com.playexch.sportsbook.TennisLayUnmatchedTC@48075da3</td></tr>
<tr>
<td title='com.playexch.sportsbook.SoccerLayMatchedTC.verifyBetPlacedUnmatched()'><b>verifyBetPlacedUnmatched</b><br>Test class: com.playexch.sportsbook.SoccerLayMatchedTC</td>
<td><div><pre>java.lang.Throwable: Method com.playexch.sportsbook.SoccerLayMatchedTC.verifyBetPlacedUnmatched() on instance com.playexch.sportsbook.SoccerLayMatchedTC@606e4010 depends on not successfully finished methods 
[com.playexch.sportsbook.SoccerLayMatchedTC.verifyMatchesAvailable() on instance com.playexch.sportsbook.SoccerLayMatchedTC@606e4010
com.playexch.sportsbook.SoccerLayMatchedTC.layBetPlace() on instance com.playexch.sportsbook.SoccerLayMatchedTC@606e4010]
	at java.base/java.util.ArrayList.forEach(ArrayList.java:1511)
... Removed 18 stack frames</pre></div><a href='#' onClick='toggleBox("stack-trace905404580", this, "Click to show all stack frames", "Click to hide stack frames")'>Click to show all stack frames</a>
<div class='stack-trace' id='stack-trace905404580'><pre>java.lang.Throwable: Method com.playexch.sportsbook.SoccerLayMatchedTC.verifyBetPlacedUnmatched() on instance com.playexch.sportsbook.SoccerLayMatchedTC@606e4010 depends on not successfully finished methods 
[com.playexch.sportsbook.SoccerLayMatchedTC.verifyMatchesAvailable() on instance com.playexch.sportsbook.SoccerLayMatchedTC@606e4010
com.playexch.sportsbook.SoccerLayMatchedTC.layBetPlace() on instance com.playexch.sportsbook.SoccerLayMatchedTC@606e4010]
	at org.testng.internal.invokers.TestInvoker.invokeTestMethods(TestInvoker.java:149)
	at org.testng.internal.invokers.TestMethodWorker.invokeTestMethods(TestMethodWorker.java:146)
	at org.testng.internal.invokers.TestMethodWorker.run(TestMethodWorker.java:128)
	at java.base/java.util.ArrayList.forEach(ArrayList.java:1511)
	at org.testng.TestRunner.privateRun(TestRunner.java:808)
	at org.testng.TestRunner.run(TestRunner.java:603)
	at org.testng.SuiteRunner.runTest(SuiteRunner.java:429)
	at org.testng.SuiteRunner.runSequentially(SuiteRunner.java:423)
	at org.testng.SuiteRunner.privateRun(SuiteRunner.java:383)
	at org.testng.SuiteRunner.run(SuiteRunner.java:326)
	at org.testng.SuiteRunnerWorker.runSuite(SuiteRunnerWorker.java:52)
	at org.testng.SuiteRunnerWorker.run(SuiteRunnerWorker.java:95)
	at org.testng.TestNG.runSuitesSequentially(TestNG.java:1249)
	at org.testng.TestNG.runSuitesLocally(TestNG.java:1169)
	at org.testng.TestNG.runSuites(TestNG.java:1092)
	at org.testng.TestNG.run(TestNG.java:1060)
	at org.testng.remote.AbstractRemoteTestNG.run(AbstractRemoteTestNG.java:115)
	at org.testng.remote.RemoteTestNG.initAndRun(RemoteTestNG.java:251)
	at org.testng.remote.RemoteTestNG.main(RemoteTestNG.java:77)
</pre></div></td>
<td>0</td>
<td>com.playexch.sportsbook.SoccerLayMatchedTC@606e4010</td></tr>
<tr>
<td title='com.playexch.sportsbook.TennisBackUnmatchedTC.verifyNetExposure()'><b>verifyNetExposure</b><br>Test class: com.playexch.sportsbook.TennisBackUnmatchedTC</td>
<td><div><pre>java.lang.Throwable: Method com.playexch.sportsbook.TennisBackUnmatchedTC.verifyNetExposure() on instance com.playexch.sportsbook.TennisBackUnmatchedTC@68c9133c depends on not successfully finished methods 
[com.playexch.sportsbook.TennisBackUnmatchedTC.verifyMatchesAvailable() on instance com.playexch.sportsbook.TennisBackUnmatchedTC@68c9133c
com.playexch.sportsbook.TennisBackUnmatchedTC.backBetPlace() on instance com.playexch.sportsbook.TennisBackUnmatchedTC@68c9133c]
	at java.base/java.util.ArrayList.forEach(ArrayList.java:1511)
... Removed 18 stack frames</pre></div><a href='#' onClick='toggleBox("stack-trace1303734497", this, "Click to show all stack frames", "Click to hide stack frames")'>Click to show all stack frames</a>
<div class='stack-trace' id='stack-trace1303734497'><pre>java.lang.Throwable: Method com.playexch.sportsbook.TennisBackUnmatchedTC.verifyNetExposure() on instance com.playexch.sportsbook.TennisBackUnmatchedTC@68c9133c depends on not successfully finished methods 
[com.playexch.sportsbook.TennisBackUnmatchedTC.verifyMatchesAvailable() on instance com.playexch.sportsbook.TennisBackUnmatchedTC@68c9133c
com.playexch.sportsbook.TennisBackUnmatchedTC.backBetPlace() on instance com.playexch.sportsbook.TennisBackUnmatchedTC@68c9133c]
	at org.testng.internal.invokers.TestInvoker.invokeTestMethods(TestInvoker.java:149)
	at org.testng.internal.invokers.TestMethodWorker.invokeTestMethods(TestMethodWorker.java:146)
	at org.testng.internal.invokers.TestMethodWorker.run(TestMethodWorker.java:128)
	at java.base/java.util.ArrayList.forEach(ArrayList.java:1511)
	at org.testng.TestRunner.privateRun(TestRunner.java:808)
	at org.testng.TestRunner.run(TestRunner.java:603)
	at org.testng.SuiteRunner.runTest(SuiteRunner.java:429)
	at org.testng.SuiteRunner.runSequentially(SuiteRunner.java:423)
	at org.testng.SuiteRunner.privateRun(SuiteRunner.java:383)
	at org.testng.SuiteRunner.run(SuiteRunner.java:326)
	at org.testng.SuiteRunnerWorker.runSuite(SuiteRunnerWorker.java:52)
	at org.testng.SuiteRunnerWorker.run(SuiteRunnerWorker.java:95)
	at org.testng.TestNG.runSuitesSequentially(TestNG.java:1249)
	at org.testng.TestNG.runSuitesLocally(TestNG.java:1169)
	at org.testng.TestNG.runSuites(TestNG.java:1092)
	at org.testng.TestNG.run(TestNG.java:1060)
	at org.testng.remote.AbstractRemoteTestNG.run(AbstractRemoteTestNG.java:115)
	at org.testng.remote.RemoteTestNG.initAndRun(RemoteTestNG.java:251)
	at org.testng.remote.RemoteTestNG.main(RemoteTestNG.java:77)
</pre></div></td>
<td>0</td>
<td>com.playexch.sportsbook.TennisBackUnmatchedTC@68c9133c</td></tr>
<tr>
<td title='com.playexch.sportsbook.TennisLayMatchedTC.getProfileInfoAfterPlaceBet()'><b>getProfileInfoAfterPlaceBet</b><br>Test class: com.playexch.sportsbook.TennisLayMatchedTC</td>
<td><div><pre>java.lang.Throwable: Method com.playexch.sportsbook.TennisLayMatchedTC.getProfileInfoAfterPlaceBet() on instance com.playexch.sportsbook.TennisLayMatchedTC@5e2c3d18 depends on not successfully finished methods 
[com.playexch.sportsbook.TennisLayMatchedTC.verifyMatchesAvailable() on instance com.playexch.sportsbook.TennisLayMatchedTC@5e2c3d18
com.playexch.sportsbook.TennisLayMatchedTC.layBetPlace() on instance com.playexch.sportsbook.TennisLayMatchedTC@5e2c3d18]
	at java.base/java.util.ArrayList.forEach(ArrayList.java:1511)
... Removed 18 stack frames</pre></div><a href='#' onClick='toggleBox("stack-trace1127961711", this, "Click to show all stack frames", "Click to hide stack frames")'>Click to show all stack frames</a>
<div class='stack-trace' id='stack-trace1127961711'><pre>java.lang.Throwable: Method com.playexch.sportsbook.TennisLayMatchedTC.getProfileInfoAfterPlaceBet() on instance com.playexch.sportsbook.TennisLayMatchedTC@5e2c3d18 depends on not successfully finished methods 
[com.playexch.sportsbook.TennisLayMatchedTC.verifyMatchesAvailable() on instance com.playexch.sportsbook.TennisLayMatchedTC@5e2c3d18
com.playexch.sportsbook.TennisLayMatchedTC.layBetPlace() on instance com.playexch.sportsbook.TennisLayMatchedTC@5e2c3d18]
	at org.testng.internal.invokers.TestInvoker.invokeTestMethods(TestInvoker.java:149)
	at org.testng.internal.invokers.TestMethodWorker.invokeTestMethods(TestMethodWorker.java:146)
	at org.testng.internal.invokers.TestMethodWorker.run(TestMethodWorker.java:128)
	at java.base/java.util.ArrayList.forEach(ArrayList.java:1511)
	at org.testng.TestRunner.privateRun(TestRunner.java:808)
	at org.testng.TestRunner.run(TestRunner.java:603)
	at org.testng.SuiteRunner.runTest(SuiteRunner.java:429)
	at org.testng.SuiteRunner.runSequentially(SuiteRunner.java:423)
	at org.testng.SuiteRunner.privateRun(SuiteRunner.java:383)
	at org.testng.SuiteRunner.run(SuiteRunner.java:326)
	at org.testng.SuiteRunnerWorker.runSuite(SuiteRunnerWorker.java:52)
	at org.testng.SuiteRunnerWorker.run(SuiteRunnerWorker.java:95)
	at org.testng.TestNG.runSuitesSequentially(TestNG.java:1249)
	at org.testng.TestNG.runSuitesLocally(TestNG.java:1169)
	at org.testng.TestNG.runSuites(TestNG.java:1092)
	at org.testng.TestNG.run(TestNG.java:1060)
	at org.testng.remote.AbstractRemoteTestNG.run(AbstractRemoteTestNG.java:115)
	at org.testng.remote.RemoteTestNG.initAndRun(RemoteTestNG.java:251)
	at org.testng.remote.RemoteTestNG.main(RemoteTestNG.java:77)
</pre></div></td>
<td>0</td>
<td>com.playexch.sportsbook.TennisLayMatchedTC@5e2c3d18</td></tr>
<tr>
<td title='com.playexch.sportsbook.TennisBackUnmatchedTC.verifyBetPlacedUnmatched()'><b>verifyBetPlacedUnmatched</b><br>Test class: com.playexch.sportsbook.TennisBackUnmatchedTC</td>
<td><div><pre>java.lang.Throwable: Method com.playexch.sportsbook.TennisBackUnmatchedTC.verifyBetPlacedUnmatched() on instance com.playexch.sportsbook.TennisBackUnmatchedTC@68c9133c depends on not successfully finished methods 
[com.playexch.sportsbook.TennisBackUnmatchedTC.verifyMatchesAvailable() on instance com.playexch.sportsbook.TennisBackUnmatchedTC@68c9133c
com.playexch.sportsbook.TennisBackUnmatchedTC.backBetPlace() on instance com.playexch.sportsbook.TennisBackUnmatchedTC@68c9133c]
	at java.base/java.util.ArrayList.forEach(ArrayList.java:1511)
... Removed 18 stack frames</pre></div><a href='#' onClick='toggleBox("stack-trace2045314417", this, "Click to show all stack frames", "Click to hide stack frames")'>Click to show all stack frames</a>
<div class='stack-trace' id='stack-trace2045314417'><pre>java.lang.Throwable: Method com.playexch.sportsbook.TennisBackUnmatchedTC.verifyBetPlacedUnmatched() on instance com.playexch.sportsbook.TennisBackUnmatchedTC@68c9133c depends on not successfully finished methods 
[com.playexch.sportsbook.TennisBackUnmatchedTC.verifyMatchesAvailable() on instance com.playexch.sportsbook.TennisBackUnmatchedTC@68c9133c
com.playexch.sportsbook.TennisBackUnmatchedTC.backBetPlace() on instance com.playexch.sportsbook.TennisBackUnmatchedTC@68c9133c]
	at org.testng.internal.invokers.TestInvoker.invokeTestMethods(TestInvoker.java:149)
	at org.testng.internal.invokers.TestMethodWorker.invokeTestMethods(TestMethodWorker.java:146)
	at org.testng.internal.invokers.TestMethodWorker.run(TestMethodWorker.java:128)
	at java.base/java.util.ArrayList.forEach(ArrayList.java:1511)
	at org.testng.TestRunner.privateRun(TestRunner.java:808)
	at org.testng.TestRunner.run(TestRunner.java:603)
	at org.testng.SuiteRunner.runTest(SuiteRunner.java:429)
	at org.testng.SuiteRunner.runSequentially(SuiteRunner.java:423)
	at org.testng.SuiteRunner.privateRun(SuiteRunner.java:383)
	at org.testng.SuiteRunner.run(SuiteRunner.java:326)
	at org.testng.SuiteRunnerWorker.runSuite(SuiteRunnerWorker.java:52)
	at org.testng.SuiteRunnerWorker.run(SuiteRunnerWorker.java:95)
	at org.testng.TestNG.runSuitesSequentially(TestNG.java:1249)
	at org.testng.TestNG.runSuitesLocally(TestNG.java:1169)
	at org.testng.TestNG.runSuites(TestNG.java:1092)
	at org.testng.TestNG.run(TestNG.java:1060)
	at org.testng.remote.AbstractRemoteTestNG.run(AbstractRemoteTestNG.java:115)
	at org.testng.remote.RemoteTestNG.initAndRun(RemoteTestNG.java:251)
	at org.testng.remote.RemoteTestNG.main(RemoteTestNG.java:77)
</pre></div></td>
<td>0</td>
<td>com.playexch.sportsbook.TennisBackUnmatchedTC@68c9133c</td></tr>
<tr>
<td title='com.playexch.sportsbook.TennisLayUnmatchedTC.verifyNetExposure()'><b>verifyNetExposure</b><br>Test class: com.playexch.sportsbook.TennisLayUnmatchedTC</td>
<td><div><pre>java.lang.Throwable: Method com.playexch.sportsbook.TennisLayUnmatchedTC.verifyNetExposure() on instance com.playexch.sportsbook.TennisLayUnmatchedTC@48075da3 depends on not successfully finished methods 
[com.playexch.sportsbook.TennisLayUnmatchedTC.verifyMatchesAvailable() on instance com.playexch.sportsbook.TennisLayUnmatchedTC@48075da3
com.playexch.sportsbook.TennisLayUnmatchedTC.layBetPlace() on instance com.playexch.sportsbook.TennisLayUnmatchedTC@48075da3]
	at java.base/java.util.ArrayList.forEach(ArrayList.java:1511)
... Removed 18 stack frames</pre></div><a href='#' onClick='toggleBox("stack-trace1654115147", this, "Click to show all stack frames", "Click to hide stack frames")'>Click to show all stack frames</a>
<div class='stack-trace' id='stack-trace1654115147'><pre>java.lang.Throwable: Method com.playexch.sportsbook.TennisLayUnmatchedTC.verifyNetExposure() on instance com.playexch.sportsbook.TennisLayUnmatchedTC@48075da3 depends on not successfully finished methods 
[com.playexch.sportsbook.TennisLayUnmatchedTC.verifyMatchesAvailable() on instance com.playexch.sportsbook.TennisLayUnmatchedTC@48075da3
com.playexch.sportsbook.TennisLayUnmatchedTC.layBetPlace() on instance com.playexch.sportsbook.TennisLayUnmatchedTC@48075da3]
	at org.testng.internal.invokers.TestInvoker.invokeTestMethods(TestInvoker.java:149)
	at org.testng.internal.invokers.TestMethodWorker.invokeTestMethods(TestMethodWorker.java:146)
	at org.testng.internal.invokers.TestMethodWorker.run(TestMethodWorker.java:128)
	at java.base/java.util.ArrayList.forEach(ArrayList.java:1511)
	at org.testng.TestRunner.privateRun(TestRunner.java:808)
	at org.testng.TestRunner.run(TestRunner.java:603)
	at org.testng.SuiteRunner.runTest(SuiteRunner.java:429)
	at org.testng.SuiteRunner.runSequentially(SuiteRunner.java:423)
	at org.testng.SuiteRunner.privateRun(SuiteRunner.java:383)
	at org.testng.SuiteRunner.run(SuiteRunner.java:326)
	at org.testng.SuiteRunnerWorker.runSuite(SuiteRunnerWorker.java:52)
	at org.testng.SuiteRunnerWorker.run(SuiteRunnerWorker.java:95)
	at org.testng.TestNG.runSuitesSequentially(TestNG.java:1249)
	at org.testng.TestNG.runSuitesLocally(TestNG.java:1169)
	at org.testng.TestNG.runSuites(TestNG.java:1092)
	at org.testng.TestNG.run(TestNG.java:1060)
	at org.testng.remote.AbstractRemoteTestNG.run(AbstractRemoteTestNG.java:115)
	at org.testng.remote.RemoteTestNG.initAndRun(RemoteTestNG.java:251)
	at org.testng.remote.RemoteTestNG.main(RemoteTestNG.java:77)
</pre></div></td>
<td>0</td>
<td>com.playexch.sportsbook.TennisLayUnmatchedTC@48075da3</td></tr>
<tr>
<td title='com.playexch.sportsbook.TennisLayUnmatchedTC.getProfileInfoAfterPlaceBet()'><b>getProfileInfoAfterPlaceBet</b><br>Test class: com.playexch.sportsbook.TennisLayUnmatchedTC</td>
<td><div><pre>java.lang.Throwable: Method com.playexch.sportsbook.TennisLayUnmatchedTC.getProfileInfoAfterPlaceBet() on instance com.playexch.sportsbook.TennisLayUnmatchedTC@48075da3 depends on not successfully finished methods 
[com.playexch.sportsbook.TennisLayUnmatchedTC.verifyMatchesAvailable() on instance com.playexch.sportsbook.TennisLayUnmatchedTC@48075da3
com.playexch.sportsbook.TennisLayUnmatchedTC.layBetPlace() on instance com.playexch.sportsbook.TennisLayUnmatchedTC@48075da3]
	at java.base/java.util.ArrayList.forEach(ArrayList.java:1511)
... Removed 18 stack frames</pre></div><a href='#' onClick='toggleBox("stack-trace1373579841", this, "Click to show all stack frames", "Click to hide stack frames")'>Click to show all stack frames</a>
<div class='stack-trace' id='stack-trace1373579841'><pre>java.lang.Throwable: Method com.playexch.sportsbook.TennisLayUnmatchedTC.getProfileInfoAfterPlaceBet() on instance com.playexch.sportsbook.TennisLayUnmatchedTC@48075da3 depends on not successfully finished methods 
[com.playexch.sportsbook.TennisLayUnmatchedTC.verifyMatchesAvailable() on instance com.playexch.sportsbook.TennisLayUnmatchedTC@48075da3
com.playexch.sportsbook.TennisLayUnmatchedTC.layBetPlace() on instance com.playexch.sportsbook.TennisLayUnmatchedTC@48075da3]
	at org.testng.internal.invokers.TestInvoker.invokeTestMethods(TestInvoker.java:149)
	at org.testng.internal.invokers.TestMethodWorker.invokeTestMethods(TestMethodWorker.java:146)
	at org.testng.internal.invokers.TestMethodWorker.run(TestMethodWorker.java:128)
	at java.base/java.util.ArrayList.forEach(ArrayList.java:1511)
	at org.testng.TestRunner.privateRun(TestRunner.java:808)
	at org.testng.TestRunner.run(TestRunner.java:603)
	at org.testng.SuiteRunner.runTest(SuiteRunner.java:429)
	at org.testng.SuiteRunner.runSequentially(SuiteRunner.java:423)
	at org.testng.SuiteRunner.privateRun(SuiteRunner.java:383)
	at org.testng.SuiteRunner.run(SuiteRunner.java:326)
	at org.testng.SuiteRunnerWorker.runSuite(SuiteRunnerWorker.java:52)
	at org.testng.SuiteRunnerWorker.run(SuiteRunnerWorker.java:95)
	at org.testng.TestNG.runSuitesSequentially(TestNG.java:1249)
	at org.testng.TestNG.runSuitesLocally(TestNG.java:1169)
	at org.testng.TestNG.runSuites(TestNG.java:1092)
	at org.testng.TestNG.run(TestNG.java:1060)
	at org.testng.remote.AbstractRemoteTestNG.run(AbstractRemoteTestNG.java:115)
	at org.testng.remote.RemoteTestNG.initAndRun(RemoteTestNG.java:251)
	at org.testng.remote.RemoteTestNG.main(RemoteTestNG.java:77)
</pre></div></td>
<td>0</td>
<td>com.playexch.sportsbook.TennisLayUnmatchedTC@48075da3</td></tr>
<tr>
<td title='com.playexch.sportsbook.TennisBackUnmatchedTC.getProfileInfoAfterPlaceBet()'><b>getProfileInfoAfterPlaceBet</b><br>Test class: com.playexch.sportsbook.TennisBackUnmatchedTC</td>
<td><div><pre>java.lang.Throwable: Method com.playexch.sportsbook.TennisBackUnmatchedTC.getProfileInfoAfterPlaceBet() on instance com.playexch.sportsbook.TennisBackUnmatchedTC@68c9133c depends on not successfully finished methods 
[com.playexch.sportsbook.TennisBackUnmatchedTC.verifyMatchesAvailable() on instance com.playexch.sportsbook.TennisBackUnmatchedTC@68c9133c
com.playexch.sportsbook.TennisBackUnmatchedTC.backBetPlace() on instance com.playexch.sportsbook.TennisBackUnmatchedTC@68c9133c]
	at java.base/java.util.ArrayList.forEach(ArrayList.java:1511)
... Removed 18 stack frames</pre></div><a href='#' onClick='toggleBox("stack-trace1712647370", this, "Click to show all stack frames", "Click to hide stack frames")'>Click to show all stack frames</a>
<div class='stack-trace' id='stack-trace1712647370'><pre>java.lang.Throwable: Method com.playexch.sportsbook.TennisBackUnmatchedTC.getProfileInfoAfterPlaceBet() on instance com.playexch.sportsbook.TennisBackUnmatchedTC@68c9133c depends on not successfully finished methods 
[com.playexch.sportsbook.TennisBackUnmatchedTC.verifyMatchesAvailable() on instance com.playexch.sportsbook.TennisBackUnmatchedTC@68c9133c
com.playexch.sportsbook.TennisBackUnmatchedTC.backBetPlace() on instance com.playexch.sportsbook.TennisBackUnmatchedTC@68c9133c]
	at org.testng.internal.invokers.TestInvoker.invokeTestMethods(TestInvoker.java:149)
	at org.testng.internal.invokers.TestMethodWorker.invokeTestMethods(TestMethodWorker.java:146)
	at org.testng.internal.invokers.TestMethodWorker.run(TestMethodWorker.java:128)
	at java.base/java.util.ArrayList.forEach(ArrayList.java:1511)
	at org.testng.TestRunner.privateRun(TestRunner.java:808)
	at org.testng.TestRunner.run(TestRunner.java:603)
	at org.testng.SuiteRunner.runTest(SuiteRunner.java:429)
	at org.testng.SuiteRunner.runSequentially(SuiteRunner.java:423)
	at org.testng.SuiteRunner.privateRun(SuiteRunner.java:383)
	at org.testng.SuiteRunner.run(SuiteRunner.java:326)
	at org.testng.SuiteRunnerWorker.runSuite(SuiteRunnerWorker.java:52)
	at org.testng.SuiteRunnerWorker.run(SuiteRunnerWorker.java:95)
	at org.testng.TestNG.runSuitesSequentially(TestNG.java:1249)
	at org.testng.TestNG.runSuitesLocally(TestNG.java:1169)
	at org.testng.TestNG.runSuites(TestNG.java:1092)
	at org.testng.TestNG.run(TestNG.java:1060)
	at org.testng.remote.AbstractRemoteTestNG.run(AbstractRemoteTestNG.java:115)
	at org.testng.remote.RemoteTestNG.initAndRun(RemoteTestNG.java:251)
	at org.testng.remote.RemoteTestNG.main(RemoteTestNG.java:77)
</pre></div></td>
<td>0</td>
<td>com.playexch.sportsbook.TennisBackUnmatchedTC@68c9133c</td></tr>
<tr>
<td title='com.playexch.sportsbook.SoccerLayUnmatchedTC.getProfileInfoAfterCancelUnmatched()'><b>getProfileInfoAfterCancelUnmatched</b><br>Test class: com.playexch.sportsbook.SoccerLayUnmatchedTC</td>
<td><div><pre>java.lang.Throwable: Method com.playexch.sportsbook.SoccerLayUnmatchedTC.getProfileInfoAfterCancelUnmatched() on instance com.playexch.sportsbook.SoccerLayUnmatchedTC@18271936 depends on not successfully finished methods 
[com.playexch.sportsbook.SoccerLayUnmatchedTC.verifyMatchesAvailable() on instance com.playexch.sportsbook.SoccerLayUnmatchedTC@18271936
com.playexch.sportsbook.SoccerLayUnmatchedTC.layBetPlace() on instance com.playexch.sportsbook.SoccerLayUnmatchedTC@18271936]
	at java.base/java.util.ArrayList.forEach(ArrayList.java:1511)
... Removed 18 stack frames</pre></div><a href='#' onClick='toggleBox("stack-trace285301920", this, "Click to show all stack frames", "Click to hide stack frames")'>Click to show all stack frames</a>
<div class='stack-trace' id='stack-trace285301920'><pre>java.lang.Throwable: Method com.playexch.sportsbook.SoccerLayUnmatchedTC.getProfileInfoAfterCancelUnmatched() on instance com.playexch.sportsbook.SoccerLayUnmatchedTC@18271936 depends on not successfully finished methods 
[com.playexch.sportsbook.SoccerLayUnmatchedTC.verifyMatchesAvailable() on instance com.playexch.sportsbook.SoccerLayUnmatchedTC@18271936
com.playexch.sportsbook.SoccerLayUnmatchedTC.layBetPlace() on instance com.playexch.sportsbook.SoccerLayUnmatchedTC@18271936]
	at org.testng.internal.invokers.TestInvoker.invokeTestMethods(TestInvoker.java:149)
	at org.testng.internal.invokers.TestMethodWorker.invokeTestMethods(TestMethodWorker.java:146)
	at org.testng.internal.invokers.TestMethodWorker.run(TestMethodWorker.java:128)
	at java.base/java.util.ArrayList.forEach(ArrayList.java:1511)
	at org.testng.TestRunner.privateRun(TestRunner.java:808)
	at org.testng.TestRunner.run(TestRunner.java:603)
	at org.testng.SuiteRunner.runTest(SuiteRunner.java:429)
	at org.testng.SuiteRunner.runSequentially(SuiteRunner.java:423)
	at org.testng.SuiteRunner.privateRun(SuiteRunner.java:383)
	at org.testng.SuiteRunner.run(SuiteRunner.java:326)
	at org.testng.SuiteRunnerWorker.runSuite(SuiteRunnerWorker.java:52)
	at org.testng.SuiteRunnerWorker.run(SuiteRunnerWorker.java:95)
	at org.testng.TestNG.runSuitesSequentially(TestNG.java:1249)
	at org.testng.TestNG.runSuitesLocally(TestNG.java:1169)
	at org.testng.TestNG.runSuites(TestNG.java:1092)
	at org.testng.TestNG.run(TestNG.java:1060)
	at org.testng.remote.AbstractRemoteTestNG.run(AbstractRemoteTestNG.java:115)
	at org.testng.remote.RemoteTestNG.initAndRun(RemoteTestNG.java:251)
	at org.testng.remote.RemoteTestNG.main(RemoteTestNG.java:77)
</pre></div></td>
<td>0</td>
<td>com.playexch.sportsbook.SoccerLayUnmatchedTC@18271936</td></tr>
<tr>
<td title='com.playexch.sportsbook.SoccerLayUnmatchedTC.VerifyAllBetPlaceInfo()'><b>VerifyAllBetPlaceInfo</b><br>Test class: com.playexch.sportsbook.SoccerLayUnmatchedTC</td>
<td><div><pre>java.lang.Throwable: Method com.playexch.sportsbook.SoccerLayUnmatchedTC.VerifyAllBetPlaceInfo() on instance com.playexch.sportsbook.SoccerLayUnmatchedTC@18271936 depends on not successfully finished methods 
[com.playexch.sportsbook.SoccerLayUnmatchedTC.verifyMatchesAvailable() on instance com.playexch.sportsbook.SoccerLayUnmatchedTC@18271936
com.playexch.sportsbook.SoccerLayUnmatchedTC.layBetPlace() on instance com.playexch.sportsbook.SoccerLayUnmatchedTC@18271936]
	at java.base/java.util.ArrayList.forEach(ArrayList.java:1511)
... Removed 18 stack frames</pre></div><a href='#' onClick='toggleBox("stack-trace1348937989", this, "Click to show all stack frames", "Click to hide stack frames")'>Click to show all stack frames</a>
<div class='stack-trace' id='stack-trace1348937989'><pre>java.lang.Throwable: Method com.playexch.sportsbook.SoccerLayUnmatchedTC.VerifyAllBetPlaceInfo() on instance com.playexch.sportsbook.SoccerLayUnmatchedTC@18271936 depends on not successfully finished methods 
[com.playexch.sportsbook.SoccerLayUnmatchedTC.verifyMatchesAvailable() on instance com.playexch.sportsbook.SoccerLayUnmatchedTC@18271936
com.playexch.sportsbook.SoccerLayUnmatchedTC.layBetPlace() on instance com.playexch.sportsbook.SoccerLayUnmatchedTC@18271936]
	at org.testng.internal.invokers.TestInvoker.invokeTestMethods(TestInvoker.java:149)
	at org.testng.internal.invokers.TestMethodWorker.invokeTestMethods(TestMethodWorker.java:146)
	at org.testng.internal.invokers.TestMethodWorker.run(TestMethodWorker.java:128)
	at java.base/java.util.ArrayList.forEach(ArrayList.java:1511)
	at org.testng.TestRunner.privateRun(TestRunner.java:808)
	at org.testng.TestRunner.run(TestRunner.java:603)
	at org.testng.SuiteRunner.runTest(SuiteRunner.java:429)
	at org.testng.SuiteRunner.runSequentially(SuiteRunner.java:423)
	at org.testng.SuiteRunner.privateRun(SuiteRunner.java:383)
	at org.testng.SuiteRunner.run(SuiteRunner.java:326)
	at org.testng.SuiteRunnerWorker.runSuite(SuiteRunnerWorker.java:52)
	at org.testng.SuiteRunnerWorker.run(SuiteRunnerWorker.java:95)
	at org.testng.TestNG.runSuitesSequentially(TestNG.java:1249)
	at org.testng.TestNG.runSuitesLocally(TestNG.java:1169)
	at org.testng.TestNG.runSuites(TestNG.java:1092)
	at org.testng.TestNG.run(TestNG.java:1060)
	at org.testng.remote.AbstractRemoteTestNG.run(AbstractRemoteTestNG.java:115)
	at org.testng.remote.RemoteTestNG.initAndRun(RemoteTestNG.java:251)
	at org.testng.remote.RemoteTestNG.main(RemoteTestNG.java:77)
</pre></div></td>
<td>0</td>
<td>com.playexch.sportsbook.SoccerLayUnmatchedTC@18271936</td></tr>
<tr>
<td title='com.playexch.sportsbook.TennisLayMatchedTC.VerifyAllBetPlaceInfo()'><b>VerifyAllBetPlaceInfo</b><br>Test class: com.playexch.sportsbook.TennisLayMatchedTC</td>
<td><div><pre>java.lang.Throwable: Method com.playexch.sportsbook.TennisLayMatchedTC.VerifyAllBetPlaceInfo() on instance com.playexch.sportsbook.TennisLayMatchedTC@5e2c3d18 depends on not successfully finished methods 
[com.playexch.sportsbook.TennisLayMatchedTC.verifyMatchesAvailable() on instance com.playexch.sportsbook.TennisLayMatchedTC@5e2c3d18
com.playexch.sportsbook.TennisLayMatchedTC.layBetPlace() on instance com.playexch.sportsbook.TennisLayMatchedTC@5e2c3d18]
	at java.base/java.util.ArrayList.forEach(ArrayList.java:1511)
... Removed 18 stack frames</pre></div><a href='#' onClick='toggleBox("stack-trace1027629029", this, "Click to show all stack frames", "Click to hide stack frames")'>Click to show all stack frames</a>
<div class='stack-trace' id='stack-trace1027629029'><pre>java.lang.Throwable: Method com.playexch.sportsbook.TennisLayMatchedTC.VerifyAllBetPlaceInfo() on instance com.playexch.sportsbook.TennisLayMatchedTC@5e2c3d18 depends on not successfully finished methods 
[com.playexch.sportsbook.TennisLayMatchedTC.verifyMatchesAvailable() on instance com.playexch.sportsbook.TennisLayMatchedTC@5e2c3d18
com.playexch.sportsbook.TennisLayMatchedTC.layBetPlace() on instance com.playexch.sportsbook.TennisLayMatchedTC@5e2c3d18]
	at org.testng.internal.invokers.TestInvoker.invokeTestMethods(TestInvoker.java:149)
	at org.testng.internal.invokers.TestMethodWorker.invokeTestMethods(TestMethodWorker.java:146)
	at org.testng.internal.invokers.TestMethodWorker.run(TestMethodWorker.java:128)
	at java.base/java.util.ArrayList.forEach(ArrayList.java:1511)
	at org.testng.TestRunner.privateRun(TestRunner.java:808)
	at org.testng.TestRunner.run(TestRunner.java:603)
	at org.testng.SuiteRunner.runTest(SuiteRunner.java:429)
	at org.testng.SuiteRunner.runSequentially(SuiteRunner.java:423)
	at org.testng.SuiteRunner.privateRun(SuiteRunner.java:383)
	at org.testng.SuiteRunner.run(SuiteRunner.java:326)
	at org.testng.SuiteRunnerWorker.runSuite(SuiteRunnerWorker.java:52)
	at org.testng.SuiteRunnerWorker.run(SuiteRunnerWorker.java:95)
	at org.testng.TestNG.runSuitesSequentially(TestNG.java:1249)
	at org.testng.TestNG.runSuitesLocally(TestNG.java:1169)
	at org.testng.TestNG.runSuites(TestNG.java:1092)
	at org.testng.TestNG.run(TestNG.java:1060)
	at org.testng.remote.AbstractRemoteTestNG.run(AbstractRemoteTestNG.java:115)
	at org.testng.remote.RemoteTestNG.initAndRun(RemoteTestNG.java:251)
	at org.testng.remote.RemoteTestNG.main(RemoteTestNG.java:77)
</pre></div></td>
<td>0</td>
<td>com.playexch.sportsbook.TennisLayMatchedTC@5e2c3d18</td></tr>
<tr>
<td title='com.playexch.sportsbook.SoccerBackMatchedTC.verifyBetPlacedMatched()'><b>verifyBetPlacedMatched</b><br>Test class: com.playexch.sportsbook.SoccerBackMatchedTC</td>
<td><div><pre>java.lang.Throwable: Method com.playexch.sportsbook.SoccerBackMatchedTC.verifyBetPlacedMatched() on instance com.playexch.sportsbook.SoccerBackMatchedTC@909217e depends on not successfully finished methods 
[com.playexch.sportsbook.SoccerBackMatchedTC.verifyMatchesAvailable() on instance com.playexch.sportsbook.SoccerBackMatchedTC@909217e
com.playexch.sportsbook.SoccerBackMatchedTC.backBetPlace() on instance com.playexch.sportsbook.SoccerBackMatchedTC@909217e]
	at java.base/java.util.ArrayList.forEach(ArrayList.java:1511)
... Removed 18 stack frames</pre></div><a href='#' onClick='toggleBox("stack-trace1383942363", this, "Click to show all stack frames", "Click to hide stack frames")'>Click to show all stack frames</a>
<div class='stack-trace' id='stack-trace1383942363'><pre>java.lang.Throwable: Method com.playexch.sportsbook.SoccerBackMatchedTC.verifyBetPlacedMatched() on instance com.playexch.sportsbook.SoccerBackMatchedTC@909217e depends on not successfully finished methods 
[com.playexch.sportsbook.SoccerBackMatchedTC.verifyMatchesAvailable() on instance com.playexch.sportsbook.SoccerBackMatchedTC@909217e
com.playexch.sportsbook.SoccerBackMatchedTC.backBetPlace() on instance com.playexch.sportsbook.SoccerBackMatchedTC@909217e]
	at org.testng.internal.invokers.TestInvoker.invokeTestMethods(TestInvoker.java:149)
	at org.testng.internal.invokers.TestMethodWorker.invokeTestMethods(TestMethodWorker.java:146)
	at org.testng.internal.invokers.TestMethodWorker.run(TestMethodWorker.java:128)
	at java.base/java.util.ArrayList.forEach(ArrayList.java:1511)
	at org.testng.TestRunner.privateRun(TestRunner.java:808)
	at org.testng.TestRunner.run(TestRunner.java:603)
	at org.testng.SuiteRunner.runTest(SuiteRunner.java:429)
	at org.testng.SuiteRunner.runSequentially(SuiteRunner.java:423)
	at org.testng.SuiteRunner.privateRun(SuiteRunner.java:383)
	at org.testng.SuiteRunner.run(SuiteRunner.java:326)
	at org.testng.SuiteRunnerWorker.runSuite(SuiteRunnerWorker.java:52)
	at org.testng.SuiteRunnerWorker.run(SuiteRunnerWorker.java:95)
	at org.testng.TestNG.runSuitesSequentially(TestNG.java:1249)
	at org.testng.TestNG.runSuitesLocally(TestNG.java:1169)
	at org.testng.TestNG.runSuites(TestNG.java:1092)
	at org.testng.TestNG.run(TestNG.java:1060)
	at org.testng.remote.AbstractRemoteTestNG.run(AbstractRemoteTestNG.java:115)
	at org.testng.remote.RemoteTestNG.initAndRun(RemoteTestNG.java:251)
	at org.testng.remote.RemoteTestNG.main(RemoteTestNG.java:77)
</pre></div></td>
<td>0</td>
<td>com.playexch.sportsbook.SoccerBackMatchedTC@909217e</td></tr>
<tr>
<td title='com.playexch.sportsbook.SoccerLayUnmatchedTC.getProfileInfoAfterPlaceBet()'><b>getProfileInfoAfterPlaceBet</b><br>Test class: com.playexch.sportsbook.SoccerLayUnmatchedTC</td>
<td><div><pre>java.lang.Throwable: Method com.playexch.sportsbook.SoccerLayUnmatchedTC.getProfileInfoAfterPlaceBet() on instance com.playexch.sportsbook.SoccerLayUnmatchedTC@18271936 depends on not successfully finished methods 
[com.playexch.sportsbook.SoccerLayUnmatchedTC.verifyMatchesAvailable() on instance com.playexch.sportsbook.SoccerLayUnmatchedTC@18271936
com.playexch.sportsbook.SoccerLayUnmatchedTC.layBetPlace() on instance com.playexch.sportsbook.SoccerLayUnmatchedTC@18271936]
	at java.base/java.util.ArrayList.forEach(ArrayList.java:1511)
... Removed 18 stack frames</pre></div><a href='#' onClick='toggleBox("stack-trace1684428673", this, "Click to show all stack frames", "Click to hide stack frames")'>Click to show all stack frames</a>
<div class='stack-trace' id='stack-trace1684428673'><pre>java.lang.Throwable: Method com.playexch.sportsbook.SoccerLayUnmatchedTC.getProfileInfoAfterPlaceBet() on instance com.playexch.sportsbook.SoccerLayUnmatchedTC@18271936 depends on not successfully finished methods 
[com.playexch.sportsbook.SoccerLayUnmatchedTC.verifyMatchesAvailable() on instance com.playexch.sportsbook.SoccerLayUnmatchedTC@18271936
com.playexch.sportsbook.SoccerLayUnmatchedTC.layBetPlace() on instance com.playexch.sportsbook.SoccerLayUnmatchedTC@18271936]
	at org.testng.internal.invokers.TestInvoker.invokeTestMethods(TestInvoker.java:149)
	at org.testng.internal.invokers.TestMethodWorker.invokeTestMethods(TestMethodWorker.java:146)
	at org.testng.internal.invokers.TestMethodWorker.run(TestMethodWorker.java:128)
	at java.base/java.util.ArrayList.forEach(ArrayList.java:1511)
	at org.testng.TestRunner.privateRun(TestRunner.java:808)
	at org.testng.TestRunner.run(TestRunner.java:603)
	at org.testng.SuiteRunner.runTest(SuiteRunner.java:429)
	at org.testng.SuiteRunner.runSequentially(SuiteRunner.java:423)
	at org.testng.SuiteRunner.privateRun(SuiteRunner.java:383)
	at org.testng.SuiteRunner.run(SuiteRunner.java:326)
	at org.testng.SuiteRunnerWorker.runSuite(SuiteRunnerWorker.java:52)
	at org.testng.SuiteRunnerWorker.run(SuiteRunnerWorker.java:95)
	at org.testng.TestNG.runSuitesSequentially(TestNG.java:1249)
	at org.testng.TestNG.runSuitesLocally(TestNG.java:1169)
	at org.testng.TestNG.runSuites(TestNG.java:1092)
	at org.testng.TestNG.run(TestNG.java:1060)
	at org.testng.remote.AbstractRemoteTestNG.run(AbstractRemoteTestNG.java:115)
	at org.testng.remote.RemoteTestNG.initAndRun(RemoteTestNG.java:251)
	at org.testng.remote.RemoteTestNG.main(RemoteTestNG.java:77)
</pre></div></td>
<td>0</td>
<td>com.playexch.sportsbook.SoccerLayUnmatchedTC@18271936</td></tr>
<tr>
<td title='com.playexch.sportsbook.SoccerLayMatchedTC.VerifyAllBetPlaceInfo()'><b>VerifyAllBetPlaceInfo</b><br>Test class: com.playexch.sportsbook.SoccerLayMatchedTC</td>
<td><div><pre>java.lang.Throwable: Method com.playexch.sportsbook.SoccerLayMatchedTC.VerifyAllBetPlaceInfo() on instance com.playexch.sportsbook.SoccerLayMatchedTC@606e4010 depends on not successfully finished methods 
[com.playexch.sportsbook.SoccerLayMatchedTC.verifyMatchesAvailable() on instance com.playexch.sportsbook.SoccerLayMatchedTC@606e4010
com.playexch.sportsbook.SoccerLayMatchedTC.layBetPlace() on instance com.playexch.sportsbook.SoccerLayMatchedTC@606e4010]
	at java.base/java.util.ArrayList.forEach(ArrayList.java:1511)
... Removed 18 stack frames</pre></div><a href='#' onClick='toggleBox("stack-trace635236790", this, "Click to show all stack frames", "Click to hide stack frames")'>Click to show all stack frames</a>
<div class='stack-trace' id='stack-trace635236790'><pre>java.lang.Throwable: Method com.playexch.sportsbook.SoccerLayMatchedTC.VerifyAllBetPlaceInfo() on instance com.playexch.sportsbook.SoccerLayMatchedTC@606e4010 depends on not successfully finished methods 
[com.playexch.sportsbook.SoccerLayMatchedTC.verifyMatchesAvailable() on instance com.playexch.sportsbook.SoccerLayMatchedTC@606e4010
com.playexch.sportsbook.SoccerLayMatchedTC.layBetPlace() on instance com.playexch.sportsbook.SoccerLayMatchedTC@606e4010]
	at org.testng.internal.invokers.TestInvoker.invokeTestMethods(TestInvoker.java:149)
	at org.testng.internal.invokers.TestMethodWorker.invokeTestMethods(TestMethodWorker.java:146)
	at org.testng.internal.invokers.TestMethodWorker.run(TestMethodWorker.java:128)
	at java.base/java.util.ArrayList.forEach(ArrayList.java:1511)
	at org.testng.TestRunner.privateRun(TestRunner.java:808)
	at org.testng.TestRunner.run(TestRunner.java:603)
	at org.testng.SuiteRunner.runTest(SuiteRunner.java:429)
	at org.testng.SuiteRunner.runSequentially(SuiteRunner.java:423)
	at org.testng.SuiteRunner.privateRun(SuiteRunner.java:383)
	at org.testng.SuiteRunner.run(SuiteRunner.java:326)
	at org.testng.SuiteRunnerWorker.runSuite(SuiteRunnerWorker.java:52)
	at org.testng.SuiteRunnerWorker.run(SuiteRunnerWorker.java:95)
	at org.testng.TestNG.runSuitesSequentially(TestNG.java:1249)
	at org.testng.TestNG.runSuitesLocally(TestNG.java:1169)
	at org.testng.TestNG.runSuites(TestNG.java:1092)
	at org.testng.TestNG.run(TestNG.java:1060)
	at org.testng.remote.AbstractRemoteTestNG.run(AbstractRemoteTestNG.java:115)
	at org.testng.remote.RemoteTestNG.initAndRun(RemoteTestNG.java:251)
	at org.testng.remote.RemoteTestNG.main(RemoteTestNG.java:77)
</pre></div></td>
<td>0</td>
<td>com.playexch.sportsbook.SoccerLayMatchedTC@606e4010</td></tr>
<tr>
<td title='com.playexch.sportsbook.SoccerBackUnmatchedTC.VerifyAllBetPlaceInfo()'><b>VerifyAllBetPlaceInfo</b><br>Test class: com.playexch.sportsbook.SoccerBackUnmatchedTC</td>
<td><div><pre>java.lang.Throwable: Method com.playexch.sportsbook.SoccerBackUnmatchedTC.VerifyAllBetPlaceInfo() on instance com.playexch.sportsbook.SoccerBackUnmatchedTC@8458f04 depends on not successfully finished methods 
[com.playexch.sportsbook.SoccerBackUnmatchedTC.verifyMatchesAvailable() on instance com.playexch.sportsbook.SoccerBackUnmatchedTC@8458f04
com.playexch.sportsbook.SoccerBackUnmatchedTC.backBetPlace() on instance com.playexch.sportsbook.SoccerBackUnmatchedTC@8458f04]
	at java.base/java.util.ArrayList.forEach(ArrayList.java:1511)
... Removed 18 stack frames</pre></div><a href='#' onClick='toggleBox("stack-trace1876700598", this, "Click to show all stack frames", "Click to hide stack frames")'>Click to show all stack frames</a>
<div class='stack-trace' id='stack-trace1876700598'><pre>java.lang.Throwable: Method com.playexch.sportsbook.SoccerBackUnmatchedTC.VerifyAllBetPlaceInfo() on instance com.playexch.sportsbook.SoccerBackUnmatchedTC@8458f04 depends on not successfully finished methods 
[com.playexch.sportsbook.SoccerBackUnmatchedTC.verifyMatchesAvailable() on instance com.playexch.sportsbook.SoccerBackUnmatchedTC@8458f04
com.playexch.sportsbook.SoccerBackUnmatchedTC.backBetPlace() on instance com.playexch.sportsbook.SoccerBackUnmatchedTC@8458f04]
	at org.testng.internal.invokers.TestInvoker.invokeTestMethods(TestInvoker.java:149)
	at org.testng.internal.invokers.TestMethodWorker.invokeTestMethods(TestMethodWorker.java:146)
	at org.testng.internal.invokers.TestMethodWorker.run(TestMethodWorker.java:128)
	at java.base/java.util.ArrayList.forEach(ArrayList.java:1511)
	at org.testng.TestRunner.privateRun(TestRunner.java:808)
	at org.testng.TestRunner.run(TestRunner.java:603)
	at org.testng.SuiteRunner.runTest(SuiteRunner.java:429)
	at org.testng.SuiteRunner.runSequentially(SuiteRunner.java:423)
	at org.testng.SuiteRunner.privateRun(SuiteRunner.java:383)
	at org.testng.SuiteRunner.run(SuiteRunner.java:326)
	at org.testng.SuiteRunnerWorker.runSuite(SuiteRunnerWorker.java:52)
	at org.testng.SuiteRunnerWorker.run(SuiteRunnerWorker.java:95)
	at org.testng.TestNG.runSuitesSequentially(TestNG.java:1249)
	at org.testng.TestNG.runSuitesLocally(TestNG.java:1169)
	at org.testng.TestNG.runSuites(TestNG.java:1092)
	at org.testng.TestNG.run(TestNG.java:1060)
	at org.testng.remote.AbstractRemoteTestNG.run(AbstractRemoteTestNG.java:115)
	at org.testng.remote.RemoteTestNG.initAndRun(RemoteTestNG.java:251)
	at org.testng.remote.RemoteTestNG.main(RemoteTestNG.java:77)
</pre></div></td>
<td>0</td>
<td>com.playexch.sportsbook.SoccerBackUnmatchedTC@8458f04</td></tr>
<tr>
<td title='com.playexch.sportsbook.TennisBackMatchedTC.verifyBetPlacedMatched()'><b>verifyBetPlacedMatched</b><br>Test class: com.playexch.sportsbook.TennisBackMatchedTC</td>
<td><div><pre>java.lang.Throwable: Method com.playexch.sportsbook.TennisBackMatchedTC.verifyBetPlacedMatched() on instance com.playexch.sportsbook.TennisBackMatchedTC@7a35b0f5 depends on not successfully finished methods 
[com.playexch.sportsbook.TennisBackMatchedTC.verifyMatchesAvailable() on instance com.playexch.sportsbook.TennisBackMatchedTC@7a35b0f5
com.playexch.sportsbook.TennisBackMatchedTC.backBetPlace() on instance com.playexch.sportsbook.TennisBackMatchedTC@7a35b0f5]
	at java.base/java.util.ArrayList.forEach(ArrayList.java:1511)
... Removed 18 stack frames</pre></div><a href='#' onClick='toggleBox("stack-trace237988421", this, "Click to show all stack frames", "Click to hide stack frames")'>Click to show all stack frames</a>
<div class='stack-trace' id='stack-trace237988421'><pre>java.lang.Throwable: Method com.playexch.sportsbook.TennisBackMatchedTC.verifyBetPlacedMatched() on instance com.playexch.sportsbook.TennisBackMatchedTC@7a35b0f5 depends on not successfully finished methods 
[com.playexch.sportsbook.TennisBackMatchedTC.verifyMatchesAvailable() on instance com.playexch.sportsbook.TennisBackMatchedTC@7a35b0f5
com.playexch.sportsbook.TennisBackMatchedTC.backBetPlace() on instance com.playexch.sportsbook.TennisBackMatchedTC@7a35b0f5]
	at org.testng.internal.invokers.TestInvoker.invokeTestMethods(TestInvoker.java:149)
	at org.testng.internal.invokers.TestMethodWorker.invokeTestMethods(TestMethodWorker.java:146)
	at org.testng.internal.invokers.TestMethodWorker.run(TestMethodWorker.java:128)
	at java.base/java.util.ArrayList.forEach(ArrayList.java:1511)
	at org.testng.TestRunner.privateRun(TestRunner.java:808)
	at org.testng.TestRunner.run(TestRunner.java:603)
	at org.testng.SuiteRunner.runTest(SuiteRunner.java:429)
	at org.testng.SuiteRunner.runSequentially(SuiteRunner.java:423)
	at org.testng.SuiteRunner.privateRun(SuiteRunner.java:383)
	at org.testng.SuiteRunner.run(SuiteRunner.java:326)
	at org.testng.SuiteRunnerWorker.runSuite(SuiteRunnerWorker.java:52)
	at org.testng.SuiteRunnerWorker.run(SuiteRunnerWorker.java:95)
	at org.testng.TestNG.runSuitesSequentially(TestNG.java:1249)
	at org.testng.TestNG.runSuitesLocally(TestNG.java:1169)
	at org.testng.TestNG.runSuites(TestNG.java:1092)
	at org.testng.TestNG.run(TestNG.java:1060)
	at org.testng.remote.AbstractRemoteTestNG.run(AbstractRemoteTestNG.java:115)
	at org.testng.remote.RemoteTestNG.initAndRun(RemoteTestNG.java:251)
	at org.testng.remote.RemoteTestNG.main(RemoteTestNG.java:77)
</pre></div></td>
<td>0</td>
<td>com.playexch.sportsbook.TennisBackMatchedTC@7a35b0f5</td></tr>
<tr>
<td title='com.playexch.sportsbook.SoccerLayMatchedTC.getProfileInfoAfterPlaceBet()'><b>getProfileInfoAfterPlaceBet</b><br>Test class: com.playexch.sportsbook.SoccerLayMatchedTC</td>
<td><div><pre>java.lang.Throwable: Method com.playexch.sportsbook.SoccerLayMatchedTC.getProfileInfoAfterPlaceBet() on instance com.playexch.sportsbook.SoccerLayMatchedTC@606e4010 depends on not successfully finished methods 
[com.playexch.sportsbook.SoccerLayMatchedTC.verifyMatchesAvailable() on instance com.playexch.sportsbook.SoccerLayMatchedTC@606e4010
com.playexch.sportsbook.SoccerLayMatchedTC.layBetPlace() on instance com.playexch.sportsbook.SoccerLayMatchedTC@606e4010]
	at java.base/java.util.ArrayList.forEach(ArrayList.java:1511)
... Removed 18 stack frames</pre></div><a href='#' onClick='toggleBox("stack-trace1108589630", this, "Click to show all stack frames", "Click to hide stack frames")'>Click to show all stack frames</a>
<div class='stack-trace' id='stack-trace1108589630'><pre>java.lang.Throwable: Method com.playexch.sportsbook.SoccerLayMatchedTC.getProfileInfoAfterPlaceBet() on instance com.playexch.sportsbook.SoccerLayMatchedTC@606e4010 depends on not successfully finished methods 
[com.playexch.sportsbook.SoccerLayMatchedTC.verifyMatchesAvailable() on instance com.playexch.sportsbook.SoccerLayMatchedTC@606e4010
com.playexch.sportsbook.SoccerLayMatchedTC.layBetPlace() on instance com.playexch.sportsbook.SoccerLayMatchedTC@606e4010]
	at org.testng.internal.invokers.TestInvoker.invokeTestMethods(TestInvoker.java:149)
	at org.testng.internal.invokers.TestMethodWorker.invokeTestMethods(TestMethodWorker.java:146)
	at org.testng.internal.invokers.TestMethodWorker.run(TestMethodWorker.java:128)
	at java.base/java.util.ArrayList.forEach(ArrayList.java:1511)
	at org.testng.TestRunner.privateRun(TestRunner.java:808)
	at org.testng.TestRunner.run(TestRunner.java:603)
	at org.testng.SuiteRunner.runTest(SuiteRunner.java:429)
	at org.testng.SuiteRunner.runSequentially(SuiteRunner.java:423)
	at org.testng.SuiteRunner.privateRun(SuiteRunner.java:383)
	at org.testng.SuiteRunner.run(SuiteRunner.java:326)
	at org.testng.SuiteRunnerWorker.runSuite(SuiteRunnerWorker.java:52)
	at org.testng.SuiteRunnerWorker.run(SuiteRunnerWorker.java:95)
	at org.testng.TestNG.runSuitesSequentially(TestNG.java:1249)
	at org.testng.TestNG.runSuitesLocally(TestNG.java:1169)
	at org.testng.TestNG.runSuites(TestNG.java:1092)
	at org.testng.TestNG.run(TestNG.java:1060)
	at org.testng.remote.AbstractRemoteTestNG.run(AbstractRemoteTestNG.java:115)
	at org.testng.remote.RemoteTestNG.initAndRun(RemoteTestNG.java:251)
	at org.testng.remote.RemoteTestNG.main(RemoteTestNG.java:77)
</pre></div></td>
<td>0</td>
<td>com.playexch.sportsbook.SoccerLayMatchedTC@606e4010</td></tr>
<tr>
<td title='com.playexch.sportsbook.SoccerLayMatchedTC.verifyNetExposure()'><b>verifyNetExposure</b><br>Test class: com.playexch.sportsbook.SoccerLayMatchedTC</td>
<td><div><pre>java.lang.Throwable: Method com.playexch.sportsbook.SoccerLayMatchedTC.verifyNetExposure() on instance com.playexch.sportsbook.SoccerLayMatchedTC@606e4010 depends on not successfully finished methods 
[com.playexch.sportsbook.SoccerLayMatchedTC.verifyMatchesAvailable() on instance com.playexch.sportsbook.SoccerLayMatchedTC@606e4010
com.playexch.sportsbook.SoccerLayMatchedTC.layBetPlace() on instance com.playexch.sportsbook.SoccerLayMatchedTC@606e4010]
	at java.base/java.util.ArrayList.forEach(ArrayList.java:1511)
... Removed 18 stack frames</pre></div><a href='#' onClick='toggleBox("stack-trace1309713184", this, "Click to show all stack frames", "Click to hide stack frames")'>Click to show all stack frames</a>
<div class='stack-trace' id='stack-trace1309713184'><pre>java.lang.Throwable: Method com.playexch.sportsbook.SoccerLayMatchedTC.verifyNetExposure() on instance com.playexch.sportsbook.SoccerLayMatchedTC@606e4010 depends on not successfully finished methods 
[com.playexch.sportsbook.SoccerLayMatchedTC.verifyMatchesAvailable() on instance com.playexch.sportsbook.SoccerLayMatchedTC@606e4010
com.playexch.sportsbook.SoccerLayMatchedTC.layBetPlace() on instance com.playexch.sportsbook.SoccerLayMatchedTC@606e4010]
	at org.testng.internal.invokers.TestInvoker.invokeTestMethods(TestInvoker.java:149)
	at org.testng.internal.invokers.TestMethodWorker.invokeTestMethods(TestMethodWorker.java:146)
	at org.testng.internal.invokers.TestMethodWorker.run(TestMethodWorker.java:128)
	at java.base/java.util.ArrayList.forEach(ArrayList.java:1511)
	at org.testng.TestRunner.privateRun(TestRunner.java:808)
	at org.testng.TestRunner.run(TestRunner.java:603)
	at org.testng.SuiteRunner.runTest(SuiteRunner.java:429)
	at org.testng.SuiteRunner.runSequentially(SuiteRunner.java:423)
	at org.testng.SuiteRunner.privateRun(SuiteRunner.java:383)
	at org.testng.SuiteRunner.run(SuiteRunner.java:326)
	at org.testng.SuiteRunnerWorker.runSuite(SuiteRunnerWorker.java:52)
	at org.testng.SuiteRunnerWorker.run(SuiteRunnerWorker.java:95)
	at org.testng.TestNG.runSuitesSequentially(TestNG.java:1249)
	at org.testng.TestNG.runSuitesLocally(TestNG.java:1169)
	at org.testng.TestNG.runSuites(TestNG.java:1092)
	at org.testng.TestNG.run(TestNG.java:1060)
	at org.testng.remote.AbstractRemoteTestNG.run(AbstractRemoteTestNG.java:115)
	at org.testng.remote.RemoteTestNG.initAndRun(RemoteTestNG.java:251)
	at org.testng.remote.RemoteTestNG.main(RemoteTestNG.java:77)
</pre></div></td>
<td>0</td>
<td>com.playexch.sportsbook.SoccerLayMatchedTC@606e4010</td></tr>
<tr>
<td title='com.playexch.sportsbook.SoccerBackUnmatchedTC.verifyNetExposure()'><b>verifyNetExposure</b><br>Test class: com.playexch.sportsbook.SoccerBackUnmatchedTC</td>
<td><div><pre>java.lang.Throwable: Method com.playexch.sportsbook.SoccerBackUnmatchedTC.verifyNetExposure() on instance com.playexch.sportsbook.SoccerBackUnmatchedTC@8458f04 depends on not successfully finished methods 
[com.playexch.sportsbook.SoccerBackUnmatchedTC.verifyMatchesAvailable() on instance com.playexch.sportsbook.SoccerBackUnmatchedTC@8458f04
com.playexch.sportsbook.SoccerBackUnmatchedTC.backBetPlace() on instance com.playexch.sportsbook.SoccerBackUnmatchedTC@8458f04]
	at java.base/java.util.ArrayList.forEach(ArrayList.java:1511)
... Removed 18 stack frames</pre></div><a href='#' onClick='toggleBox("stack-trace1683246820", this, "Click to show all stack frames", "Click to hide stack frames")'>Click to show all stack frames</a>
<div class='stack-trace' id='stack-trace1683246820'><pre>java.lang.Throwable: Method com.playexch.sportsbook.SoccerBackUnmatchedTC.verifyNetExposure() on instance com.playexch.sportsbook.SoccerBackUnmatchedTC@8458f04 depends on not successfully finished methods 
[com.playexch.sportsbook.SoccerBackUnmatchedTC.verifyMatchesAvailable() on instance com.playexch.sportsbook.SoccerBackUnmatchedTC@8458f04
com.playexch.sportsbook.SoccerBackUnmatchedTC.backBetPlace() on instance com.playexch.sportsbook.SoccerBackUnmatchedTC@8458f04]
	at org.testng.internal.invokers.TestInvoker.invokeTestMethods(TestInvoker.java:149)
	at org.testng.internal.invokers.TestMethodWorker.invokeTestMethods(TestMethodWorker.java:146)
	at org.testng.internal.invokers.TestMethodWorker.run(TestMethodWorker.java:128)
	at java.base/java.util.ArrayList.forEach(ArrayList.java:1511)
	at org.testng.TestRunner.privateRun(TestRunner.java:808)
	at org.testng.TestRunner.run(TestRunner.java:603)
	at org.testng.SuiteRunner.runTest(SuiteRunner.java:429)
	at org.testng.SuiteRunner.runSequentially(SuiteRunner.java:423)
	at org.testng.SuiteRunner.privateRun(SuiteRunner.java:383)
	at org.testng.SuiteRunner.run(SuiteRunner.java:326)
	at org.testng.SuiteRunnerWorker.runSuite(SuiteRunnerWorker.java:52)
	at org.testng.SuiteRunnerWorker.run(SuiteRunnerWorker.java:95)
	at org.testng.TestNG.runSuitesSequentially(TestNG.java:1249)
	at org.testng.TestNG.runSuitesLocally(TestNG.java:1169)
	at org.testng.TestNG.runSuites(TestNG.java:1092)
	at org.testng.TestNG.run(TestNG.java:1060)
	at org.testng.remote.AbstractRemoteTestNG.run(AbstractRemoteTestNG.java:115)
	at org.testng.remote.RemoteTestNG.initAndRun(RemoteTestNG.java:251)
	at org.testng.remote.RemoteTestNG.main(RemoteTestNG.java:77)
</pre></div></td>
<td>0</td>
<td>com.playexch.sportsbook.SoccerBackUnmatchedTC@8458f04</td></tr>
<tr>
<td title='com.playexch.sportsbook.TennisBackMatchedTC.verifyNetExposure()'><b>verifyNetExposure</b><br>Test class: com.playexch.sportsbook.TennisBackMatchedTC</td>
<td><div><pre>java.lang.Throwable: Method com.playexch.sportsbook.TennisBackMatchedTC.verifyNetExposure() on instance com.playexch.sportsbook.TennisBackMatchedTC@7a35b0f5 depends on not successfully finished methods 
[com.playexch.sportsbook.TennisBackMatchedTC.verifyMatchesAvailable() on instance com.playexch.sportsbook.TennisBackMatchedTC@7a35b0f5
com.playexch.sportsbook.TennisBackMatchedTC.backBetPlace() on instance com.playexch.sportsbook.TennisBackMatchedTC@7a35b0f5]
	at java.base/java.util.ArrayList.forEach(ArrayList.java:1511)
... Removed 18 stack frames</pre></div><a href='#' onClick='toggleBox("stack-trace1790657739", this, "Click to show all stack frames", "Click to hide stack frames")'>Click to show all stack frames</a>
<div class='stack-trace' id='stack-trace1790657739'><pre>java.lang.Throwable: Method com.playexch.sportsbook.TennisBackMatchedTC.verifyNetExposure() on instance com.playexch.sportsbook.TennisBackMatchedTC@7a35b0f5 depends on not successfully finished methods 
[com.playexch.sportsbook.TennisBackMatchedTC.verifyMatchesAvailable() on instance com.playexch.sportsbook.TennisBackMatchedTC@7a35b0f5
com.playexch.sportsbook.TennisBackMatchedTC.backBetPlace() on instance com.playexch.sportsbook.TennisBackMatchedTC@7a35b0f5]
	at org.testng.internal.invokers.TestInvoker.invokeTestMethods(TestInvoker.java:149)
	at org.testng.internal.invokers.TestMethodWorker.invokeTestMethods(TestMethodWorker.java:146)
	at org.testng.internal.invokers.TestMethodWorker.run(TestMethodWorker.java:128)
	at java.base/java.util.ArrayList.forEach(ArrayList.java:1511)
	at org.testng.TestRunner.privateRun(TestRunner.java:808)
	at org.testng.TestRunner.run(TestRunner.java:603)
	at org.testng.SuiteRunner.runTest(SuiteRunner.java:429)
	at org.testng.SuiteRunner.runSequentially(SuiteRunner.java:423)
	at org.testng.SuiteRunner.privateRun(SuiteRunner.java:383)
	at org.testng.SuiteRunner.run(SuiteRunner.java:326)
	at org.testng.SuiteRunnerWorker.runSuite(SuiteRunnerWorker.java:52)
	at org.testng.SuiteRunnerWorker.run(SuiteRunnerWorker.java:95)
	at org.testng.TestNG.runSuitesSequentially(TestNG.java:1249)
	at org.testng.TestNG.runSuitesLocally(TestNG.java:1169)
	at org.testng.TestNG.runSuites(TestNG.java:1092)
	at org.testng.TestNG.run(TestNG.java:1060)
	at org.testng.remote.AbstractRemoteTestNG.run(AbstractRemoteTestNG.java:115)
	at org.testng.remote.RemoteTestNG.initAndRun(RemoteTestNG.java:251)
	at org.testng.remote.RemoteTestNG.main(RemoteTestNG.java:77)
</pre></div></td>
<td>0</td>
<td>com.playexch.sportsbook.TennisBackMatchedTC@7a35b0f5</td></tr>
<tr>
<td title='com.playexch.sportsbook.SoccerLayMatchedTC.verifyBetPlacedMatched()'><b>verifyBetPlacedMatched</b><br>Test class: com.playexch.sportsbook.SoccerLayMatchedTC</td>
<td><div><pre>java.lang.Throwable: Method com.playexch.sportsbook.SoccerLayMatchedTC.verifyBetPlacedMatched() on instance com.playexch.sportsbook.SoccerLayMatchedTC@606e4010 depends on not successfully finished methods 
[com.playexch.sportsbook.SoccerLayMatchedTC.verifyMatchesAvailable() on instance com.playexch.sportsbook.SoccerLayMatchedTC@606e4010
com.playexch.sportsbook.SoccerLayMatchedTC.layBetPlace() on instance com.playexch.sportsbook.SoccerLayMatchedTC@606e4010]
	at java.base/java.util.ArrayList.forEach(ArrayList.java:1511)
... Removed 18 stack frames</pre></div><a href='#' onClick='toggleBox("stack-trace900682460", this, "Click to show all stack frames", "Click to hide stack frames")'>Click to show all stack frames</a>
<div class='stack-trace' id='stack-trace900682460'><pre>java.lang.Throwable: Method com.playexch.sportsbook.SoccerLayMatchedTC.verifyBetPlacedMatched() on instance com.playexch.sportsbook.SoccerLayMatchedTC@606e4010 depends on not successfully finished methods 
[com.playexch.sportsbook.SoccerLayMatchedTC.verifyMatchesAvailable() on instance com.playexch.sportsbook.SoccerLayMatchedTC@606e4010
com.playexch.sportsbook.SoccerLayMatchedTC.layBetPlace() on instance com.playexch.sportsbook.SoccerLayMatchedTC@606e4010]
	at org.testng.internal.invokers.TestInvoker.invokeTestMethods(TestInvoker.java:149)
	at org.testng.internal.invokers.TestMethodWorker.invokeTestMethods(TestMethodWorker.java:146)
	at org.testng.internal.invokers.TestMethodWorker.run(TestMethodWorker.java:128)
	at java.base/java.util.ArrayList.forEach(ArrayList.java:1511)
	at org.testng.TestRunner.privateRun(TestRunner.java:808)
	at org.testng.TestRunner.run(TestRunner.java:603)
	at org.testng.SuiteRunner.runTest(SuiteRunner.java:429)
	at org.testng.SuiteRunner.runSequentially(SuiteRunner.java:423)
	at org.testng.SuiteRunner.privateRun(SuiteRunner.java:383)
	at org.testng.SuiteRunner.run(SuiteRunner.java:326)
	at org.testng.SuiteRunnerWorker.runSuite(SuiteRunnerWorker.java:52)
	at org.testng.SuiteRunnerWorker.run(SuiteRunnerWorker.java:95)
	at org.testng.TestNG.runSuitesSequentially(TestNG.java:1249)
	at org.testng.TestNG.runSuitesLocally(TestNG.java:1169)
	at org.testng.TestNG.runSuites(TestNG.java:1092)
	at org.testng.TestNG.run(TestNG.java:1060)
	at org.testng.remote.AbstractRemoteTestNG.run(AbstractRemoteTestNG.java:115)
	at org.testng.remote.RemoteTestNG.initAndRun(RemoteTestNG.java:251)
	at org.testng.remote.RemoteTestNG.main(RemoteTestNG.java:77)
</pre></div></td>
<td>0</td>
<td>com.playexch.sportsbook.SoccerLayMatchedTC@606e4010</td></tr>
<tr>
<td title='com.playexch.sportsbook.TennisBackUnmatchedTC.VerifyAllBetPlaceInfo()'><b>VerifyAllBetPlaceInfo</b><br>Test class: com.playexch.sportsbook.TennisBackUnmatchedTC</td>
<td><div><pre>java.lang.Throwable: Method com.playexch.sportsbook.TennisBackUnmatchedTC.VerifyAllBetPlaceInfo() on instance com.playexch.sportsbook.TennisBackUnmatchedTC@68c9133c depends on not successfully finished methods 
[com.playexch.sportsbook.TennisBackUnmatchedTC.verifyMatchesAvailable() on instance com.playexch.sportsbook.TennisBackUnmatchedTC@68c9133c
com.playexch.sportsbook.TennisBackUnmatchedTC.backBetPlace() on instance com.playexch.sportsbook.TennisBackUnmatchedTC@68c9133c]
	at java.base/java.util.ArrayList.forEach(ArrayList.java:1511)
... Removed 18 stack frames</pre></div><a href='#' onClick='toggleBox("stack-trace1716645796", this, "Click to show all stack frames", "Click to hide stack frames")'>Click to show all stack frames</a>
<div class='stack-trace' id='stack-trace1716645796'><pre>java.lang.Throwable: Method com.playexch.sportsbook.TennisBackUnmatchedTC.VerifyAllBetPlaceInfo() on instance com.playexch.sportsbook.TennisBackUnmatchedTC@68c9133c depends on not successfully finished methods 
[com.playexch.sportsbook.TennisBackUnmatchedTC.verifyMatchesAvailable() on instance com.playexch.sportsbook.TennisBackUnmatchedTC@68c9133c
com.playexch.sportsbook.TennisBackUnmatchedTC.backBetPlace() on instance com.playexch.sportsbook.TennisBackUnmatchedTC@68c9133c]
	at org.testng.internal.invokers.TestInvoker.invokeTestMethods(TestInvoker.java:149)
	at org.testng.internal.invokers.TestMethodWorker.invokeTestMethods(TestMethodWorker.java:146)
	at org.testng.internal.invokers.TestMethodWorker.run(TestMethodWorker.java:128)
	at java.base/java.util.ArrayList.forEach(ArrayList.java:1511)
	at org.testng.TestRunner.privateRun(TestRunner.java:808)
	at org.testng.TestRunner.run(TestRunner.java:603)
	at org.testng.SuiteRunner.runTest(SuiteRunner.java:429)
	at org.testng.SuiteRunner.runSequentially(SuiteRunner.java:423)
	at org.testng.SuiteRunner.privateRun(SuiteRunner.java:383)
	at org.testng.SuiteRunner.run(SuiteRunner.java:326)
	at org.testng.SuiteRunnerWorker.runSuite(SuiteRunnerWorker.java:52)
	at org.testng.SuiteRunnerWorker.run(SuiteRunnerWorker.java:95)
	at org.testng.TestNG.runSuitesSequentially(TestNG.java:1249)
	at org.testng.TestNG.runSuitesLocally(TestNG.java:1169)
	at org.testng.TestNG.runSuites(TestNG.java:1092)
	at org.testng.TestNG.run(TestNG.java:1060)
	at org.testng.remote.AbstractRemoteTestNG.run(AbstractRemoteTestNG.java:115)
	at org.testng.remote.RemoteTestNG.initAndRun(RemoteTestNG.java:251)
	at org.testng.remote.RemoteTestNG.main(RemoteTestNG.java:77)
</pre></div></td>
<td>0</td>
<td>com.playexch.sportsbook.TennisBackUnmatchedTC@68c9133c</td></tr>
<tr>
<td title='com.playexch.sportsbook.TennisBackMatchedTC.VerifyAllBetPlaceInfo()'><b>VerifyAllBetPlaceInfo</b><br>Test class: com.playexch.sportsbook.TennisBackMatchedTC</td>
<td><div><pre>java.lang.Throwable: Method com.playexch.sportsbook.TennisBackMatchedTC.VerifyAllBetPlaceInfo() on instance com.playexch.sportsbook.TennisBackMatchedTC@7a35b0f5 depends on not successfully finished methods 
[com.playexch.sportsbook.TennisBackMatchedTC.verifyMatchesAvailable() on instance com.playexch.sportsbook.TennisBackMatchedTC@7a35b0f5
com.playexch.sportsbook.TennisBackMatchedTC.backBetPlace() on instance com.playexch.sportsbook.TennisBackMatchedTC@7a35b0f5]
	at java.base/java.util.ArrayList.forEach(ArrayList.java:1511)
... Removed 18 stack frames</pre></div><a href='#' onClick='toggleBox("stack-trace910505843", this, "Click to show all stack frames", "Click to hide stack frames")'>Click to show all stack frames</a>
<div class='stack-trace' id='stack-trace910505843'><pre>java.lang.Throwable: Method com.playexch.sportsbook.TennisBackMatchedTC.VerifyAllBetPlaceInfo() on instance com.playexch.sportsbook.TennisBackMatchedTC@7a35b0f5 depends on not successfully finished methods 
[com.playexch.sportsbook.TennisBackMatchedTC.verifyMatchesAvailable() on instance com.playexch.sportsbook.TennisBackMatchedTC@7a35b0f5
com.playexch.sportsbook.TennisBackMatchedTC.backBetPlace() on instance com.playexch.sportsbook.TennisBackMatchedTC@7a35b0f5]
	at org.testng.internal.invokers.TestInvoker.invokeTestMethods(TestInvoker.java:149)
	at org.testng.internal.invokers.TestMethodWorker.invokeTestMethods(TestMethodWorker.java:146)
	at org.testng.internal.invokers.TestMethodWorker.run(TestMethodWorker.java:128)
	at java.base/java.util.ArrayList.forEach(ArrayList.java:1511)
	at org.testng.TestRunner.privateRun(TestRunner.java:808)
	at org.testng.TestRunner.run(TestRunner.java:603)
	at org.testng.SuiteRunner.runTest(SuiteRunner.java:429)
	at org.testng.SuiteRunner.runSequentially(SuiteRunner.java:423)
	at org.testng.SuiteRunner.privateRun(SuiteRunner.java:383)
	at org.testng.SuiteRunner.run(SuiteRunner.java:326)
	at org.testng.SuiteRunnerWorker.runSuite(SuiteRunnerWorker.java:52)
	at org.testng.SuiteRunnerWorker.run(SuiteRunnerWorker.java:95)
	at org.testng.TestNG.runSuitesSequentially(TestNG.java:1249)
	at org.testng.TestNG.runSuitesLocally(TestNG.java:1169)
	at org.testng.TestNG.runSuites(TestNG.java:1092)
	at org.testng.TestNG.run(TestNG.java:1060)
	at org.testng.remote.AbstractRemoteTestNG.run(AbstractRemoteTestNG.java:115)
	at org.testng.remote.RemoteTestNG.initAndRun(RemoteTestNG.java:251)
	at org.testng.remote.RemoteTestNG.main(RemoteTestNG.java:77)
</pre></div></td>
<td>0</td>
<td>com.playexch.sportsbook.TennisBackMatchedTC@7a35b0f5</td></tr>
<tr>
<td title='com.playexch.sportsbook.TennisLayMatchedTC.verifyBetPlacedUnmatched()'><b>verifyBetPlacedUnmatched</b><br>Test class: com.playexch.sportsbook.TennisLayMatchedTC</td>
<td><div><pre>java.lang.Throwable: Method com.playexch.sportsbook.TennisLayMatchedTC.verifyBetPlacedUnmatched() on instance com.playexch.sportsbook.TennisLayMatchedTC@5e2c3d18 depends on not successfully finished methods 
[com.playexch.sportsbook.TennisLayMatchedTC.verifyMatchesAvailable() on instance com.playexch.sportsbook.TennisLayMatchedTC@5e2c3d18
com.playexch.sportsbook.TennisLayMatchedTC.layBetPlace() on instance com.playexch.sportsbook.TennisLayMatchedTC@5e2c3d18]
	at java.base/java.util.ArrayList.forEach(ArrayList.java:1511)
... Removed 18 stack frames</pre></div><a href='#' onClick='toggleBox("stack-trace64931689", this, "Click to show all stack frames", "Click to hide stack frames")'>Click to show all stack frames</a>
<div class='stack-trace' id='stack-trace64931689'><pre>java.lang.Throwable: Method com.playexch.sportsbook.TennisLayMatchedTC.verifyBetPlacedUnmatched() on instance com.playexch.sportsbook.TennisLayMatchedTC@5e2c3d18 depends on not successfully finished methods 
[com.playexch.sportsbook.TennisLayMatchedTC.verifyMatchesAvailable() on instance com.playexch.sportsbook.TennisLayMatchedTC@5e2c3d18
com.playexch.sportsbook.TennisLayMatchedTC.layBetPlace() on instance com.playexch.sportsbook.TennisLayMatchedTC@5e2c3d18]
	at org.testng.internal.invokers.TestInvoker.invokeTestMethods(TestInvoker.java:149)
	at org.testng.internal.invokers.TestMethodWorker.invokeTestMethods(TestMethodWorker.java:146)
	at org.testng.internal.invokers.TestMethodWorker.run(TestMethodWorker.java:128)
	at java.base/java.util.ArrayList.forEach(ArrayList.java:1511)
	at org.testng.TestRunner.privateRun(TestRunner.java:808)
	at org.testng.TestRunner.run(TestRunner.java:603)
	at org.testng.SuiteRunner.runTest(SuiteRunner.java:429)
	at org.testng.SuiteRunner.runSequentially(SuiteRunner.java:423)
	at org.testng.SuiteRunner.privateRun(SuiteRunner.java:383)
	at org.testng.SuiteRunner.run(SuiteRunner.java:326)
	at org.testng.SuiteRunnerWorker.runSuite(SuiteRunnerWorker.java:52)
	at org.testng.SuiteRunnerWorker.run(SuiteRunnerWorker.java:95)
	at org.testng.TestNG.runSuitesSequentially(TestNG.java:1249)
	at org.testng.TestNG.runSuitesLocally(TestNG.java:1169)
	at org.testng.TestNG.runSuites(TestNG.java:1092)
	at org.testng.TestNG.run(TestNG.java:1060)
	at org.testng.remote.AbstractRemoteTestNG.run(AbstractRemoteTestNG.java:115)
	at org.testng.remote.RemoteTestNG.initAndRun(RemoteTestNG.java:251)
	at org.testng.remote.RemoteTestNG.main(RemoteTestNG.java:77)
</pre></div></td>
<td>0</td>
<td>com.playexch.sportsbook.TennisLayMatchedTC@5e2c3d18</td></tr>
<tr>
<td title='com.playexch.sportsbook.TennisLayMatchedTC.verifyBetPlacedMatched()'><b>verifyBetPlacedMatched</b><br>Test class: com.playexch.sportsbook.TennisLayMatchedTC</td>
<td><div><pre>java.lang.Throwable: Method com.playexch.sportsbook.TennisLayMatchedTC.verifyBetPlacedMatched() on instance com.playexch.sportsbook.TennisLayMatchedTC@5e2c3d18 depends on not successfully finished methods 
[com.playexch.sportsbook.TennisLayMatchedTC.verifyMatchesAvailable() on instance com.playexch.sportsbook.TennisLayMatchedTC@5e2c3d18
com.playexch.sportsbook.TennisLayMatchedTC.layBetPlace() on instance com.playexch.sportsbook.TennisLayMatchedTC@5e2c3d18]
	at java.base/java.util.ArrayList.forEach(ArrayList.java:1511)
... Removed 18 stack frames</pre></div><a href='#' onClick='toggleBox("stack-trace785604388", this, "Click to show all stack frames", "Click to hide stack frames")'>Click to show all stack frames</a>
<div class='stack-trace' id='stack-trace785604388'><pre>java.lang.Throwable: Method com.playexch.sportsbook.TennisLayMatchedTC.verifyBetPlacedMatched() on instance com.playexch.sportsbook.TennisLayMatchedTC@5e2c3d18 depends on not successfully finished methods 
[com.playexch.sportsbook.TennisLayMatchedTC.verifyMatchesAvailable() on instance com.playexch.sportsbook.TennisLayMatchedTC@5e2c3d18
com.playexch.sportsbook.TennisLayMatchedTC.layBetPlace() on instance com.playexch.sportsbook.TennisLayMatchedTC@5e2c3d18]
	at org.testng.internal.invokers.TestInvoker.invokeTestMethods(TestInvoker.java:149)
	at org.testng.internal.invokers.TestMethodWorker.invokeTestMethods(TestMethodWorker.java:146)
	at org.testng.internal.invokers.TestMethodWorker.run(TestMethodWorker.java:128)
	at java.base/java.util.ArrayList.forEach(ArrayList.java:1511)
	at org.testng.TestRunner.privateRun(TestRunner.java:808)
	at org.testng.TestRunner.run(TestRunner.java:603)
	at org.testng.SuiteRunner.runTest(SuiteRunner.java:429)
	at org.testng.SuiteRunner.runSequentially(SuiteRunner.java:423)
	at org.testng.SuiteRunner.privateRun(SuiteRunner.java:383)
	at org.testng.SuiteRunner.run(SuiteRunner.java:326)
	at org.testng.SuiteRunnerWorker.runSuite(SuiteRunnerWorker.java:52)
	at org.testng.SuiteRunnerWorker.run(SuiteRunnerWorker.java:95)
	at org.testng.TestNG.runSuitesSequentially(TestNG.java:1249)
	at org.testng.TestNG.runSuitesLocally(TestNG.java:1169)
	at org.testng.TestNG.runSuites(TestNG.java:1092)
	at org.testng.TestNG.run(TestNG.java:1060)
	at org.testng.remote.AbstractRemoteTestNG.run(AbstractRemoteTestNG.java:115)
	at org.testng.remote.RemoteTestNG.initAndRun(RemoteTestNG.java:251)
	at org.testng.remote.RemoteTestNG.main(RemoteTestNG.java:77)
</pre></div></td>
<td>0</td>
<td>com.playexch.sportsbook.TennisLayMatchedTC@5e2c3d18</td></tr>
<tr>
<td title='com.playexch.sportsbook.SoccerBackUnmatchedTC.verifyBetPlacedUnmatched()'><b>verifyBetPlacedUnmatched</b><br>Test class: com.playexch.sportsbook.SoccerBackUnmatchedTC</td>
<td><div><pre>java.lang.Throwable: Method com.playexch.sportsbook.SoccerBackUnmatchedTC.verifyBetPlacedUnmatched() on instance com.playexch.sportsbook.SoccerBackUnmatchedTC@8458f04 depends on not successfully finished methods 
[com.playexch.sportsbook.SoccerBackUnmatchedTC.verifyMatchesAvailable() on instance com.playexch.sportsbook.SoccerBackUnmatchedTC@8458f04
com.playexch.sportsbook.SoccerBackUnmatchedTC.backBetPlace() on instance com.playexch.sportsbook.SoccerBackUnmatchedTC@8458f04]
	at java.base/java.util.ArrayList.forEach(ArrayList.java:1511)
... Removed 18 stack frames</pre></div><a href='#' onClick='toggleBox("stack-trace1219102739", this, "Click to show all stack frames", "Click to hide stack frames")'>Click to show all stack frames</a>
<div class='stack-trace' id='stack-trace1219102739'><pre>java.lang.Throwable: Method com.playexch.sportsbook.SoccerBackUnmatchedTC.verifyBetPlacedUnmatched() on instance com.playexch.sportsbook.SoccerBackUnmatchedTC@8458f04 depends on not successfully finished methods 
[com.playexch.sportsbook.SoccerBackUnmatchedTC.verifyMatchesAvailable() on instance com.playexch.sportsbook.SoccerBackUnmatchedTC@8458f04
com.playexch.sportsbook.SoccerBackUnmatchedTC.backBetPlace() on instance com.playexch.sportsbook.SoccerBackUnmatchedTC@8458f04]
	at org.testng.internal.invokers.TestInvoker.invokeTestMethods(TestInvoker.java:149)
	at org.testng.internal.invokers.TestMethodWorker.invokeTestMethods(TestMethodWorker.java:146)
	at org.testng.internal.invokers.TestMethodWorker.run(TestMethodWorker.java:128)
	at java.base/java.util.ArrayList.forEach(ArrayList.java:1511)
	at org.testng.TestRunner.privateRun(TestRunner.java:808)
	at org.testng.TestRunner.run(TestRunner.java:603)
	at org.testng.SuiteRunner.runTest(SuiteRunner.java:429)
	at org.testng.SuiteRunner.runSequentially(SuiteRunner.java:423)
	at org.testng.SuiteRunner.privateRun(SuiteRunner.java:383)
	at org.testng.SuiteRunner.run(SuiteRunner.java:326)
	at org.testng.SuiteRunnerWorker.runSuite(SuiteRunnerWorker.java:52)
	at org.testng.SuiteRunnerWorker.run(SuiteRunnerWorker.java:95)
	at org.testng.TestNG.runSuitesSequentially(TestNG.java:1249)
	at org.testng.TestNG.runSuitesLocally(TestNG.java:1169)
	at org.testng.TestNG.runSuites(TestNG.java:1092)
	at org.testng.TestNG.run(TestNG.java:1060)
	at org.testng.remote.AbstractRemoteTestNG.run(AbstractRemoteTestNG.java:115)
	at org.testng.remote.RemoteTestNG.initAndRun(RemoteTestNG.java:251)
	at org.testng.remote.RemoteTestNG.main(RemoteTestNG.java:77)
</pre></div></td>
<td>0</td>
<td>com.playexch.sportsbook.SoccerBackUnmatchedTC@8458f04</td></tr>
<tr>
<td title='com.playexch.sportsbook.TennisLayUnmatchedTC.VerifyAllBetPlaceInfo()'><b>VerifyAllBetPlaceInfo</b><br>Test class: com.playexch.sportsbook.TennisLayUnmatchedTC</td>
<td><div><pre>java.lang.Throwable: Method com.playexch.sportsbook.TennisLayUnmatchedTC.VerifyAllBetPlaceInfo() on instance com.playexch.sportsbook.TennisLayUnmatchedTC@48075da3 depends on not successfully finished methods 
[com.playexch.sportsbook.TennisLayUnmatchedTC.verifyMatchesAvailable() on instance com.playexch.sportsbook.TennisLayUnmatchedTC@48075da3
com.playexch.sportsbook.TennisLayUnmatchedTC.layBetPlace() on instance com.playexch.sportsbook.TennisLayUnmatchedTC@48075da3]
	at java.base/java.util.ArrayList.forEach(ArrayList.java:1511)
... Removed 18 stack frames</pre></div><a href='#' onClick='toggleBox("stack-trace1240796303", this, "Click to show all stack frames", "Click to hide stack frames")'>Click to show all stack frames</a>
<div class='stack-trace' id='stack-trace1240796303'><pre>java.lang.Throwable: Method com.playexch.sportsbook.TennisLayUnmatchedTC.VerifyAllBetPlaceInfo() on instance com.playexch.sportsbook.TennisLayUnmatchedTC@48075da3 depends on not successfully finished methods 
[com.playexch.sportsbook.TennisLayUnmatchedTC.verifyMatchesAvailable() on instance com.playexch.sportsbook.TennisLayUnmatchedTC@48075da3
com.playexch.sportsbook.TennisLayUnmatchedTC.layBetPlace() on instance com.playexch.sportsbook.TennisLayUnmatchedTC@48075da3]
	at org.testng.internal.invokers.TestInvoker.invokeTestMethods(TestInvoker.java:149)
	at org.testng.internal.invokers.TestMethodWorker.invokeTestMethods(TestMethodWorker.java:146)
	at org.testng.internal.invokers.TestMethodWorker.run(TestMethodWorker.java:128)
	at java.base/java.util.ArrayList.forEach(ArrayList.java:1511)
	at org.testng.TestRunner.privateRun(TestRunner.java:808)
	at org.testng.TestRunner.run(TestRunner.java:603)
	at org.testng.SuiteRunner.runTest(SuiteRunner.java:429)
	at org.testng.SuiteRunner.runSequentially(SuiteRunner.java:423)
	at org.testng.SuiteRunner.privateRun(SuiteRunner.java:383)
	at org.testng.SuiteRunner.run(SuiteRunner.java:326)
	at org.testng.SuiteRunnerWorker.runSuite(SuiteRunnerWorker.java:52)
	at org.testng.SuiteRunnerWorker.run(SuiteRunnerWorker.java:95)
	at org.testng.TestNG.runSuitesSequentially(TestNG.java:1249)
	at org.testng.TestNG.runSuitesLocally(TestNG.java:1169)
	at org.testng.TestNG.runSuites(TestNG.java:1092)
	at org.testng.TestNG.run(TestNG.java:1060)
	at org.testng.remote.AbstractRemoteTestNG.run(AbstractRemoteTestNG.java:115)
	at org.testng.remote.RemoteTestNG.initAndRun(RemoteTestNG.java:251)
	at org.testng.remote.RemoteTestNG.main(RemoteTestNG.java:77)
</pre></div></td>
<td>0</td>
<td>com.playexch.sportsbook.TennisLayUnmatchedTC@48075da3</td></tr>
<tr>
<td title='com.playexch.sportsbook.SoccerBackMatchedTC.VerifyAllBetPlaceInfo()'><b>VerifyAllBetPlaceInfo</b><br>Test class: com.playexch.sportsbook.SoccerBackMatchedTC</td>
<td><div><pre>java.lang.Throwable: Method com.playexch.sportsbook.SoccerBackMatchedTC.VerifyAllBetPlaceInfo() on instance com.playexch.sportsbook.SoccerBackMatchedTC@909217e depends on not successfully finished methods 
[com.playexch.sportsbook.SoccerBackMatchedTC.verifyMatchesAvailable() on instance com.playexch.sportsbook.SoccerBackMatchedTC@909217e
com.playexch.sportsbook.SoccerBackMatchedTC.backBetPlace() on instance com.playexch.sportsbook.SoccerBackMatchedTC@909217e]
	at java.base/java.util.ArrayList.forEach(ArrayList.java:1511)
... Removed 18 stack frames</pre></div><a href='#' onClick='toggleBox("stack-trace788761916", this, "Click to show all stack frames", "Click to hide stack frames")'>Click to show all stack frames</a>
<div class='stack-trace' id='stack-trace788761916'><pre>java.lang.Throwable: Method com.playexch.sportsbook.SoccerBackMatchedTC.VerifyAllBetPlaceInfo() on instance com.playexch.sportsbook.SoccerBackMatchedTC@909217e depends on not successfully finished methods 
[com.playexch.sportsbook.SoccerBackMatchedTC.verifyMatchesAvailable() on instance com.playexch.sportsbook.SoccerBackMatchedTC@909217e
com.playexch.sportsbook.SoccerBackMatchedTC.backBetPlace() on instance com.playexch.sportsbook.SoccerBackMatchedTC@909217e]
	at org.testng.internal.invokers.TestInvoker.invokeTestMethods(TestInvoker.java:149)
	at org.testng.internal.invokers.TestMethodWorker.invokeTestMethods(TestMethodWorker.java:146)
	at org.testng.internal.invokers.TestMethodWorker.run(TestMethodWorker.java:128)
	at java.base/java.util.ArrayList.forEach(ArrayList.java:1511)
	at org.testng.TestRunner.privateRun(TestRunner.java:808)
	at org.testng.TestRunner.run(TestRunner.java:603)
	at org.testng.SuiteRunner.runTest(SuiteRunner.java:429)
	at org.testng.SuiteRunner.runSequentially(SuiteRunner.java:423)
	at org.testng.SuiteRunner.privateRun(SuiteRunner.java:383)
	at org.testng.SuiteRunner.run(SuiteRunner.java:326)
	at org.testng.SuiteRunnerWorker.runSuite(SuiteRunnerWorker.java:52)
	at org.testng.SuiteRunnerWorker.run(SuiteRunnerWorker.java:95)
	at org.testng.TestNG.runSuitesSequentially(TestNG.java:1249)
	at org.testng.TestNG.runSuitesLocally(TestNG.java:1169)
	at org.testng.TestNG.runSuites(TestNG.java:1092)
	at org.testng.TestNG.run(TestNG.java:1060)
	at org.testng.remote.AbstractRemoteTestNG.run(AbstractRemoteTestNG.java:115)
	at org.testng.remote.RemoteTestNG.initAndRun(RemoteTestNG.java:251)
	at org.testng.remote.RemoteTestNG.main(RemoteTestNG.java:77)
</pre></div></td>
<td>0</td>
<td>com.playexch.sportsbook.SoccerBackMatchedTC@909217e</td></tr>
</table><p>
</body>
</html>