<?xml version="1.0" encoding="UTF-8"?>
<!-- Generated by org.testng.reporters.JUnitXMLReporter -->
<testsuite ignored="84" hostname="Admins-MacBook-Air.local" failures="11" tests="101" name="Test" time="1053.614" errors="0" timestamp="2023-05-05T11:03:31 IST">
  <testcase classname="com.playexch.testclass.LoginTestCases" name="validUsername_InavalidPassword" time="28.542">
    <failure type="java.lang.AssertionError" message="expected:&amp;lt;Invalid Credentials. Please contact upline&amp;gt; but was:&amp;lt;Logged in successfully&amp;gt;">
      <![CDATA[java.lang.AssertionError: expected:<Invalid Credentials. Please contact upline> but was:<Logged in successfully>
at com.playexch.testclass.LoginTestCases.verifyLogin(LoginTestCases.java:102)
at com.playexch.testclass.LoginTestCases.validUsername_InavalidPassword(LoginTestCases.java:32)
at java.base/java.util.ArrayList.forEach(ArrayList.java:1511)
... Removed 29 stack frames]]>
    </failure>
  </testcase> <!-- validUsername_InavalidPassword -->
  <testcase classname="com.playexch.testclass.LoginTestCases" name="invalidUsername_InavalidPassword" time="24.502">
    <failure type="java.lang.AssertionError" message="expected:&amp;lt;Invalid credentials&amp;gt; but was:&amp;lt;Logged in successfully&amp;gt;">
      <![CDATA[java.lang.AssertionError: expected:<Invalid credentials> but was:<Logged in successfully>
at com.playexch.testclass.LoginTestCases.verifyLogin(LoginTestCases.java:102)
at com.playexch.testclass.LoginTestCases.invalidUsername_InavalidPassword(LoginTestCases.java:43)
at java.base/java.util.ArrayList.forEach(ArrayList.java:1511)
... Removed 29 stack frames]]>
    </failure>
  </testcase> <!-- invalidUsername_InavalidPassword -->
  <testcase classname="com.playexch.testclass.LoginTestCases" name="invalidUsername_ValidPassword" time="23.534">
    <failure type="java.lang.AssertionError" message="expected:&amp;lt;Invalid credentials&amp;gt; but was:&amp;lt;Logged in successfully&amp;gt;">
      <![CDATA[java.lang.AssertionError: expected:<Invalid credentials> but was:<Logged in successfully>
at com.playexch.testclass.LoginTestCases.verifyLogin(LoginTestCases.java:102)
at com.playexch.testclass.LoginTestCases.invalidUsername_ValidPassword(LoginTestCases.java:54)
at java.base/java.util.ArrayList.forEach(ArrayList.java:1511)
... Removed 29 stack frames]]>
    </failure>
  </testcase> <!-- invalidUsername_ValidPassword -->
  <testcase classname="com.playexch.testclass.LoginTestCases" name="validUsername_Password" time="31.801"/>
  <testcase classname="com.playexch.sportsbook.CricketBackMatchedTC" name="verifyMatchesAvailable" time="21.987"/>
  <testcase classname="com.playexch.sportsbook.CricketBackMatchedTC" name="getProfileInfoBeforePlaceBet" time="3.385"/>
  <testcase classname="com.playexch.sportsbook.CricketBackMatchedTC" name="backBetPlace" time="21.686"/>
  <testcase classname="com.playexch.sportsbook.CricketBackMatchedTC" name="verifyBetPlacedUnmatched" time="20.453"/>
  <testcase classname="com.playexch.sportsbook.CricketBackMatchedTC" name="verifyBetPlacedMatched" time="10.146"/>
  <testcase classname="com.playexch.sportsbook.CricketBackMatchedTC" name="getProfileInfoAfterPlaceBet" time="3.201"/>
  <testcase classname="com.playexch.sportsbook.CricketBackMatchedTC" name="allMyBetsPlaced" time="10.34"/>
  <testcase classname="com.playexch.sportsbook.CricketBackMatchedTC" name="verifyNetExposure" time="0.001"/>
  <testcase classname="com.playexch.sportsbook.CricketBackUnmatchedTC" name="verifyMatchesAvailable" time="20.743"/>
  <testcase classname="com.playexch.sportsbook.CricketBackUnmatchedTC" name="getProfileInfoBeforePlaceBet" time="3.233"/>
  <testcase classname="com.playexch.sportsbook.CricketBackUnmatchedTC" name="backBetPlace" time="21.986"/>
  <testcase classname="com.playexch.sportsbook.CricketBackUnmatchedTC" name="verifyBetPlacedUnmatched" time="13.229"/>
  <testcase classname="com.playexch.sportsbook.CricketBackUnmatchedTC" name="getProfileInfoAfterPlaceBet" time="3.142"/>
  <testcase classname="com.playexch.sportsbook.CricketBackUnmatchedTC" name="getProfileInfoAfterCancelUnmatched" time="13.359"/>
  <testcase classname="com.playexch.sportsbook.CricketBackUnmatchedTC" name="allMyBetsPlaced" time="10.335"/>
  <testcase classname="com.playexch.sportsbook.CricketBackUnmatchedTC" name="verifyNetExposure" time="0.001"/>
  <testcase classname="com.playexch.sportsbook.CricketLayMatchedTC" name="verifyMatchesAvailable" time="20.659"/>
  <testcase classname="com.playexch.sportsbook.CricketLayMatchedTC" name="getProfileInfoBeforePlaceBet" time="3.225"/>
  <testcase classname="com.playexch.sportsbook.CricketLayMatchedTC" name="layBetPlace" time="20.692"/>
  <testcase classname="com.playexch.sportsbook.CricketLayMatchedTC" name="verifyBetPlacedUnmatched" time="20.211"/>
  <testcase classname="com.playexch.sportsbook.CricketLayMatchedTC" name="verifyBetPlacedMatched" time="10.094"/>
  <testcase classname="com.playexch.sportsbook.CricketLayMatchedTC" name="getProfileInfoAfterPlaceBet" time="3.163"/>
  <testcase classname="com.playexch.sportsbook.CricketLayMatchedTC" name="allMyBetsPlaced" time="10.413"/>
  <testcase classname="com.playexch.sportsbook.CricketLayMatchedTC" name="verifyNetExposure" time="0.001"/>
  <testcase classname="com.playexch.sportsbook.CricketLayUnmatchedTC" name="verifyMatchesAvailable" time="20.759"/>
  <testcase classname="com.playexch.sportsbook.CricketLayUnmatchedTC" name="getProfileInfoBeforePlaceBet" time="3.192"/>
  <testcase classname="com.playexch.sportsbook.CricketLayUnmatchedTC" name="layBetPlace" time="21.473"/>
  <testcase classname="com.playexch.sportsbook.CricketLayUnmatchedTC" name="verifyBetPlacedUnmatched" time="13.242"/>
  <testcase classname="com.playexch.sportsbook.CricketLayUnmatchedTC" name="getProfileInfoAfterPlaceBet" time="3.148"/>
  <testcase classname="com.playexch.sportsbook.CricketLayUnmatchedTC" name="getProfileInfoAfterCancelUnmatched" time="13.319"/>
  <testcase classname="com.playexch.sportsbook.CricketLayUnmatchedTC" name="allMyBetsPlaced" time="10.327"/>
  <testcase classname="com.playexch.sportsbook.CricketLayUnmatchedTC" name="verifyNetExposure" time="0.001"/>
  <testcase classname="com.playexch.sportsbook.SoccerBackMatchedTC" name="verifyMatchesAvailable" time="20.883"/>
  <testcase classname="com.playexch.sportsbook.SoccerBackMatchedTC" name="getProfileInfoBeforePlaceBet" time="3.193"/>
  <testcase classname="com.playexch.sportsbook.SoccerBackMatchedTC" name="backBetPlace" time="52.6">
    <failure type="org.openqa.selenium.NoSuchElementException" message="no such element: Unable to locate element: {&amp;quot;method&amp;quot;:&amp;quot;xpath&amp;quot;,&amp;quot;selector&amp;quot;:&amp;quot;(//input[@type=&amp;apos;text&amp;apos;])[5]&amp;quot;}
  (Session info: chrome=112.0.5615.137)
For documentation on this error, please visit: https://selenium.dev/exceptions/#no_such_element
Build info: version: &amp;apos;4.1.1&amp;apos;, revision: &amp;apos;e8fcc2cecf&amp;apos;
System info: host: &amp;apos;Admins-MacBook-Air.local&amp;apos;, ip: &amp;apos;fe80:0:0:0:8ab:ca66:83f9:db2%en0&amp;apos;, os.name: &amp;apos;Mac OS X&amp;apos;, os.arch: &amp;apos;x86_64&amp;apos;, os.version: &amp;apos;13.2.1&amp;apos;, java.version: &amp;apos;17.0.5&amp;apos;
Driver info: org.openqa.selenium.chrome.ChromeDriver
Command: [2a0ed74fae97557192455f0522a5586a, findElement {using=xpath, value=(//input[@type=&amp;apos;text&amp;apos;])[5]}]
Capabilities {acceptInsecureCerts: false, browserName: chrome, browserVersion: 112.0.5615.137, chrome: {chromedriverVersion: 112.0.5615.49 (bd2a7bcb881c..., userDataDir: /var/folders/_l/cndz3rc16s7...}, goog:chromeOptions: {debuggerAddress: localhost:49686}, javascriptEnabled: true, networkConnectionEnabled: false, pageLoadStrategy: normal, platform: MAC, platformName: MAC, proxy: Proxy(), se:cdp: ws://localhost:49686/devtoo..., se:cdpVersion: 112.0.5615.137, setWindowRect: true, strictFileInteractability: false, timeouts: {implicit: 0, pageLoad: 300000, script: 30000}, unhandledPromptBehavior: dismiss and notify, webauthn:extension:credBlob: true, webauthn:extension:largeBlob: true, webauthn:extension:minPinLength: true, webauthn:extension:prf: true, webauthn:virtualAuthenticators: true}
Session ID: 2a0ed74fae97557192455f0522a5586a">
      <![CDATA[org.openqa.selenium.NoSuchElementException: no such element: Unable to locate element: {"method":"xpath","selector":"(//input[@type='text'])[5]"}
  (Session info: chrome=112.0.5615.137)
For documentation on this error, please visit: https://selenium.dev/exceptions/#no_such_element
Build info: version: '4.1.1', revision: 'e8fcc2cecf'
System info: host: 'Admins-MacBook-Air.local', ip: 'fe80:0:0:0:8ab:ca66:83f9:db2%en0', os.name: 'Mac OS X', os.arch: 'x86_64', os.version: '13.2.1', java.version: '17.0.5'
Driver info: org.openqa.selenium.chrome.ChromeDriver
Command: [2a0ed74fae97557192455f0522a5586a, findElement {using=xpath, value=(//input[@type='text'])[5]}]
Capabilities {acceptInsecureCerts: false, browserName: chrome, browserVersion: 112.0.5615.137, chrome: {chromedriverVersion: 112.0.5615.49 (bd2a7bcb881c..., userDataDir: /var/folders/_l/cndz3rc16s7...}, goog:chromeOptions: {debuggerAddress: localhost:49686}, javascriptEnabled: true, networkConnectionEnabled: false, pageLoadStrategy: normal, platform: MAC, platformName: MAC, proxy: Proxy(), se:cdp: ws://localhost:49686/devtoo..., se:cdpVersion: 112.0.5615.137, setWindowRect: true, strictFileInteractability: false, timeouts: {implicit: 0, pageLoad: 300000, script: 30000}, unhandledPromptBehavior: dismiss and notify, webauthn:extension:credBlob: true, webauthn:extension:largeBlob: true, webauthn:extension:minPinLength: true, webauthn:extension:prf: true, webauthn:virtualAuthenticators: true}
Session ID: 2a0ed74fae97557192455f0522a5586a
at org.openqa.selenium.remote.codec.w3c.W3CHttpResponseCodec.createException(W3CHttpResponseCodec.java:200)
at org.openqa.selenium.remote.codec.w3c.W3CHttpResponseCodec.decode(W3CHttpResponseCodec.java:133)
at org.openqa.selenium.remote.codec.w3c.W3CHttpResponseCodec.decode(W3CHttpResponseCodec.java:53)
at org.openqa.selenium.remote.HttpCommandExecutor.execute(HttpCommandExecutor.java:184)
at org.openqa.selenium.remote.service.DriverCommandExecutor.invokeExecute(DriverCommandExecutor.java:167)
at org.openqa.selenium.remote.service.DriverCommandExecutor.execute(DriverCommandExecutor.java:142)
at org.openqa.selenium.remote.RemoteWebDriver.execute(RemoteWebDriver.java:543)
at org.openqa.selenium.remote.ElementLocation$ElementFinder$2.findElement(ElementLocation.java:162)
at org.openqa.selenium.remote.ElementLocation.findElement(ElementLocation.java:60)
at org.openqa.selenium.remote.RemoteWebDriver.findElement(RemoteWebDriver.java:367)
at org.openqa.selenium.remote.RemoteWebDriver.findElement(RemoteWebDriver.java:359)
at org.openqa.selenium.support.pagefactory.DefaultElementLocator.findElement(DefaultElementLocator.java:70)
at org.openqa.selenium.support.pagefactory.internal.LocatingElementHandler.invoke(LocatingElementHandler.java:39)
at jdk.proxy2/jdk.proxy2.$Proxy22.sendKeys(Unknown Source)
at com.playexch.module.PlayexchSoccerPage.getPlayexchStakeValue(PlayexchSoccerPage.java:205)
at com.playexch.sportsbook.SoccerBackMatchedTC.backBetPlace(SoccerBackMatchedTC.java:67)
at java.base/java.util.ArrayList.forEach(ArrayList.java:1511)
... Removed 31 stack frames]]>
    </failure>
  </testcase> <!-- backBetPlace -->
  <testcase classname="com.playexch.sportsbook.SoccerBackMatchedTC" name="verifyBetPlacedUnmatched" time="0.0">
    <skipped/>
  </testcase> <!-- verifyBetPlacedUnmatched -->
  <testcase classname="com.playexch.sportsbook.SoccerBackMatchedTC" name="verifyBetPlacedMatched" time="0.0">
    <skipped/>
  </testcase> <!-- verifyBetPlacedMatched -->
  <testcase classname="com.playexch.sportsbook.SoccerBackMatchedTC" name="getProfileInfoAfterPlaceBet" time="0.0">
    <skipped/>
  </testcase> <!-- getProfileInfoAfterPlaceBet -->
  <testcase classname="com.playexch.sportsbook.SoccerBackMatchedTC" name="VerifyAllBetPlaceInfo" time="0.0">
    <skipped/>
  </testcase> <!-- VerifyAllBetPlaceInfo -->
  <testcase classname="com.playexch.sportsbook.SoccerBackMatchedTC" name="verifyNetExposure" time="0.0">
    <skipped/>
  </testcase> <!-- verifyNetExposure -->
  <testcase classname="com.playexch.sportsbook.SoccerLayUnmatchedTC" name="verifyMatchesAvailable" time="20.172"/>
  <testcase classname="com.playexch.sportsbook.SoccerLayUnmatchedTC" name="getProfileInfoBeforePlaceBet" time="3.192"/>
  <testcase classname="com.playexch.sportsbook.SoccerLayUnmatchedTC" name="layBetPlace" time="42.501">
    <failure type="org.openqa.selenium.NoSuchElementException" message="no such element: Unable to locate element: {&amp;quot;method&amp;quot;:&amp;quot;xpath&amp;quot;,&amp;quot;selector&amp;quot;:&amp;quot;(//div[@class=&amp;apos;v-input__slot&amp;apos;]//button)[1]&amp;quot;}
  (Session info: chrome=112.0.5615.137)
For documentation on this error, please visit: https://selenium.dev/exceptions/#no_such_element
Build info: version: &amp;apos;4.1.1&amp;apos;, revision: &amp;apos;e8fcc2cecf&amp;apos;
System info: host: &amp;apos;Admins-MacBook-Air.local&amp;apos;, ip: &amp;apos;fe80:0:0:0:8ab:ca66:83f9:db2%en0&amp;apos;, os.name: &amp;apos;Mac OS X&amp;apos;, os.arch: &amp;apos;x86_64&amp;apos;, os.version: &amp;apos;13.2.1&amp;apos;, java.version: &amp;apos;17.0.5&amp;apos;
Driver info: org.openqa.selenium.chrome.ChromeDriver
Command: [2a0ed74fae97557192455f0522a5586a, findElement {using=xpath, value=(//div[@class=&amp;apos;v-input__slot&amp;apos;]//button)[1]}]
Capabilities {acceptInsecureCerts: false, browserName: chrome, browserVersion: 112.0.5615.137, chrome: {chromedriverVersion: 112.0.5615.49 (bd2a7bcb881c..., userDataDir: /var/folders/_l/cndz3rc16s7...}, goog:chromeOptions: {debuggerAddress: localhost:49686}, javascriptEnabled: true, networkConnectionEnabled: false, pageLoadStrategy: normal, platform: MAC, platformName: MAC, proxy: Proxy(), se:cdp: ws://localhost:49686/devtoo..., se:cdpVersion: 112.0.5615.137, setWindowRect: true, strictFileInteractability: false, timeouts: {implicit: 0, pageLoad: 300000, script: 30000}, unhandledPromptBehavior: dismiss and notify, webauthn:extension:credBlob: true, webauthn:extension:largeBlob: true, webauthn:extension:minPinLength: true, webauthn:extension:prf: true, webauthn:virtualAuthenticators: true}
Session ID: 2a0ed74fae97557192455f0522a5586a">
      <![CDATA[org.openqa.selenium.NoSuchElementException: no such element: Unable to locate element: {"method":"xpath","selector":"(//div[@class='v-input__slot']//button)[1]"}
  (Session info: chrome=112.0.5615.137)
For documentation on this error, please visit: https://selenium.dev/exceptions/#no_such_element
Build info: version: '4.1.1', revision: 'e8fcc2cecf'
System info: host: 'Admins-MacBook-Air.local', ip: 'fe80:0:0:0:8ab:ca66:83f9:db2%en0', os.name: 'Mac OS X', os.arch: 'x86_64', os.version: '13.2.1', java.version: '17.0.5'
Driver info: org.openqa.selenium.chrome.ChromeDriver
Command: [2a0ed74fae97557192455f0522a5586a, findElement {using=xpath, value=(//div[@class='v-input__slot']//button)[1]}]
Capabilities {acceptInsecureCerts: false, browserName: chrome, browserVersion: 112.0.5615.137, chrome: {chromedriverVersion: 112.0.5615.49 (bd2a7bcb881c..., userDataDir: /var/folders/_l/cndz3rc16s7...}, goog:chromeOptions: {debuggerAddress: localhost:49686}, javascriptEnabled: true, networkConnectionEnabled: false, pageLoadStrategy: normal, platform: MAC, platformName: MAC, proxy: Proxy(), se:cdp: ws://localhost:49686/devtoo..., se:cdpVersion: 112.0.5615.137, setWindowRect: true, strictFileInteractability: false, timeouts: {implicit: 0, pageLoad: 300000, script: 30000}, unhandledPromptBehavior: dismiss and notify, webauthn:extension:credBlob: true, webauthn:extension:largeBlob: true, webauthn:extension:minPinLength: true, webauthn:extension:prf: true, webauthn:virtualAuthenticators: true}
Session ID: 2a0ed74fae97557192455f0522a5586a
at org.openqa.selenium.remote.codec.w3c.W3CHttpResponseCodec.createException(W3CHttpResponseCodec.java:200)
at org.openqa.selenium.remote.codec.w3c.W3CHttpResponseCodec.decode(W3CHttpResponseCodec.java:133)
at org.openqa.selenium.remote.codec.w3c.W3CHttpResponseCodec.decode(W3CHttpResponseCodec.java:53)
at org.openqa.selenium.remote.HttpCommandExecutor.execute(HttpCommandExecutor.java:184)
at org.openqa.selenium.remote.service.DriverCommandExecutor.invokeExecute(DriverCommandExecutor.java:167)
at org.openqa.selenium.remote.service.DriverCommandExecutor.execute(DriverCommandExecutor.java:142)
at org.openqa.selenium.remote.RemoteWebDriver.execute(RemoteWebDriver.java:543)
at org.openqa.selenium.remote.ElementLocation$ElementFinder$2.findElement(ElementLocation.java:162)
at org.openqa.selenium.remote.ElementLocation.findElement(ElementLocation.java:60)
at org.openqa.selenium.remote.RemoteWebDriver.findElement(RemoteWebDriver.java:367)
at org.openqa.selenium.remote.RemoteWebDriver.findElement(RemoteWebDriver.java:359)
at org.openqa.selenium.support.pagefactory.DefaultElementLocator.findElement(DefaultElementLocator.java:70)
at org.openqa.selenium.support.pagefactory.internal.LocatingElementHandler.invoke(LocatingElementHandler.java:39)
at jdk.proxy2/jdk.proxy2.$Proxy22.click(Unknown Source)
at com.playexch.module.PlayexchSoccerPage.getPlayexchFOddsValue(PlayexchSoccerPage.java:200)
at com.playexch.sportsbook.SoccerLayUnmatchedTC.layBetPlace(SoccerLayUnmatchedTC.java:69)
at java.base/java.util.ArrayList.forEach(ArrayList.java:1511)
... Removed 31 stack frames]]>
    </failure>
  </testcase> <!-- layBetPlace -->
  <testcase classname="com.playexch.sportsbook.SoccerLayUnmatchedTC" name="verifyBetPlacedUnmatched" time="0.001">
    <skipped/>
  </testcase> <!-- verifyBetPlacedUnmatched -->
  <testcase classname="com.playexch.sportsbook.SoccerLayUnmatchedTC" name="getProfileInfoAfterPlaceBet" time="0.0">
    <skipped/>
  </testcase> <!-- getProfileInfoAfterPlaceBet -->
  <testcase classname="com.playexch.sportsbook.SoccerLayUnmatchedTC" name="getProfileInfoAfterCancelUnmatched" time="0.0">
    <skipped/>
  </testcase> <!-- getProfileInfoAfterCancelUnmatched -->
  <testcase classname="com.playexch.sportsbook.SoccerLayUnmatchedTC" name="VerifyAllBetPlaceInfo" time="0.0">
    <skipped/>
  </testcase> <!-- VerifyAllBetPlaceInfo -->
  <testcase classname="com.playexch.sportsbook.SoccerLayUnmatchedTC" name="verifyNetExposure" time="0.0">
    <skipped/>
  </testcase> <!-- verifyNetExposure -->
  <testcase classname="com.playexch.sportsbook.SoccerLayMatchedTC" name="verifyMatchesAvailable" time="20.162"/>
  <testcase classname="com.playexch.sportsbook.SoccerLayMatchedTC" name="getProfileInfoBeforePlaceBet" time="3.155"/>
  <testcase classname="com.playexch.sportsbook.SoccerLayMatchedTC" name="layBetPlace" time="52.564">
    <failure type="org.openqa.selenium.NoSuchElementException" message="no such element: Unable to locate element: {&amp;quot;method&amp;quot;:&amp;quot;xpath&amp;quot;,&amp;quot;selector&amp;quot;:&amp;quot;(//input[@type=&amp;apos;text&amp;apos;])[5]&amp;quot;}
  (Session info: chrome=112.0.5615.137)
For documentation on this error, please visit: https://selenium.dev/exceptions/#no_such_element
Build info: version: &amp;apos;4.1.1&amp;apos;, revision: &amp;apos;e8fcc2cecf&amp;apos;
System info: host: &amp;apos;Admins-MacBook-Air.local&amp;apos;, ip: &amp;apos;fe80:0:0:0:8ab:ca66:83f9:db2%en0&amp;apos;, os.name: &amp;apos;Mac OS X&amp;apos;, os.arch: &amp;apos;x86_64&amp;apos;, os.version: &amp;apos;13.2.1&amp;apos;, java.version: &amp;apos;17.0.5&amp;apos;
Driver info: org.openqa.selenium.chrome.ChromeDriver
Command: [2a0ed74fae97557192455f0522a5586a, findElement {using=xpath, value=(//input[@type=&amp;apos;text&amp;apos;])[5]}]
Capabilities {acceptInsecureCerts: false, browserName: chrome, browserVersion: 112.0.5615.137, chrome: {chromedriverVersion: 112.0.5615.49 (bd2a7bcb881c..., userDataDir: /var/folders/_l/cndz3rc16s7...}, goog:chromeOptions: {debuggerAddress: localhost:49686}, javascriptEnabled: true, networkConnectionEnabled: false, pageLoadStrategy: normal, platform: MAC, platformName: MAC, proxy: Proxy(), se:cdp: ws://localhost:49686/devtoo..., se:cdpVersion: 112.0.5615.137, setWindowRect: true, strictFileInteractability: false, timeouts: {implicit: 0, pageLoad: 300000, script: 30000}, unhandledPromptBehavior: dismiss and notify, webauthn:extension:credBlob: true, webauthn:extension:largeBlob: true, webauthn:extension:minPinLength: true, webauthn:extension:prf: true, webauthn:virtualAuthenticators: true}
Session ID: 2a0ed74fae97557192455f0522a5586a">
      <![CDATA[org.openqa.selenium.NoSuchElementException: no such element: Unable to locate element: {"method":"xpath","selector":"(//input[@type='text'])[5]"}
  (Session info: chrome=112.0.5615.137)
For documentation on this error, please visit: https://selenium.dev/exceptions/#no_such_element
Build info: version: '4.1.1', revision: 'e8fcc2cecf'
System info: host: 'Admins-MacBook-Air.local', ip: 'fe80:0:0:0:8ab:ca66:83f9:db2%en0', os.name: 'Mac OS X', os.arch: 'x86_64', os.version: '13.2.1', java.version: '17.0.5'
Driver info: org.openqa.selenium.chrome.ChromeDriver
Command: [2a0ed74fae97557192455f0522a5586a, findElement {using=xpath, value=(//input[@type='text'])[5]}]
Capabilities {acceptInsecureCerts: false, browserName: chrome, browserVersion: 112.0.5615.137, chrome: {chromedriverVersion: 112.0.5615.49 (bd2a7bcb881c..., userDataDir: /var/folders/_l/cndz3rc16s7...}, goog:chromeOptions: {debuggerAddress: localhost:49686}, javascriptEnabled: true, networkConnectionEnabled: false, pageLoadStrategy: normal, platform: MAC, platformName: MAC, proxy: Proxy(), se:cdp: ws://localhost:49686/devtoo..., se:cdpVersion: 112.0.5615.137, setWindowRect: true, strictFileInteractability: false, timeouts: {implicit: 0, pageLoad: 300000, script: 30000}, unhandledPromptBehavior: dismiss and notify, webauthn:extension:credBlob: true, webauthn:extension:largeBlob: true, webauthn:extension:minPinLength: true, webauthn:extension:prf: true, webauthn:virtualAuthenticators: true}
Session ID: 2a0ed74fae97557192455f0522a5586a
at org.openqa.selenium.remote.codec.w3c.W3CHttpResponseCodec.createException(W3CHttpResponseCodec.java:200)
at org.openqa.selenium.remote.codec.w3c.W3CHttpResponseCodec.decode(W3CHttpResponseCodec.java:133)
at org.openqa.selenium.remote.codec.w3c.W3CHttpResponseCodec.decode(W3CHttpResponseCodec.java:53)
at org.openqa.selenium.remote.HttpCommandExecutor.execute(HttpCommandExecutor.java:184)
at org.openqa.selenium.remote.service.DriverCommandExecutor.invokeExecute(DriverCommandExecutor.java:167)
at org.openqa.selenium.remote.service.DriverCommandExecutor.execute(DriverCommandExecutor.java:142)
at org.openqa.selenium.remote.RemoteWebDriver.execute(RemoteWebDriver.java:543)
at org.openqa.selenium.remote.ElementLocation$ElementFinder$2.findElement(ElementLocation.java:162)
at org.openqa.selenium.remote.ElementLocation.findElement(ElementLocation.java:60)
at org.openqa.selenium.remote.RemoteWebDriver.findElement(RemoteWebDriver.java:367)
at org.openqa.selenium.remote.RemoteWebDriver.findElement(RemoteWebDriver.java:359)
at org.openqa.selenium.support.pagefactory.DefaultElementLocator.findElement(DefaultElementLocator.java:70)
at org.openqa.selenium.support.pagefactory.internal.LocatingElementHandler.invoke(LocatingElementHandler.java:39)
at jdk.proxy2/jdk.proxy2.$Proxy22.sendKeys(Unknown Source)
at com.playexch.module.PlayexchSoccerPage.getPlayexchStakeValue(PlayexchSoccerPage.java:205)
at com.playexch.sportsbook.SoccerLayMatchedTC.layBetPlace(SoccerLayMatchedTC.java:67)
at java.base/java.util.ArrayList.forEach(ArrayList.java:1511)
... Removed 31 stack frames]]>
    </failure>
  </testcase> <!-- layBetPlace -->
  <testcase classname="com.playexch.sportsbook.SoccerLayMatchedTC" name="verifyBetPlacedUnmatched" time="0.0">
    <skipped/>
  </testcase> <!-- verifyBetPlacedUnmatched -->
  <testcase classname="com.playexch.sportsbook.SoccerLayMatchedTC" name="verifyBetPlacedMatched" time="0.0">
    <skipped/>
  </testcase> <!-- verifyBetPlacedMatched -->
  <testcase classname="com.playexch.sportsbook.SoccerLayMatchedTC" name="getProfileInfoAfterPlaceBet" time="0.0">
    <skipped/>
  </testcase> <!-- getProfileInfoAfterPlaceBet -->
  <testcase classname="com.playexch.sportsbook.SoccerLayMatchedTC" name="VerifyAllBetPlaceInfo" time="0.001">
    <skipped/>
  </testcase> <!-- VerifyAllBetPlaceInfo -->
  <testcase classname="com.playexch.sportsbook.SoccerLayMatchedTC" name="verifyNetExposure" time="0.0">
    <skipped/>
  </testcase> <!-- verifyNetExposure -->
  <testcase classname="com.playexch.sportsbook.SoccerBackUnmatchedTC" name="verifyMatchesAvailable" time="20.407"/>
  <testcase classname="com.playexch.sportsbook.SoccerBackUnmatchedTC" name="getProfileInfoBeforePlaceBet" time="3.183"/>
  <testcase classname="com.playexch.sportsbook.SoccerBackUnmatchedTC" name="backBetPlace" time="41.306">
    <failure type="org.openqa.selenium.NoSuchElementException" message="no such element: Unable to locate element: {&amp;quot;method&amp;quot;:&amp;quot;xpath&amp;quot;,&amp;quot;selector&amp;quot;:&amp;quot;(//input[@type=&amp;apos;text&amp;apos;])[5]&amp;quot;}
  (Session info: chrome=112.0.5615.137)
For documentation on this error, please visit: https://selenium.dev/exceptions/#no_such_element
Build info: version: &amp;apos;4.1.1&amp;apos;, revision: &amp;apos;e8fcc2cecf&amp;apos;
System info: host: &amp;apos;Admins-MacBook-Air.local&amp;apos;, ip: &amp;apos;fe80:0:0:0:8ab:ca66:83f9:db2%en0&amp;apos;, os.name: &amp;apos;Mac OS X&amp;apos;, os.arch: &amp;apos;x86_64&amp;apos;, os.version: &amp;apos;13.2.1&amp;apos;, java.version: &amp;apos;17.0.5&amp;apos;
Driver info: org.openqa.selenium.chrome.ChromeDriver
Command: [2a0ed74fae97557192455f0522a5586a, findElement {using=xpath, value=(//input[@type=&amp;apos;text&amp;apos;])[5]}]
Capabilities {acceptInsecureCerts: false, browserName: chrome, browserVersion: 112.0.5615.137, chrome: {chromedriverVersion: 112.0.5615.49 (bd2a7bcb881c..., userDataDir: /var/folders/_l/cndz3rc16s7...}, goog:chromeOptions: {debuggerAddress: localhost:49686}, javascriptEnabled: true, networkConnectionEnabled: false, pageLoadStrategy: normal, platform: MAC, platformName: MAC, proxy: Proxy(), se:cdp: ws://localhost:49686/devtoo..., se:cdpVersion: 112.0.5615.137, setWindowRect: true, strictFileInteractability: false, timeouts: {implicit: 0, pageLoad: 300000, script: 30000}, unhandledPromptBehavior: dismiss and notify, webauthn:extension:credBlob: true, webauthn:extension:largeBlob: true, webauthn:extension:minPinLength: true, webauthn:extension:prf: true, webauthn:virtualAuthenticators: true}
Session ID: 2a0ed74fae97557192455f0522a5586a">
      <![CDATA[org.openqa.selenium.NoSuchElementException: no such element: Unable to locate element: {"method":"xpath","selector":"(//input[@type='text'])[5]"}
  (Session info: chrome=112.0.5615.137)
For documentation on this error, please visit: https://selenium.dev/exceptions/#no_such_element
Build info: version: '4.1.1', revision: 'e8fcc2cecf'
System info: host: 'Admins-MacBook-Air.local', ip: 'fe80:0:0:0:8ab:ca66:83f9:db2%en0', os.name: 'Mac OS X', os.arch: 'x86_64', os.version: '13.2.1', java.version: '17.0.5'
Driver info: org.openqa.selenium.chrome.ChromeDriver
Command: [2a0ed74fae97557192455f0522a5586a, findElement {using=xpath, value=(//input[@type='text'])[5]}]
Capabilities {acceptInsecureCerts: false, browserName: chrome, browserVersion: 112.0.5615.137, chrome: {chromedriverVersion: 112.0.5615.49 (bd2a7bcb881c..., userDataDir: /var/folders/_l/cndz3rc16s7...}, goog:chromeOptions: {debuggerAddress: localhost:49686}, javascriptEnabled: true, networkConnectionEnabled: false, pageLoadStrategy: normal, platform: MAC, platformName: MAC, proxy: Proxy(), se:cdp: ws://localhost:49686/devtoo..., se:cdpVersion: 112.0.5615.137, setWindowRect: true, strictFileInteractability: false, timeouts: {implicit: 0, pageLoad: 300000, script: 30000}, unhandledPromptBehavior: dismiss and notify, webauthn:extension:credBlob: true, webauthn:extension:largeBlob: true, webauthn:extension:minPinLength: true, webauthn:extension:prf: true, webauthn:virtualAuthenticators: true}
Session ID: 2a0ed74fae97557192455f0522a5586a
at org.openqa.selenium.remote.codec.w3c.W3CHttpResponseCodec.createException(W3CHttpResponseCodec.java:200)
at org.openqa.selenium.remote.codec.w3c.W3CHttpResponseCodec.decode(W3CHttpResponseCodec.java:133)
at org.openqa.selenium.remote.codec.w3c.W3CHttpResponseCodec.decode(W3CHttpResponseCodec.java:53)
at org.openqa.selenium.remote.HttpCommandExecutor.execute(HttpCommandExecutor.java:184)
at org.openqa.selenium.remote.service.DriverCommandExecutor.invokeExecute(DriverCommandExecutor.java:167)
at org.openqa.selenium.remote.service.DriverCommandExecutor.execute(DriverCommandExecutor.java:142)
at org.openqa.selenium.remote.RemoteWebDriver.execute(RemoteWebDriver.java:543)
at org.openqa.selenium.remote.ElementLocation$ElementFinder$2.findElement(ElementLocation.java:162)
at org.openqa.selenium.remote.ElementLocation.findElement(ElementLocation.java:60)
at org.openqa.selenium.remote.RemoteWebDriver.findElement(RemoteWebDriver.java:367)
at org.openqa.selenium.remote.RemoteWebDriver.findElement(RemoteWebDriver.java:359)
at org.openqa.selenium.support.pagefactory.DefaultElementLocator.findElement(DefaultElementLocator.java:70)
at org.openqa.selenium.support.pagefactory.internal.LocatingElementHandler.invoke(LocatingElementHandler.java:39)
at jdk.proxy2/jdk.proxy2.$Proxy22.sendKeys(Unknown Source)
at com.playexch.module.PlayexchSoccerPage.getPlayexchStakeValue(PlayexchSoccerPage.java:205)
at com.playexch.sportsbook.SoccerBackUnmatchedTC.backBetPlace(SoccerBackUnmatchedTC.java:68)
at java.base/java.util.ArrayList.forEach(ArrayList.java:1511)
... Removed 31 stack frames]]>
    </failure>
  </testcase> <!-- backBetPlace -->
  <testcase classname="com.playexch.sportsbook.SoccerBackUnmatchedTC" name="verifyBetPlacedUnmatched" time="0.0">
    <skipped/>
  </testcase> <!-- verifyBetPlacedUnmatched -->
  <testcase classname="com.playexch.sportsbook.SoccerBackUnmatchedTC" name="getProfileInfoAfterPlaceBet" time="0.0">
    <skipped/>
  </testcase> <!-- getProfileInfoAfterPlaceBet -->
  <testcase classname="com.playexch.sportsbook.SoccerBackUnmatchedTC" name="getProfileInfoAfterCancelUnmatched" time="0.001">
    <skipped/>
  </testcase> <!-- getProfileInfoAfterCancelUnmatched -->
  <testcase classname="com.playexch.sportsbook.SoccerBackUnmatchedTC" name="VerifyAllBetPlaceInfo" time="0.0">
    <skipped/>
  </testcase> <!-- VerifyAllBetPlaceInfo -->
  <testcase classname="com.playexch.sportsbook.SoccerBackUnmatchedTC" name="verifyNetExposure" time="0.0">
    <skipped/>
  </testcase> <!-- verifyNetExposure -->
  <testcase classname="com.playexch.sportsbook.TennisLayUnmatchedTC" name="verifyMatchesAvailable" time="20.533"/>
  <testcase classname="com.playexch.sportsbook.TennisLayUnmatchedTC" name="getProfileInfoBeforePlaceBet" time="3.187"/>
  <testcase classname="com.playexch.sportsbook.TennisLayUnmatchedTC" name="layBetPlace" time="52.456">
    <failure type="org.openqa.selenium.NoSuchElementException" message="no such element: Unable to locate element: {&amp;quot;method&amp;quot;:&amp;quot;xpath&amp;quot;,&amp;quot;selector&amp;quot;:&amp;quot;(//div[@class=&amp;apos;v-input__slot&amp;apos;]//button)[1]&amp;quot;}
  (Session info: chrome=112.0.5615.137)
For documentation on this error, please visit: https://selenium.dev/exceptions/#no_such_element
Build info: version: &amp;apos;4.1.1&amp;apos;, revision: &amp;apos;e8fcc2cecf&amp;apos;
System info: host: &amp;apos;Admins-MacBook-Air.local&amp;apos;, ip: &amp;apos;fe80:0:0:0:8ab:ca66:83f9:db2%en0&amp;apos;, os.name: &amp;apos;Mac OS X&amp;apos;, os.arch: &amp;apos;x86_64&amp;apos;, os.version: &amp;apos;13.2.1&amp;apos;, java.version: &amp;apos;17.0.5&amp;apos;
Driver info: org.openqa.selenium.chrome.ChromeDriver
Command: [2a0ed74fae97557192455f0522a5586a, findElement {using=xpath, value=(//div[@class=&amp;apos;v-input__slot&amp;apos;]//button)[1]}]
Capabilities {acceptInsecureCerts: false, browserName: chrome, browserVersion: 112.0.5615.137, chrome: {chromedriverVersion: 112.0.5615.49 (bd2a7bcb881c..., userDataDir: /var/folders/_l/cndz3rc16s7...}, goog:chromeOptions: {debuggerAddress: localhost:49686}, javascriptEnabled: true, networkConnectionEnabled: false, pageLoadStrategy: normal, platform: MAC, platformName: MAC, proxy: Proxy(), se:cdp: ws://localhost:49686/devtoo..., se:cdpVersion: 112.0.5615.137, setWindowRect: true, strictFileInteractability: false, timeouts: {implicit: 0, pageLoad: 300000, script: 30000}, unhandledPromptBehavior: dismiss and notify, webauthn:extension:credBlob: true, webauthn:extension:largeBlob: true, webauthn:extension:minPinLength: true, webauthn:extension:prf: true, webauthn:virtualAuthenticators: true}
Session ID: 2a0ed74fae97557192455f0522a5586a">
      <![CDATA[org.openqa.selenium.NoSuchElementException: no such element: Unable to locate element: {"method":"xpath","selector":"(//div[@class='v-input__slot']//button)[1]"}
  (Session info: chrome=112.0.5615.137)
For documentation on this error, please visit: https://selenium.dev/exceptions/#no_such_element
Build info: version: '4.1.1', revision: 'e8fcc2cecf'
System info: host: 'Admins-MacBook-Air.local', ip: 'fe80:0:0:0:8ab:ca66:83f9:db2%en0', os.name: 'Mac OS X', os.arch: 'x86_64', os.version: '13.2.1', java.version: '17.0.5'
Driver info: org.openqa.selenium.chrome.ChromeDriver
Command: [2a0ed74fae97557192455f0522a5586a, findElement {using=xpath, value=(//div[@class='v-input__slot']//button)[1]}]
Capabilities {acceptInsecureCerts: false, browserName: chrome, browserVersion: 112.0.5615.137, chrome: {chromedriverVersion: 112.0.5615.49 (bd2a7bcb881c..., userDataDir: /var/folders/_l/cndz3rc16s7...}, goog:chromeOptions: {debuggerAddress: localhost:49686}, javascriptEnabled: true, networkConnectionEnabled: false, pageLoadStrategy: normal, platform: MAC, platformName: MAC, proxy: Proxy(), se:cdp: ws://localhost:49686/devtoo..., se:cdpVersion: 112.0.5615.137, setWindowRect: true, strictFileInteractability: false, timeouts: {implicit: 0, pageLoad: 300000, script: 30000}, unhandledPromptBehavior: dismiss and notify, webauthn:extension:credBlob: true, webauthn:extension:largeBlob: true, webauthn:extension:minPinLength: true, webauthn:extension:prf: true, webauthn:virtualAuthenticators: true}
Session ID: 2a0ed74fae97557192455f0522a5586a
at org.openqa.selenium.remote.codec.w3c.W3CHttpResponseCodec.createException(W3CHttpResponseCodec.java:200)
at org.openqa.selenium.remote.codec.w3c.W3CHttpResponseCodec.decode(W3CHttpResponseCodec.java:133)
at org.openqa.selenium.remote.codec.w3c.W3CHttpResponseCodec.decode(W3CHttpResponseCodec.java:53)
at org.openqa.selenium.remote.HttpCommandExecutor.execute(HttpCommandExecutor.java:184)
at org.openqa.selenium.remote.service.DriverCommandExecutor.invokeExecute(DriverCommandExecutor.java:167)
at org.openqa.selenium.remote.service.DriverCommandExecutor.execute(DriverCommandExecutor.java:142)
at org.openqa.selenium.remote.RemoteWebDriver.execute(RemoteWebDriver.java:543)
at org.openqa.selenium.remote.ElementLocation$ElementFinder$2.findElement(ElementLocation.java:162)
at org.openqa.selenium.remote.ElementLocation.findElement(ElementLocation.java:60)
at org.openqa.selenium.remote.RemoteWebDriver.findElement(RemoteWebDriver.java:367)
at org.openqa.selenium.remote.RemoteWebDriver.findElement(RemoteWebDriver.java:359)
at org.openqa.selenium.support.pagefactory.DefaultElementLocator.findElement(DefaultElementLocator.java:70)
at org.openqa.selenium.support.pagefactory.internal.LocatingElementHandler.invoke(LocatingElementHandler.java:39)
at jdk.proxy2/jdk.proxy2.$Proxy22.click(Unknown Source)
at com.playexch.module.PlayexchTennisPage.setPlayexchFOddsValue(PlayexchTennisPage.java:204)
at com.playexch.sportsbook.TennisLayUnmatchedTC.layBetPlace(TennisLayUnmatchedTC.java:65)
at java.base/java.util.ArrayList.forEach(ArrayList.java:1511)
... Removed 31 stack frames]]>
    </failure>
  </testcase> <!-- layBetPlace -->
  <testcase classname="com.playexch.sportsbook.TennisLayUnmatchedTC" name="verifyBetPlacedUnmatched" time="0.0">
    <skipped/>
  </testcase> <!-- verifyBetPlacedUnmatched -->
  <testcase classname="com.playexch.sportsbook.TennisLayUnmatchedTC" name="getProfileInfoAfterPlaceBet" time="0.0">
    <skipped/>
  </testcase> <!-- getProfileInfoAfterPlaceBet -->
  <testcase classname="com.playexch.sportsbook.TennisLayUnmatchedTC" name="getProfileInfoAfterCancelUnmatched" time="0.0">
    <skipped/>
  </testcase> <!-- getProfileInfoAfterCancelUnmatched -->
  <testcase classname="com.playexch.sportsbook.TennisLayUnmatchedTC" name="VerifyAllBetPlaceInfo" time="0.0">
    <skipped/>
  </testcase> <!-- VerifyAllBetPlaceInfo -->
  <testcase classname="com.playexch.sportsbook.TennisLayUnmatchedTC" name="verifyNetExposure" time="0.0">
    <skipped/>
  </testcase> <!-- verifyNetExposure -->
  <testcase classname="com.playexch.sportsbook.TennisBackUnmatchedTC" name="verifyMatchesAvailable" time="20.217"/>
  <testcase classname="com.playexch.sportsbook.TennisBackUnmatchedTC" name="getProfileInfoBeforePlaceBet" time="3.164"/>
  <testcase classname="com.playexch.sportsbook.TennisBackUnmatchedTC" name="backBetPlace" time="52.56">
    <failure type="org.openqa.selenium.NoSuchElementException" message="no such element: Unable to locate element: {&amp;quot;method&amp;quot;:&amp;quot;xpath&amp;quot;,&amp;quot;selector&amp;quot;:&amp;quot;(//input[@type=&amp;apos;text&amp;apos;])[5]&amp;quot;}
  (Session info: chrome=112.0.5615.137)
For documentation on this error, please visit: https://selenium.dev/exceptions/#no_such_element
Build info: version: &amp;apos;4.1.1&amp;apos;, revision: &amp;apos;e8fcc2cecf&amp;apos;
System info: host: &amp;apos;Admins-MacBook-Air.local&amp;apos;, ip: &amp;apos;fe80:0:0:0:8ab:ca66:83f9:db2%en0&amp;apos;, os.name: &amp;apos;Mac OS X&amp;apos;, os.arch: &amp;apos;x86_64&amp;apos;, os.version: &amp;apos;13.2.1&amp;apos;, java.version: &amp;apos;17.0.5&amp;apos;
Driver info: org.openqa.selenium.chrome.ChromeDriver
Command: [2a0ed74fae97557192455f0522a5586a, findElement {using=xpath, value=(//input[@type=&amp;apos;text&amp;apos;])[5]}]
Capabilities {acceptInsecureCerts: false, browserName: chrome, browserVersion: 112.0.5615.137, chrome: {chromedriverVersion: 112.0.5615.49 (bd2a7bcb881c..., userDataDir: /var/folders/_l/cndz3rc16s7...}, goog:chromeOptions: {debuggerAddress: localhost:49686}, javascriptEnabled: true, networkConnectionEnabled: false, pageLoadStrategy: normal, platform: MAC, platformName: MAC, proxy: Proxy(), se:cdp: ws://localhost:49686/devtoo..., se:cdpVersion: 112.0.5615.137, setWindowRect: true, strictFileInteractability: false, timeouts: {implicit: 0, pageLoad: 300000, script: 30000}, unhandledPromptBehavior: dismiss and notify, webauthn:extension:credBlob: true, webauthn:extension:largeBlob: true, webauthn:extension:minPinLength: true, webauthn:extension:prf: true, webauthn:virtualAuthenticators: true}
Session ID: 2a0ed74fae97557192455f0522a5586a">
      <![CDATA[org.openqa.selenium.NoSuchElementException: no such element: Unable to locate element: {"method":"xpath","selector":"(//input[@type='text'])[5]"}
  (Session info: chrome=112.0.5615.137)
For documentation on this error, please visit: https://selenium.dev/exceptions/#no_such_element
Build info: version: '4.1.1', revision: 'e8fcc2cecf'
System info: host: 'Admins-MacBook-Air.local', ip: 'fe80:0:0:0:8ab:ca66:83f9:db2%en0', os.name: 'Mac OS X', os.arch: 'x86_64', os.version: '13.2.1', java.version: '17.0.5'
Driver info: org.openqa.selenium.chrome.ChromeDriver
Command: [2a0ed74fae97557192455f0522a5586a, findElement {using=xpath, value=(//input[@type='text'])[5]}]
Capabilities {acceptInsecureCerts: false, browserName: chrome, browserVersion: 112.0.5615.137, chrome: {chromedriverVersion: 112.0.5615.49 (bd2a7bcb881c..., userDataDir: /var/folders/_l/cndz3rc16s7...}, goog:chromeOptions: {debuggerAddress: localhost:49686}, javascriptEnabled: true, networkConnectionEnabled: false, pageLoadStrategy: normal, platform: MAC, platformName: MAC, proxy: Proxy(), se:cdp: ws://localhost:49686/devtoo..., se:cdpVersion: 112.0.5615.137, setWindowRect: true, strictFileInteractability: false, timeouts: {implicit: 0, pageLoad: 300000, script: 30000}, unhandledPromptBehavior: dismiss and notify, webauthn:extension:credBlob: true, webauthn:extension:largeBlob: true, webauthn:extension:minPinLength: true, webauthn:extension:prf: true, webauthn:virtualAuthenticators: true}
Session ID: 2a0ed74fae97557192455f0522a5586a
at org.openqa.selenium.remote.codec.w3c.W3CHttpResponseCodec.createException(W3CHttpResponseCodec.java:200)
at org.openqa.selenium.remote.codec.w3c.W3CHttpResponseCodec.decode(W3CHttpResponseCodec.java:133)
at org.openqa.selenium.remote.codec.w3c.W3CHttpResponseCodec.decode(W3CHttpResponseCodec.java:53)
at org.openqa.selenium.remote.HttpCommandExecutor.execute(HttpCommandExecutor.java:184)
at org.openqa.selenium.remote.service.DriverCommandExecutor.invokeExecute(DriverCommandExecutor.java:167)
at org.openqa.selenium.remote.service.DriverCommandExecutor.execute(DriverCommandExecutor.java:142)
at org.openqa.selenium.remote.RemoteWebDriver.execute(RemoteWebDriver.java:543)
at org.openqa.selenium.remote.ElementLocation$ElementFinder$2.findElement(ElementLocation.java:162)
at org.openqa.selenium.remote.ElementLocation.findElement(ElementLocation.java:60)
at org.openqa.selenium.remote.RemoteWebDriver.findElement(RemoteWebDriver.java:367)
at org.openqa.selenium.remote.RemoteWebDriver.findElement(RemoteWebDriver.java:359)
at org.openqa.selenium.support.pagefactory.DefaultElementLocator.findElement(DefaultElementLocator.java:70)
at org.openqa.selenium.support.pagefactory.internal.LocatingElementHandler.invoke(LocatingElementHandler.java:39)
at jdk.proxy2/jdk.proxy2.$Proxy22.sendKeys(Unknown Source)
at com.playexch.module.PlayexchTennisPage.getPlayexchStakeValue(PlayexchTennisPage.java:209)
at com.playexch.sportsbook.TennisBackUnmatchedTC.backBetPlace(TennisBackUnmatchedTC.java:66)
at java.base/java.util.ArrayList.forEach(ArrayList.java:1511)
... Removed 31 stack frames]]>
    </failure>
  </testcase> <!-- backBetPlace -->
  <testcase classname="com.playexch.sportsbook.TennisBackUnmatchedTC" name="verifyBetPlacedUnmatched" time="0.0">
    <skipped/>
  </testcase> <!-- verifyBetPlacedUnmatched -->
  <testcase classname="com.playexch.sportsbook.TennisBackUnmatchedTC" name="getProfileInfoAfterPlaceBet" time="0.0">
    <skipped/>
  </testcase> <!-- getProfileInfoAfterPlaceBet -->
  <testcase classname="com.playexch.sportsbook.TennisBackUnmatchedTC" name="getProfileInfoAfterCancelUnmatched" time="0.0">
    <skipped/>
  </testcase> <!-- getProfileInfoAfterCancelUnmatched -->
  <testcase classname="com.playexch.sportsbook.TennisBackUnmatchedTC" name="VerifyAllBetPlaceInfo" time="0.0">
    <skipped/>
  </testcase> <!-- VerifyAllBetPlaceInfo -->
  <testcase classname="com.playexch.sportsbook.TennisBackUnmatchedTC" name="verifyNetExposure" time="0.0">
    <skipped/>
  </testcase> <!-- verifyNetExposure -->
  <testcase classname="com.playexch.sportsbook.TennisBackMatchedTC" name="verifyMatchesAvailable" time="20.192"/>
  <testcase classname="com.playexch.sportsbook.TennisBackMatchedTC" name="getProfileInfoBeforePlaceBet" time="3.229"/>
  <testcase classname="com.playexch.sportsbook.TennisBackMatchedTC" name="backBetPlace" time="52.386">
    <failure type="org.openqa.selenium.NoSuchElementException" message="no such element: Unable to locate element: {&amp;quot;method&amp;quot;:&amp;quot;xpath&amp;quot;,&amp;quot;selector&amp;quot;:&amp;quot;(//input[@type=&amp;apos;text&amp;apos;])[5]&amp;quot;}
  (Session info: chrome=112.0.5615.137)
For documentation on this error, please visit: https://selenium.dev/exceptions/#no_such_element
Build info: version: &amp;apos;4.1.1&amp;apos;, revision: &amp;apos;e8fcc2cecf&amp;apos;
System info: host: &amp;apos;Admins-MacBook-Air.local&amp;apos;, ip: &amp;apos;fe80:0:0:0:8ab:ca66:83f9:db2%en0&amp;apos;, os.name: &amp;apos;Mac OS X&amp;apos;, os.arch: &amp;apos;x86_64&amp;apos;, os.version: &amp;apos;13.2.1&amp;apos;, java.version: &amp;apos;17.0.5&amp;apos;
Driver info: org.openqa.selenium.chrome.ChromeDriver
Command: [2a0ed74fae97557192455f0522a5586a, findElement {using=xpath, value=(//input[@type=&amp;apos;text&amp;apos;])[5]}]
Capabilities {acceptInsecureCerts: false, browserName: chrome, browserVersion: 112.0.5615.137, chrome: {chromedriverVersion: 112.0.5615.49 (bd2a7bcb881c..., userDataDir: /var/folders/_l/cndz3rc16s7...}, goog:chromeOptions: {debuggerAddress: localhost:49686}, javascriptEnabled: true, networkConnectionEnabled: false, pageLoadStrategy: normal, platform: MAC, platformName: MAC, proxy: Proxy(), se:cdp: ws://localhost:49686/devtoo..., se:cdpVersion: 112.0.5615.137, setWindowRect: true, strictFileInteractability: false, timeouts: {implicit: 0, pageLoad: 300000, script: 30000}, unhandledPromptBehavior: dismiss and notify, webauthn:extension:credBlob: true, webauthn:extension:largeBlob: true, webauthn:extension:minPinLength: true, webauthn:extension:prf: true, webauthn:virtualAuthenticators: true}
Session ID: 2a0ed74fae97557192455f0522a5586a">
      <![CDATA[org.openqa.selenium.NoSuchElementException: no such element: Unable to locate element: {"method":"xpath","selector":"(//input[@type='text'])[5]"}
  (Session info: chrome=112.0.5615.137)
For documentation on this error, please visit: https://selenium.dev/exceptions/#no_such_element
Build info: version: '4.1.1', revision: 'e8fcc2cecf'
System info: host: 'Admins-MacBook-Air.local', ip: 'fe80:0:0:0:8ab:ca66:83f9:db2%en0', os.name: 'Mac OS X', os.arch: 'x86_64', os.version: '13.2.1', java.version: '17.0.5'
Driver info: org.openqa.selenium.chrome.ChromeDriver
Command: [2a0ed74fae97557192455f0522a5586a, findElement {using=xpath, value=(//input[@type='text'])[5]}]
Capabilities {acceptInsecureCerts: false, browserName: chrome, browserVersion: 112.0.5615.137, chrome: {chromedriverVersion: 112.0.5615.49 (bd2a7bcb881c..., userDataDir: /var/folders/_l/cndz3rc16s7...}, goog:chromeOptions: {debuggerAddress: localhost:49686}, javascriptEnabled: true, networkConnectionEnabled: false, pageLoadStrategy: normal, platform: MAC, platformName: MAC, proxy: Proxy(), se:cdp: ws://localhost:49686/devtoo..., se:cdpVersion: 112.0.5615.137, setWindowRect: true, strictFileInteractability: false, timeouts: {implicit: 0, pageLoad: 300000, script: 30000}, unhandledPromptBehavior: dismiss and notify, webauthn:extension:credBlob: true, webauthn:extension:largeBlob: true, webauthn:extension:minPinLength: true, webauthn:extension:prf: true, webauthn:virtualAuthenticators: true}
Session ID: 2a0ed74fae97557192455f0522a5586a
at org.openqa.selenium.remote.codec.w3c.W3CHttpResponseCodec.createException(W3CHttpResponseCodec.java:200)
at org.openqa.selenium.remote.codec.w3c.W3CHttpResponseCodec.decode(W3CHttpResponseCodec.java:133)
at org.openqa.selenium.remote.codec.w3c.W3CHttpResponseCodec.decode(W3CHttpResponseCodec.java:53)
at org.openqa.selenium.remote.HttpCommandExecutor.execute(HttpCommandExecutor.java:184)
at org.openqa.selenium.remote.service.DriverCommandExecutor.invokeExecute(DriverCommandExecutor.java:167)
at org.openqa.selenium.remote.service.DriverCommandExecutor.execute(DriverCommandExecutor.java:142)
at org.openqa.selenium.remote.RemoteWebDriver.execute(RemoteWebDriver.java:543)
at org.openqa.selenium.remote.ElementLocation$ElementFinder$2.findElement(ElementLocation.java:162)
at org.openqa.selenium.remote.ElementLocation.findElement(ElementLocation.java:60)
at org.openqa.selenium.remote.RemoteWebDriver.findElement(RemoteWebDriver.java:367)
at org.openqa.selenium.remote.RemoteWebDriver.findElement(RemoteWebDriver.java:359)
at org.openqa.selenium.support.pagefactory.DefaultElementLocator.findElement(DefaultElementLocator.java:70)
at org.openqa.selenium.support.pagefactory.internal.LocatingElementHandler.invoke(LocatingElementHandler.java:39)
at jdk.proxy2/jdk.proxy2.$Proxy22.sendKeys(Unknown Source)
at com.playexch.module.PlayexchTennisPage.getPlayexchStakeValue(PlayexchTennisPage.java:209)
at com.playexch.sportsbook.TennisBackMatchedTC.backBetPlace(TennisBackMatchedTC.java:65)
at java.base/java.util.ArrayList.forEach(ArrayList.java:1511)
... Removed 31 stack frames]]>
    </failure>
  </testcase> <!-- backBetPlace -->
  <testcase classname="com.playexch.sportsbook.TennisBackMatchedTC" name="verifyBetPlacedUnmatched" time="0.0">
    <skipped/>
  </testcase> <!-- verifyBetPlacedUnmatched -->
  <testcase classname="com.playexch.sportsbook.TennisBackMatchedTC" name="verifyBetPlacedMatched" time="0.0">
    <skipped/>
  </testcase> <!-- verifyBetPlacedMatched -->
  <testcase classname="com.playexch.sportsbook.TennisBackMatchedTC" name="getProfileInfoAfterPlaceBet" time="0.0">
    <skipped/>
  </testcase> <!-- getProfileInfoAfterPlaceBet -->
  <testcase classname="com.playexch.sportsbook.TennisBackMatchedTC" name="VerifyAllBetPlaceInfo" time="0.0">
    <skipped/>
  </testcase> <!-- VerifyAllBetPlaceInfo -->
  <testcase classname="com.playexch.sportsbook.TennisBackMatchedTC" name="verifyNetExposure" time="0.0">
    <skipped/>
  </testcase> <!-- verifyNetExposure -->
  <testcase classname="com.playexch.sportsbook.TennisLayMatchedTC" name="verifyMatchesAvailable" time="20.147"/>
  <testcase classname="com.playexch.sportsbook.TennisLayMatchedTC" name="getProfileInfoBeforePlaceBet" time="3.273"/>
  <testcase classname="com.playexch.sportsbook.TennisLayMatchedTC" name="layBetPlace" time="52.485">
    <failure type="org.openqa.selenium.NoSuchElementException" message="no such element: Unable to locate element: {&amp;quot;method&amp;quot;:&amp;quot;xpath&amp;quot;,&amp;quot;selector&amp;quot;:&amp;quot;(//input[@type=&amp;apos;text&amp;apos;])[5]&amp;quot;}
  (Session info: chrome=112.0.5615.137)
For documentation on this error, please visit: https://selenium.dev/exceptions/#no_such_element
Build info: version: &amp;apos;4.1.1&amp;apos;, revision: &amp;apos;e8fcc2cecf&amp;apos;
System info: host: &amp;apos;Admins-MacBook-Air.local&amp;apos;, ip: &amp;apos;fe80:0:0:0:8ab:ca66:83f9:db2%en0&amp;apos;, os.name: &amp;apos;Mac OS X&amp;apos;, os.arch: &amp;apos;x86_64&amp;apos;, os.version: &amp;apos;13.2.1&amp;apos;, java.version: &amp;apos;17.0.5&amp;apos;
Driver info: org.openqa.selenium.chrome.ChromeDriver
Command: [2a0ed74fae97557192455f0522a5586a, findElement {using=xpath, value=(//input[@type=&amp;apos;text&amp;apos;])[5]}]
Capabilities {acceptInsecureCerts: false, browserName: chrome, browserVersion: 112.0.5615.137, chrome: {chromedriverVersion: 112.0.5615.49 (bd2a7bcb881c..., userDataDir: /var/folders/_l/cndz3rc16s7...}, goog:chromeOptions: {debuggerAddress: localhost:49686}, javascriptEnabled: true, networkConnectionEnabled: false, pageLoadStrategy: normal, platform: MAC, platformName: MAC, proxy: Proxy(), se:cdp: ws://localhost:49686/devtoo..., se:cdpVersion: 112.0.5615.137, setWindowRect: true, strictFileInteractability: false, timeouts: {implicit: 0, pageLoad: 300000, script: 30000}, unhandledPromptBehavior: dismiss and notify, webauthn:extension:credBlob: true, webauthn:extension:largeBlob: true, webauthn:extension:minPinLength: true, webauthn:extension:prf: true, webauthn:virtualAuthenticators: true}
Session ID: 2a0ed74fae97557192455f0522a5586a">
      <![CDATA[org.openqa.selenium.NoSuchElementException: no such element: Unable to locate element: {"method":"xpath","selector":"(//input[@type='text'])[5]"}
  (Session info: chrome=112.0.5615.137)
For documentation on this error, please visit: https://selenium.dev/exceptions/#no_such_element
Build info: version: '4.1.1', revision: 'e8fcc2cecf'
System info: host: 'Admins-MacBook-Air.local', ip: 'fe80:0:0:0:8ab:ca66:83f9:db2%en0', os.name: 'Mac OS X', os.arch: 'x86_64', os.version: '13.2.1', java.version: '17.0.5'
Driver info: org.openqa.selenium.chrome.ChromeDriver
Command: [2a0ed74fae97557192455f0522a5586a, findElement {using=xpath, value=(//input[@type='text'])[5]}]
Capabilities {acceptInsecureCerts: false, browserName: chrome, browserVersion: 112.0.5615.137, chrome: {chromedriverVersion: 112.0.5615.49 (bd2a7bcb881c..., userDataDir: /var/folders/_l/cndz3rc16s7...}, goog:chromeOptions: {debuggerAddress: localhost:49686}, javascriptEnabled: true, networkConnectionEnabled: false, pageLoadStrategy: normal, platform: MAC, platformName: MAC, proxy: Proxy(), se:cdp: ws://localhost:49686/devtoo..., se:cdpVersion: 112.0.5615.137, setWindowRect: true, strictFileInteractability: false, timeouts: {implicit: 0, pageLoad: 300000, script: 30000}, unhandledPromptBehavior: dismiss and notify, webauthn:extension:credBlob: true, webauthn:extension:largeBlob: true, webauthn:extension:minPinLength: true, webauthn:extension:prf: true, webauthn:virtualAuthenticators: true}
Session ID: 2a0ed74fae97557192455f0522a5586a
at org.openqa.selenium.remote.codec.w3c.W3CHttpResponseCodec.createException(W3CHttpResponseCodec.java:200)
at org.openqa.selenium.remote.codec.w3c.W3CHttpResponseCodec.decode(W3CHttpResponseCodec.java:133)
at org.openqa.selenium.remote.codec.w3c.W3CHttpResponseCodec.decode(W3CHttpResponseCodec.java:53)
at org.openqa.selenium.remote.HttpCommandExecutor.execute(HttpCommandExecutor.java:184)
at org.openqa.selenium.remote.service.DriverCommandExecutor.invokeExecute(DriverCommandExecutor.java:167)
at org.openqa.selenium.remote.service.DriverCommandExecutor.execute(DriverCommandExecutor.java:142)
at org.openqa.selenium.remote.RemoteWebDriver.execute(RemoteWebDriver.java:543)
at org.openqa.selenium.remote.ElementLocation$ElementFinder$2.findElement(ElementLocation.java:162)
at org.openqa.selenium.remote.ElementLocation.findElement(ElementLocation.java:60)
at org.openqa.selenium.remote.RemoteWebDriver.findElement(RemoteWebDriver.java:367)
at org.openqa.selenium.remote.RemoteWebDriver.findElement(RemoteWebDriver.java:359)
at org.openqa.selenium.support.pagefactory.DefaultElementLocator.findElement(DefaultElementLocator.java:70)
at org.openqa.selenium.support.pagefactory.internal.LocatingElementHandler.invoke(LocatingElementHandler.java:39)
at jdk.proxy2/jdk.proxy2.$Proxy22.sendKeys(Unknown Source)
at com.playexch.module.PlayexchTennisPage.getPlayexchStakeValue(PlayexchTennisPage.java:209)
at com.playexch.sportsbook.TennisLayMatchedTC.layBetPlace(TennisLayMatchedTC.java:65)
at java.base/java.util.ArrayList.forEach(ArrayList.java:1511)
... Removed 31 stack frames]]>
    </failure>
  </testcase> <!-- layBetPlace -->
  <testcase classname="com.playexch.sportsbook.TennisLayMatchedTC" name="verifyBetPlacedUnmatched" time="0.0">
    <skipped/>
  </testcase> <!-- verifyBetPlacedUnmatched -->
  <testcase classname="com.playexch.sportsbook.TennisLayMatchedTC" name="verifyBetPlacedMatched" time="0.0">
    <skipped/>
  </testcase> <!-- verifyBetPlacedMatched -->
  <testcase classname="com.playexch.sportsbook.TennisLayMatchedTC" name="getProfileInfoAfterPlaceBet" time="0.0">
    <skipped/>
  </testcase> <!-- getProfileInfoAfterPlaceBet -->
  <testcase classname="com.playexch.sportsbook.TennisLayMatchedTC" name="VerifyAllBetPlaceInfo" time="0.0">
    <skipped/>
  </testcase> <!-- VerifyAllBetPlaceInfo -->
  <testcase classname="com.playexch.sportsbook.TennisLayMatchedTC" name="verifyNetExposure" time="0.0">
    <skipped/>
  </testcase> <!-- verifyNetExposure -->
  <testcase classname="com.playexch.sportsbook.TennisLayMatchedTC" name="logOutToWeb" time="0.283"/>
  <testcase classname="com.playexch.testlibrary.BaseTest" name="@AfterSuite tearDown" time="0.0">
    <ignored/>
  </testcase> <!-- @AfterSuite tearDown -->
  <testcase classname="com.playexch.testlibrary.BaseTest" name="@BeforeSuite initializeBrowser" time="0.0">
    <ignored/>
  </testcase> <!-- @BeforeSuite initializeBrowser -->
  <testcase classname="com.playexch.testlibrary.BaseTest" name="@AfterSuite setEmail" time="0.0">
    <ignored/>
  </testcase> <!-- @AfterSuite setEmail -->
  <testcase classname="com.playexch.testlibrary.BaseTest" name="@BeforeSuite initializeBrowser" time="0.0">
    <ignored/>
  </testcase> <!-- @BeforeSuite initializeBrowser -->
  <testcase classname="com.playexch.testlibrary.BaseTest" name="@AfterSuite tearDown" time="0.0">
    <ignored/>
  </testcase> <!-- @AfterSuite tearDown -->
  <testcase classname="com.playexch.testlibrary.BaseTest" name="@AfterSuite tearDown" time="0.0">
    <ignored/>
  </testcase> <!-- @AfterSuite tearDown -->
  <testcase classname="com.playexch.testlibrary.BaseTest" name="@BeforeSuite initializeBrowser" time="0.0">
    <ignored/>
  </testcase> <!-- @BeforeSuite initializeBrowser -->
  <testcase classname="com.playexch.testlibrary.BaseTest" name="@BeforeTest beforeTest" time="0.0">
    <ignored/>
  </testcase> <!-- @BeforeTest beforeTest -->
  <testcase classname="com.playexch.sportsbook.CricketBackMatchedTC" name="loginToWeb" time="0.0">
    <ignored/>
  </testcase> <!-- loginToWeb -->
  <testcase classname="com.playexch.sportsbook.SoccerLayMatchedTC" name="loginToWeb" time="0.0">
    <ignored/>
  </testcase> <!-- loginToWeb -->
  <testcase classname="com.playexch.testlibrary.BaseTest" name="@BeforeTest beforeTest" time="0.0">
    <ignored/>
  </testcase> <!-- @BeforeTest beforeTest -->
  <testcase classname="com.playexch.testlibrary.BaseTest" name="@BeforeTest beforeTest" time="0.0">
    <ignored/>
  </testcase> <!-- @BeforeTest beforeTest -->
  <testcase classname="com.playexch.testlibrary.BaseTest" name="@AfterTest afterTest" time="0.0">
    <ignored/>
  </testcase> <!-- @AfterTest afterTest -->
  <testcase classname="com.playexch.testlibrary.BaseTest" name="@AfterSuite setEmail" time="0.0">
    <ignored/>
  </testcase> <!-- @AfterSuite setEmail -->
  <testcase classname="com.playexch.testlibrary.BaseTest" name="@AfterSuite setEmail" time="0.0">
    <ignored/>
  </testcase> <!-- @AfterSuite setEmail -->
  <testcase classname="com.playexch.testlibrary.BaseTest" name="@AfterSuite setEmail" time="0.0">
    <ignored/>
  </testcase> <!-- @AfterSuite setEmail -->
  <testcase classname="com.playexch.testlibrary.BaseTest" name="@AfterSuite tearDown" time="0.0">
    <ignored/>
  </testcase> <!-- @AfterSuite tearDown -->
  <testcase classname="com.playexch.testlibrary.BaseTest" name="@AfterSuite tearDown" time="0.0">
    <ignored/>
  </testcase> <!-- @AfterSuite tearDown -->
  <testcase classname="com.playexch.sportsbook.SoccerBackMatchedTC" name="loginToWeb" time="0.0">
    <ignored/>
  </testcase> <!-- loginToWeb -->
  <testcase classname="com.playexch.sportsbook.SoccerBackMatchedTC" name="logOutToWeb" time="0.0">
    <ignored/>
  </testcase> <!-- logOutToWeb -->
  <testcase classname="com.playexch.testlibrary.BaseTest" name="@AfterSuite tearDown" time="0.0">
    <ignored/>
  </testcase> <!-- @AfterSuite tearDown -->
  <testcase classname="com.playexch.testlibrary.BaseTest" name="@BeforeTest beforeTest" time="0.0">
    <ignored/>
  </testcase> <!-- @BeforeTest beforeTest -->
  <testcase classname="com.playexch.sportsbook.CricketLayMatchedTC" name="loginToWeb" time="0.0">
    <ignored/>
  </testcase> <!-- loginToWeb -->
  <testcase classname="com.playexch.testlibrary.BaseTest" name="@AfterSuite setEmail" time="0.0">
    <ignored/>
  </testcase> <!-- @AfterSuite setEmail -->
  <testcase classname="com.playexch.testlibrary.BaseTest" name="@BeforeSuite initializeBrowser" time="0.0">
    <ignored/>
  </testcase> <!-- @BeforeSuite initializeBrowser -->
  <testcase classname="com.playexch.sportsbook.CricketBackUnmatchedTC" name="logOutToWeb" time="0.0">
    <ignored/>
  </testcase> <!-- logOutToWeb -->
  <testcase classname="com.playexch.testlibrary.BaseTest" name="@AfterTest afterTest" time="0.0">
    <ignored/>
  </testcase> <!-- @AfterTest afterTest -->
  <testcase classname="com.playexch.testlibrary.BaseTest" name="@BeforeTest beforeTest" time="0.0">
    <ignored/>
  </testcase> <!-- @BeforeTest beforeTest -->
  <testcase classname="com.playexch.sportsbook.TennisBackUnmatchedTC" name="loginToWeb" time="0.0">
    <ignored/>
  </testcase> <!-- loginToWeb -->
  <testcase classname="com.playexch.testlibrary.BaseTest" name="@BeforeSuite initializeBrowser" time="0.0">
    <ignored/>
  </testcase> <!-- @BeforeSuite initializeBrowser -->
  <testcase classname="com.playexch.testlibrary.BaseTest" name="@BeforeSuite initializeBrowser" time="0.0">
    <ignored/>
  </testcase> <!-- @BeforeSuite initializeBrowser -->
  <testcase classname="com.playexch.testlibrary.BaseTest" name="@AfterTest afterTest" time="0.0">
    <ignored/>
  </testcase> <!-- @AfterTest afterTest -->
  <testcase classname="com.playexch.testlibrary.BaseTest" name="@AfterSuite tearDown" time="0.0">
    <ignored/>
  </testcase> <!-- @AfterSuite tearDown -->
  <testcase classname="com.playexch.sportsbook.TennisLayUnmatchedTC" name="logOutToWeb" time="0.0">
    <ignored/>
  </testcase> <!-- logOutToWeb -->
  <testcase classname="com.playexch.testlibrary.BaseTest" name="@AfterSuite setEmail" time="0.0">
    <ignored/>
  </testcase> <!-- @AfterSuite setEmail -->
  <testcase classname="com.playexch.testlibrary.BaseTest" name="@AfterSuite tearDown" time="0.0">
    <ignored/>
  </testcase> <!-- @AfterSuite tearDown -->
  <testcase classname="com.playexch.testlibrary.BaseTest" name="@BeforeSuite initializeBrowser" time="0.0">
    <ignored/>
  </testcase> <!-- @BeforeSuite initializeBrowser -->
  <testcase classname="com.playexch.testlibrary.BaseTest" name="@AfterSuite setEmail" time="0.0">
    <ignored/>
  </testcase> <!-- @AfterSuite setEmail -->
  <testcase classname="com.playexch.testlibrary.BaseTest" name="@AfterSuite setEmail" time="0.0">
    <ignored/>
  </testcase> <!-- @AfterSuite setEmail -->
  <testcase classname="com.playexch.testlibrary.BaseTest" name="@BeforeTest beforeTest" time="0.0">
    <ignored/>
  </testcase> <!-- @BeforeTest beforeTest -->
  <testcase classname="com.playexch.testclass.LoginTestCases" name="logOutToWeb" time="0.0">
    <ignored/>
  </testcase> <!-- logOutToWeb -->
  <testcase classname="com.playexch.sportsbook.CricketBackMatchedTC" name="logOutToWeb" time="0.0">
    <ignored/>
  </testcase> <!-- logOutToWeb -->
  <testcase classname="com.playexch.sportsbook.CricketLayUnmatchedTC" name="loginToWeb" time="0.0">
    <ignored/>
  </testcase> <!-- loginToWeb -->
  <testcase classname="com.playexch.testlibrary.BaseTest" name="@AfterSuite tearDown" time="0.0">
    <ignored/>
  </testcase> <!-- @AfterSuite tearDown -->
  <testcase classname="com.playexch.sportsbook.TennisLayMatchedTC" name="loginToWeb" time="0.0">
    <ignored/>
  </testcase> <!-- loginToWeb -->
  <testcase classname="com.playexch.testlibrary.BaseTest" name="@BeforeSuite initializeBrowser" time="0.0">
    <ignored/>
  </testcase> <!-- @BeforeSuite initializeBrowser -->
  <testcase classname="com.playexch.testlibrary.BaseTest" name="@AfterSuite setEmail" time="0.0">
    <ignored/>
  </testcase> <!-- @AfterSuite setEmail -->
  <testcase classname="com.playexch.sportsbook.CricketBackUnmatchedTC" name="loginToWeb" time="0.0">
    <ignored/>
  </testcase> <!-- loginToWeb -->
  <testcase classname="com.playexch.testlibrary.BaseTest" name="@AfterTest afterTest" time="0.0">
    <ignored/>
  </testcase> <!-- @AfterTest afterTest -->
  <testcase classname="com.playexch.testlibrary.BaseTest" name="@BeforeTest beforeTest" time="0.0">
    <ignored/>
  </testcase> <!-- @BeforeTest beforeTest -->
  <testcase classname="com.playexch.sportsbook.SoccerBackUnmatchedTC" name="loginToWeb" time="0.0">
    <ignored/>
  </testcase> <!-- loginToWeb -->
  <testcase classname="com.playexch.testlibrary.BaseTest" name="@AfterTest afterTest" time="0.0">
    <ignored/>
  </testcase> <!-- @AfterTest afterTest -->
  <testcase classname="com.playexch.testlibrary.BaseTest" name="@BeforeTest beforeTest" time="0.0">
    <ignored/>
  </testcase> <!-- @BeforeTest beforeTest -->
  <testcase classname="com.playexch.sportsbook.TennisBackMatchedTC" name="loginToWeb" time="0.0">
    <ignored/>
  </testcase> <!-- loginToWeb -->
  <testcase classname="com.playexch.testlibrary.BaseTest" name="@BeforeTest beforeTest" time="0.0">
    <ignored/>
  </testcase> <!-- @BeforeTest beforeTest -->
  <testcase classname="com.playexch.testlibrary.BaseTest" name="@AfterTest afterTest" time="0.0">
    <ignored/>
  </testcase> <!-- @AfterTest afterTest -->
  <testcase classname="com.playexch.sportsbook.CricketLayMatchedTC" name="logOutToWeb" time="0.0">
    <ignored/>
  </testcase> <!-- logOutToWeb -->
  <testcase classname="com.playexch.sportsbook.SoccerLayMatchedTC" name="logOutToWeb" time="0.0">
    <ignored/>
  </testcase> <!-- logOutToWeb -->
  <testcase classname="com.playexch.sportsbook.TennisBackUnmatchedTC" name="logOutToWeb" time="0.0">
    <ignored/>
  </testcase> <!-- logOutToWeb -->
  <testcase classname="com.playexch.testlibrary.BaseTest" name="@AfterTest afterTest" time="0.0">
    <ignored/>
  </testcase> <!-- @AfterTest afterTest -->
  <testcase classname="com.playexch.sportsbook.CricketLayUnmatchedTC" name="logOutToWeb" time="0.0">
    <ignored/>
  </testcase> <!-- logOutToWeb -->
  <testcase classname="com.playexch.testlibrary.BaseTest" name="@BeforeSuite initializeBrowser" time="0.0">
    <ignored/>
  </testcase> <!-- @BeforeSuite initializeBrowser -->
  <testcase classname="com.playexch.sportsbook.SoccerLayUnmatchedTC" name="loginToWeb" time="0.0">
    <ignored/>
  </testcase> <!-- loginToWeb -->
  <testcase classname="com.playexch.testlibrary.BaseTest" name="@AfterTest afterTest" time="0.0">
    <ignored/>
  </testcase> <!-- @AfterTest afterTest -->
  <testcase classname="com.playexch.testlibrary.BaseTest" name="@AfterSuite setEmail" time="0.0">
    <ignored/>
  </testcase> <!-- @AfterSuite setEmail -->
  <testcase classname="com.playexch.testlibrary.BaseTest" name="@AfterSuite setEmail" time="0.0">
    <ignored/>
  </testcase> <!-- @AfterSuite setEmail -->
  <testcase classname="com.playexch.testlibrary.BaseTest" name="@BeforeSuite initializeBrowser" time="0.0">
    <ignored/>
  </testcase> <!-- @BeforeSuite initializeBrowser -->
  <testcase classname="com.playexch.testlibrary.BaseTest" name="@AfterTest afterTest" time="0.0">
    <ignored/>
  </testcase> <!-- @AfterTest afterTest -->
  <testcase classname="com.playexch.testlibrary.BaseTest" name="@BeforeSuite initializeBrowser" time="0.0">
    <ignored/>
  </testcase> <!-- @BeforeSuite initializeBrowser -->
  <testcase classname="com.playexch.testlibrary.BaseTest" name="@BeforeTest beforeTest" time="0.0">
    <ignored/>
  </testcase> <!-- @BeforeTest beforeTest -->
  <testcase classname="com.playexch.testlibrary.BaseTest" name="@BeforeTest beforeTest" time="0.0">
    <ignored/>
  </testcase> <!-- @BeforeTest beforeTest -->
  <testcase classname="com.playexch.sportsbook.SoccerLayUnmatchedTC" name="logOutToWeb" time="0.0">
    <ignored/>
  </testcase> <!-- logOutToWeb -->
  <testcase classname="com.playexch.testlibrary.BaseTest" name="@AfterTest afterTest" time="0.0">
    <ignored/>
  </testcase> <!-- @AfterTest afterTest -->
  <testcase classname="com.playexch.sportsbook.SoccerBackUnmatchedTC" name="logOutToWeb" time="0.0">
    <ignored/>
  </testcase> <!-- logOutToWeb -->
  <testcase classname="com.playexch.sportsbook.TennisLayUnmatchedTC" name="loginToWeb" time="0.0">
    <ignored/>
  </testcase> <!-- loginToWeb -->
  <testcase classname="com.playexch.testlibrary.BaseTest" name="@AfterSuite tearDown" time="0.0">
    <ignored/>
  </testcase> <!-- @AfterSuite tearDown -->
  <testcase classname="com.playexch.testlibrary.BaseTest" name="@AfterTest afterTest" time="0.0">
    <ignored/>
  </testcase> <!-- @AfterTest afterTest -->
  <testcase classname="com.playexch.testlibrary.BaseTest" name="@BeforeSuite initializeBrowser" time="0.0">
    <ignored/>
  </testcase> <!-- @BeforeSuite initializeBrowser -->
  <testcase classname="com.playexch.sportsbook.TennisBackMatchedTC" name="logOutToWeb" time="0.0">
    <ignored/>
  </testcase> <!-- logOutToWeb -->
  <testcase classname="com.playexch.testlibrary.BaseTest" name="@AfterTest afterTest" time="0.0">
    <ignored/>
  </testcase> <!-- @AfterTest afterTest -->
  <testcase classname="com.playexch.testlibrary.BaseTest" name="@AfterSuite tearDown" time="0.0">
    <ignored/>
  </testcase> <!-- @AfterSuite tearDown -->
  <testcase classname="com.playexch.testlibrary.BaseTest" name="@BeforeTest beforeTest" time="0.0">
    <ignored/>
  </testcase> <!-- @BeforeTest beforeTest -->
  <testcase classname="com.playexch.testlibrary.BaseTest" name="@AfterSuite setEmail" time="0.0">
    <ignored/>
  </testcase> <!-- @AfterSuite setEmail -->
  <testcase classname="com.playexch.testlibrary.BaseTest" name="@AfterSuite tearDown" time="0.0">
    <ignored/>
  </testcase> <!-- @AfterSuite tearDown -->
</testsuite> <!-- Test -->
